19:23:38| finished reading file
19:23:39| Padmé Amidala
19:23:39| Kit Fisto
19:23:39| Poggle the Lesser
19:23:39| Ki-Adi-Mundi
19:23:39| R5-D4
19:23:39| Sly Moore
19:23:39| Wicket Systri Warrick
19:23:39| Leia Organa
19:23:39| Wedge Antilles
19:23:39| R2-D2
19:23:39| Shaak Ti
19:23:39| Grievous
19:23:39| Adi Gallia
19:23:39| Ayla Secura
19:23:39| Saesee Tiin
19:23:39| Mace Windu
19:23:39| Tarfful
19:23:39| R4-P17
19:23:39| Eeth Koth
19:23:40| Palpatine
19:23:40| Luminara Unduli
19:23:40| Wat Tambor
19:23:40| Dooku
19:23:40| Tion Medon
19:23:40| Darth Vader
19:23:40| Wilhuff Tarkin
19:23:40| Luke Skywalker
19:23:40| Raymus Antilles
19:23:40| Beru Whitesun lars
19:23:40| Owen Lars
19:23:40| Plo Koon
19:23:40| Yoda
19:23:40| Nute Gunray
19:23:40| Obi-Wan Kenobi
19:23:40| Chewbacca
19:23:40| Anakin Skywalker
19:23:40| Bail Prestor Organa
19:23:40| C-3PO
19:23:40| Time to process all URLS = 2.08886020
