19:26:08| finished reading file
19:26:09| Shaak Ti
19:26:09| R5-D4
19:26:09| Ki-Adi-Mundi
19:26:09| Leia Organa
19:26:09| Padmé Amidala
19:26:09| Grievous
19:26:09| Wedge Antilles
19:26:09| Wicket Systri Warrick
19:26:09| Sly Moore
19:26:09| Mace Windu
19:26:09| Poggle the Lesser
19:26:09| Ayla Secura
19:26:09| R2-D2
19:26:09| Adi Gallia
19:26:09| Kit Fisto
19:26:09| Saesee Tiin
19:26:09| R4-P17
19:26:09| Luke Skywalker
19:26:09| Tarfful
19:26:09| Eeth Koth
19:26:09| Palpatine
19:26:09| Darth Vader
19:26:09| Wat Tambor
19:26:09| Beru Whitesun lars
19:26:09| Luminara Unduli
19:26:09| Tion Medon
19:26:09| Chewbacca
19:26:09| Wilhuff Tarkin
19:26:09| Raymus Antilles
19:26:09| Dooku
19:26:10| C-3PO
19:26:10| Yoda
19:26:10| Owen Lars
19:26:10| Nute Gunray
19:26:10| Obi-Wan Kenobi
19:26:10| Bail Prestor Organa
19:26:10| Anakin Skywalker
19:26:10| Plo Koon
19:26:10| Time to process all URLS = 2.12172810
