19:23:50| finished reading file
19:23:51| R5-D4
19:23:51| Kit Fisto
19:23:51| Wedge Antilles
19:23:51| Grievous
19:23:51| Padmé Amidala
19:23:51| Shaak Ti
19:23:51| R2-D2
19:23:51| Wicket Systri Warrick
19:23:51| Ki-Adi-Mundi
19:23:51| Leia Organa
19:23:51| R4-P17
19:23:51| Tarfful
19:23:51| Saesee Tiin
19:23:51| Ayla Secura
19:23:51| Poggle the Lesser
19:23:51| Adi Gallia
19:23:51| Sly Moore
19:23:51| Mace Windu
19:23:51| Eeth Koth
19:23:51| Darth Vader
19:23:51| Wat Tambor
19:23:51| Tion Medon
19:23:51| Luke Skywalker
19:23:51| Wilhuff Tarkin
19:23:51| Palpatine
19:23:51| Yoda
19:23:51| Beru Whitesun lars
19:23:51| Raymus Antilles
19:23:51| Anakin Skywalker
19:23:51| Chewbacca
19:23:51| Dooku
19:23:51| Luminara Unduli
19:23:51| Owen Lars
19:23:51| C-3PO
19:23:51| Nute Gunray
19:23:51| Bail Prestor Organa
19:23:51| Obi-Wan Kenobi
19:23:51| Plo Koon
19:23:51| Time to process all URLS = 1.14134280
