14:15:58| finished reading file
14:15:59| Ki-Adi-Mundi
14:15:59| Wicket Systri Warrick
14:15:59| Wedge Antilles
14:15:59| Padmé Amidala
14:16:00| Leia Organa
14:16:00| Shaak Ti
14:16:00| R5-D4
14:16:00| Grievous
14:16:01| Kit Fisto
14:16:01| R2-D2
14:16:01| Poggle the Lesser
14:16:01| Sly Moore
14:16:02| Ayla Secura
14:16:02| Adi Gallia
14:16:02| Saesee Tiin
14:16:02| Mace Windu
14:16:03| R4-P17
14:16:03| Tarfful
14:16:03| Eeth Koth
14:16:03| Darth Vader
14:16:04| Palpatine
14:16:04| Wat Tambor
14:16:05| Tion Medon
14:16:05| Luke Skywalker
14:16:06| Wilhuff Tarkin
14:16:06| Dooku
14:16:06| Chewbacca
14:16:06| Luminara Unduli
14:16:07| Beru Whitesun lars
14:16:07| Raymus Antilles
14:16:07| Owen Lars
14:16:07| Yoda
14:16:08| C-3PO
14:16:08| Anakin Skywalker
14:16:08| Plo Koon
14:16:08| Nute Gunray
14:16:09| Obi-Wan Kenobi
14:16:09| Bail Prestor Organa
14:16:09| Time to process all URLS = 10.25439360
