14:15:37| finished reading file
14:15:38| Wicket Systri Warrick
14:15:38| Wedge Antilles
14:15:38| Padmé Amidala
14:15:38| Ki-Adi-Mundi
14:15:39| Shaak Ti
14:15:39| Leia Organa
14:15:39| Grievous
14:15:39| R5-D4
14:15:40| Sly Moore
14:15:40| Poggle the Lesser
14:15:40| R2-D2
14:15:40| Kit Fisto
14:15:41| Saesee Tiin
14:15:41| Mace Windu
14:15:41| Adi Gallia
14:15:41| Ayla Secura
14:15:42| R4-P17
14:15:42| Darth Vader
14:15:42| Eeth Koth
14:15:42| Tarfful
14:15:43| Wat Tambor
14:15:43| Palpatine
14:15:43| Luke Skywalker
14:15:43| Tion Medon
14:15:44| Luminara Unduli
14:15:44| Dooku
14:15:44| Chewbacca
14:15:44| Wilhuff Tarkin
14:15:45| Raymus Antilles
14:15:45| Yoda
14:15:45| Beru Whitesun lars
14:15:45| Owen Lars
14:15:46| C-3PO
14:15:46| Plo Koon
14:15:46| Anakin Skywalker
14:15:46| Nute Gunray
14:15:47| Bail Prestor Organa
14:15:47| Obi-Wan Kenobi
14:15:47| Time to process all URLS = 10.23801510
