10:40:09| Marble count     = 1000
10:40:09| Marble delay     = 0.01
10:40:09| Marbles in a bag = 7
10:40:09| Bagger delay     = 0.05
10:40:09| Assembler delay  = 0.05
10:40:09| Wrapper delay    = 0.05
10:40:09| Create the processes
10:40:09| Starting the processes
10:40:09| Waiting for processes to finish
10:40:26| Contents of {filename}
10:40:26| Created - 10:40:10.718443: Large marble: Big Joe, marbles: Royal Red, Brown, Gold, Venetian Red, Golden Yellow, Maximum Violet, Blue Bell
10:40:26| Created - 10:40:10.824259: Large marble: Sure Shot, marbles: Purple, Lemon Lime, Light Orchid, Orange Soda, Middle Green, Safety Yellow, Ruby
10:40:26| Created - 10:40:10.933584: Large marble: Big Joe, marbles: Gold, Granny Smith Apple, Lavender Blue, Blue-Green, Arylide Yellow, Black Coral, Lavender Blue
10:40:26| Created - 10:40:11.040894: Large marble: Hercules, marbles: Mulberry, Venetian Red, Mango Tango, Gold, Almond, Silver Chalice, Blue-Green
10:40:26| Created - 10:40:11.151186: Large marble: Spinner, marbles: Orange Peel, Lumber, Spanish Orange, Middle Green, Honeydew, Royal Orange, Orange Soda
10:40:26| Created - 10:40:11.259943: Large marble: Spinner, marbles: Mango Tango, Beaver, Middle Red Purple, Maximum Violet, Thulian Pink, Royal Orange, Lilac Luster
10:40:26| Created - 10:40:11.369622: Large marble: Winner, marbles: Liver Chestnut, Pale Cerulean, Lumber, Gold, Ivory, Spanish Pink, Lilac Luster
10:40:26| Created - 10:40:11.475846: Large marble: Big Joe, marbles: Ivory, Candy Pink, Pastel Blue, Blue, Spanish Orange, Venetian Red, Pastel Blue
10:40:26| Created - 10:40:11.582601: Large marble: Big Joe, marbles: Maximum Violet, Ivory, Mode Beige, Almond, Maximum Violet, Maximum Purple, Green
10:40:26| Created - 10:40:11.692883: Large marble: Apollo, marbles: Brown, Eerie Black, Spanish Orange, Maximum Violet, White Smoke, Neon Dark Green, Slate Blue
10:40:26| Created - 10:40:11.798651: Large marble: Lucky, marbles: Neon Dark Green, La Salle Green, Pale Taupe, Sage, Mint Green, Silver Pink, Maximum Blue
10:40:26| Created - 10:40:11.905560: Large marble: Big Joe, marbles: Slate Blue, Sheen Green, Maximum Purple, Sage, Pale Goldenrod, Antique Bronze, Auburn
10:40:26| Created - 10:40:12.013986: Large marble: Zeus, marbles: Light Orchid, La Salle Green, Ruby, Isabelline, Black Coral, Cobalt Blue, Shandy
10:40:26| Created - 10:40:12.125713: Large marble: Zeus, marbles: Pastel Gray, White Smoke, Spanish Orange, Middle Red Purple, Thulian Pink, Light Orange, Bistre Brown
10:40:26| Created - 10:40:12.230849: Large marble: Winner, marbles: Orange Soda, Auburn, Golden Yellow, Sage, Isabelline, Neon Pink, Spanish Carmine
10:40:26| Created - 10:40:12.339049: Large marble: Hercules, marbles: Green, Dark Fuchsia, Spanish Pink, Gold, Lumber, Royal Orange, Blue-Green
10:40:26| Created - 10:40:12.448498: Large marble: Zeus, marbles: Antique Bronze, Arylide Yellow, Indigo, Neon Pink, Platinum, Beaver, White Smoke
10:40:26| Created - 10:40:12.557617: Large marble: Spinner, marbles: Gold, Cotton Candy, Pastel Gray, Silver Pink, Terra Cotta, Royal Blue, Blue Bell
10:40:26| Created - 10:40:12.666020: Large marble: Hercules, marbles: Ruby, Purple, Mint Green, Spanish Pink, Brown, Sage, Outrageous Orange
10:40:26| Created - 10:40:12.775935: Large marble: Spinner, marbles: Gold, Emerald, Terra Cotta, Blue, Purple Plum, Purple, Arylide Yellow
10:40:26| Created - 10:40:12.881655: Large marble: Zeus, marbles: Beaver, Light Orange, Spanish Orange, Maximum Blue, Orange Soda, Bistre Brown, Beaver
10:40:26| Created - 10:40:12.993471: Large marble: 5-Star, marbles: Royal Orange, Orange Soda, Candy Pink, Orange Soda, Ruby, White Smoke, Blue
10:40:26| Created - 10:40:13.099759: Large marble: Winner, marbles: Safety Yellow, Arylide Yellow, Neon Dark Green, Neon Pink, Orange Soda, Sheen Green, Slate Blue
10:40:26| Created - 10:40:13.209009: Large marble: Big Joe, marbles: Tuscan Brown, Gold, Eerie Black, Pale Plum, Almond, Lemon Lime, Middle Green Yellow
10:40:26| Created - 10:40:13.320397: Large marble: 5-Star, marbles: Chinese Red, Cobalt Blue, Green, Candy Pink, Dark Fuchsia, Chinese Red, Maximum Blue
10:40:26| Created - 10:40:13.425263: Large marble: Zeus, marbles: Royal Orange, Blue, Bistre Brown, Maximum Blue, Zomp, Shandy, Dark Fuchsia
10:40:26| Created - 10:40:13.532881: Large marble: Lucky, marbles: Neon Silver, Green, Orange Soda, Tuscan Brown, Ruby, Brink Pink, Spanish Carmine
10:40:26| Created - 10:40:13.642221: Large marble: Lucky, marbles: Outrageous Orange, Pale Plum, Eerie Black, Neon Dark Green, Neon Pink, Dark Moss Green, Arylide Yellow
10:40:26| Created - 10:40:13.751774: Large marble: Apollo, marbles: Antique Bronze, Spanish Pink, Rose Dust, Thulian Pink, Gold, Vegas Gold, Lemon Lime
10:40:26| Created - 10:40:13.859959: Large marble: Zeus, marbles: Platinum, Antique Bronze, Mimi Pink, Pastel Gray, Almond, Dark Fuchsia, Stop Red
10:40:26| Created - 10:40:13.969609: Large marble: Zeus, marbles: Bistre Brown, Isabelline, Middle Green Yellow, Orange Soda, Light Orange, Bistre Brown, Cobalt Blue
10:40:26| Created - 10:40:14.077695: Large marble: Big Joe, marbles: Venetian Red, Pale Goldenrod, Blue-Green, Orange Peel, Maximum Blue, Ivory, Antique Bronze
10:40:26| Created - 10:40:14.185100: Large marble: Winner, marbles: Pastel Blue, Silver Pink, Light Orchid, Zomp, Blue-Green, Neon Silver, Royal Orange
10:40:26| Created - 10:40:14.294546: Large marble: Spinner, marbles: Orange Soda, Golden Yellow, Icterine, Middle Green Yellow, Cotton Candy, Duke Blue, Neon Silver
10:40:26| Created - 10:40:14.402190: Large marble: Zeus, marbles: Dark Moss Green, Neon Pink, Brown, Granny Smith Apple, Sheen Green, Platinum, Outrageous Orange
10:40:26| Created - 10:40:14.511809: Large marble: Big Joe, marbles: Neon Silver, Platinum, Ruby, Pale Goldenrod, Mimi Pink, Pale Taupe, Orange Peel
10:40:26| Created - 10:40:14.621858: Large marble: Sure Shot, marbles: Slate Blue, Icterine, Dark Fuchsia, Chinese Red, Royal Red, Liver Chestnut, Middle Green
10:40:26| Created - 10:40:14.729498: Large marble: Hercules, marbles: Sage, Isabelline, Isabelline, Neon Silver, Spanish Orange, Sage, Beaver
10:40:26| Created - 10:40:14.840629: Large marble: Lucky, marbles: Spanish Orange, Antique Bronze, Mode Beige, Mango Tango, Isabelline, Blue, Indigo
10:40:26| Created - 10:40:14.948050: Large marble: Zeus, marbles: Safety Yellow, Lavender Blue, Auburn, Mango Tango, Purple Plum, Purple, Lilac Luster
10:40:26| Created - 10:40:15.056156: Large marble: Apollo, marbles: Middle Green, Middle Red Purple, White Smoke, Safety Yellow, Light Orange, Orange Peel, Fiery Rose
10:40:26| Created - 10:40:15.168676: Large marble: Apollo, marbles: Rose Dust, Mimi Pink, Spanish Orange, Middle Red Purple, Fiery Rose, Isabelline, Almond
10:40:26| Created - 10:40:15.274592: Large marble: Apollo, marbles: Royal Red, Purple, Light Orchid, Green, Mode Beige, Pale Plum, Mango Tango
10:40:26| Created - 10:40:15.383578: Large marble: Winner, marbles: Pale Taupe, Thulian Pink, Lavender Purple, Indigo, Purple Plum, Royal Blue, Icterine
10:40:26| Created - 10:40:15.491086: Large marble: Hercules, marbles: Royal Blue, Isabelline, Shandy, Cobalt Blue, Light Orange, Spanish Carmine, Candy Pink
10:40:26| Created - 10:40:15.600137: Large marble: Zeus, marbles: Pale Plum, Zomp, Pale Cerulean, Spanish Carmine, Russian Violet, Pale Cerulean, Eerie Black
10:40:26| Created - 10:40:15.708453: Large marble: Lucky, marbles: Fiery Rose, Blue, Lilac Luster, Terra Cotta, Maximum Violet, Spanish Orange, Thulian Pink
10:40:26| Created - 10:40:15.817437: Large marble: 5-Star, marbles: Light Orange, Gold, La Salle Green, Lilac Luster, Tuscan Brown, Pastel Blue, Orange Peel
10:40:26| Created - 10:40:15.931159: Large marble: Winner, marbles: Silver Pink, Brown, Orange Soda, Eerie Black, Ruby, Middle Green, Spanish Carmine
10:40:26| Created - 10:40:16.036620: Large marble: Sure Shot, marbles: Orange Peel, Sheen Green, Russian Green, Emerald, Arylide Yellow, Blue, Lilac Luster
10:40:26| Created - 10:40:16.148290: Large marble: Spinner, marbles: Dark Fuchsia, Blue-Green, Granny Smith Apple, Purple, Rose Dust, Icterine, Auburn
10:40:26| Created - 10:40:16.251859: Large marble: Sure Shot, marbles: White Smoke, Royal Red, Maximum Blue, Orange Soda, Cotton Candy, Pale Taupe, Cotton Candy
10:40:26| Created - 10:40:16.359704: Large marble: Lucky, marbles: Fiery Rose, Gold, Eerie Black, Lavender Purple, Rose Quartz, Lumber, Maximum Violet
10:40:26| Created - 10:40:16.470118: Large marble: Lucky, marbles: Purple Plum, Pale Goldenrod, Spanish Carmine, Pale Goldenrod, Light Orchid, Chinese Red, Mulberry
10:40:26| Created - 10:40:16.575885: Large marble: Apollo, marbles: Antique Bronze, Granny Smith Apple, Purple Plum, Green, Gold, Lumber, Duke Blue
10:40:26| Created - 10:40:16.686490: Large marble: Hercules, marbles: Mango Tango, Honeydew, Middle Red Purple, Spanish Carmine, Antique Brass, Safety Yellow, Mulberry
10:40:26| Created - 10:40:16.792954: Large marble: 5-Star, marbles: Rose Quartz, Pale Goldenrod, Neon Silver, Middle Green Yellow, Pale Taupe, Brown, Orange Peel
10:40:26| Created - 10:40:16.901606: Large marble: 5-Star, marbles: Neon Silver, Honeydew, Neon Silver, Rose Quartz, Purple, Emerald, Antique Bronze
10:40:26| Created - 10:40:17.010671: Large marble: 5-Star, marbles: Dark Fuchsia, Mimi Pink, Pastel Blue, Beaver, Russian Violet, Lumber, Liver Chestnut
10:40:26| Created - 10:40:17.116916: Large marble: Zeus, marbles: Mango Tango, Russian Violet, Pale Cerulean, Pale Goldenrod, Middle Red Purple, Chinese Red, Orange Soda
10:40:26| Created - 10:40:17.228458: Large marble: Hercules, marbles: Dark Moss Green, Middle Red Purple, Dark Moss Green, Blue, Silver Chalice, Granny Smith Apple, Shandy
10:40:26| Created - 10:40:17.332693: Large marble: Winner, marbles: Isabelline, Brink Pink, Orange Soda, Brink Pink, Orange Soda, Stop Red, Pale Cerulean
10:40:26| Created - 10:40:17.443228: Large marble: Hercules, marbles: Emerald, Thulian Pink, Zomp, Slate Blue, Blue, Cobalt Blue, Maximum Violet
10:40:26| Created - 10:40:17.549272: Large marble: Zeus, marbles: Middle Green, Silver Chalice, Lemon Lime, Mango Tango, Spanish Carmine, Neon Silver, Spanish Carmine
10:40:26| Created - 10:40:17.656148: Large marble: Sure Shot, marbles: Cobalt Blue, Rose Quartz, Zomp, Spanish Orange, Terra Cotta, Almond, Venetian Red
10:40:26| Created - 10:40:17.766564: Large marble: Sure Shot, marbles: Rose Dust, Stop Red, Pale Plum, Antique Brass, Maximum Violet, Russian Green, Lilac Luster
10:40:26| Created - 10:40:17.871821: Large marble: Sure Shot, marbles: Terra Cotta, Fiery Rose, Chinese Red, Lumber, Gold, Lilac Luster, Neon Silver
10:40:26| Created - 10:40:17.980785: Large marble: Hercules, marbles: Royal Blue, Antique Bronze, Russian Violet, Chinese Red, La Salle Green, Ivory, Rose Quartz
10:40:26| Created - 10:40:18.091029: Large marble: Zeus, marbles: Middle Green, Almond, Silver Pink, Middle Green, Rose Dust, Middle Green Yellow, Almond
10:40:26| Created - 10:40:18.194890: Large marble: Apollo, marbles: Gold, Eerie Black, Gold, Gold, Orange Soda, Stop Red, Green
10:40:26| Created - 10:40:18.304321: Large marble: Lucky, marbles: Purple, Beaver, Mint Green, Candy Pink, Rose Dust, Pastel Blue, Terra Cotta
10:40:26| Created - 10:40:18.410295: Large marble: 5-Star, marbles: Cobalt Blue, Cotton Candy, Eerie Black, Blue Bell, Arylide Yellow, Neon Silver, Mint Cream
10:40:26| Created - 10:40:18.519640: Large marble: Zeus, marbles: Mulberry, Fiery Rose, Orange Peel, Granny Smith Apple, Pale Goldenrod, Orange Peel, Dark Fuchsia
10:40:26| Created - 10:40:18.626581: Large marble: Hercules, marbles: Blue-Green, Royal Red, Orange Peel, Honeydew, Emerald, Maximum Violet, Silver Pink
10:40:26| Created - 10:40:18.733694: Large marble: Zeus, marbles: Royal Blue, Shandy, Mode Beige, Middle Red Purple, Gold, Thulian Pink, Vegas Gold
10:40:26| Created - 10:40:18.845407: Large marble: Big Joe, marbles: Candy Pink, Orange Soda, White Smoke, Golden Yellow, Tuscan Brown, Pale Taupe, Light Orange
10:40:26| Created - 10:40:18.951622: Large marble: Hercules, marbles: Safety Yellow, White Smoke, Purple Plum, Light Orange, Pale Goldenrod, Thulian Pink, Royal Orange
10:40:26| Created - 10:40:19.062682: Large marble: Lucky, marbles: Dark Fuchsia, Blue, Tuscan Brown, Beaver, Pastel Gray, Maximum Violet, Pale Plum
10:40:26| Created - 10:40:19.172178: Large marble: Winner, marbles: Pastel Gray, Fiery Rose, Zomp, Cotton Candy, Sage, Golden Yellow, Pale Goldenrod
10:40:26| Created - 10:40:19.278720: Large marble: Hercules, marbles: Mint Cream, Lavender Blue, Cobalt Blue, Middle Green Yellow, Spanish Pink, Middle Red Purple, Middle Green Yellow
10:40:26| Created - 10:40:19.387062: Large marble: Big Joe, marbles: Spanish Pink, Middle Green Yellow, Icterine, Isabelline, Vegas Gold, Spanish Pink, Light Orange
10:40:26| Created - 10:40:19.495150: Large marble: 5-Star, marbles: Golden Yellow, Safety Yellow, Cobalt Blue, Honeydew, Pale Goldenrod, Pale Plum, Russian Green
10:40:26| Created - 10:40:19.604399: Large marble: Spinner, marbles: Rose Dust, Spanish Carmine, Dark Fuchsia, Lemon Lime, Pale Goldenrod, Chinese Red, Outrageous Orange
10:40:26| Created - 10:40:19.712505: Large marble: Apollo, marbles: Duke Blue, Spanish Pink, Blue-Green, Slate Blue, Purple Plum, Silver Pink, Cotton Candy
10:40:26| Created - 10:40:19.821171: Large marble: 5-Star, marbles: Tuscan Brown, Purple Plum, Terra Cotta, Lavender Purple, Pastel Blue, Honeydew, Duke Blue
10:40:26| Created - 10:40:19.931876: Large marble: Apollo, marbles: Light Orange, Terra Cotta, Neon Silver, White Smoke, Orange Peel, Royal Red, Orange Peel
10:40:26| Created - 10:40:20.037746: Large marble: Hercules, marbles: Pastel Gray, Lilac Luster, Neon Pink, Maximum Blue, Cotton Candy, Green, Lavender Blue
10:40:26| Created - 10:40:20.145080: Large marble: Apollo, marbles: Spanish Pink, Sage, Isabelline, Neon Pink, Maximum Violet, Middle Red Purple, Rose Quartz
10:40:26| Created - 10:40:20.252343: Large marble: Zeus, marbles: Beaver, Dark Moss Green, Light Orchid, Chinese Red, Pale Goldenrod, Orange Soda, Mango Tango
10:40:26| Created - 10:40:20.360810: Large marble: Winner, marbles: Brown, Light Orchid, Middle Green, Russian Violet, Lemon Lime, Spanish Orange, Cobalt Blue
10:40:26| Created - 10:40:20.471280: Large marble: Spinner, marbles: Granny Smith Apple, White Smoke, Cobalt Blue, Silver Pink, Maximum Purple, La Salle Green, Pale Taupe
10:40:26| Created - 10:40:20.578605: Large marble: Zeus, marbles: Lemon Lime, Lilac Luster, Mode Beige, Pale Goldenrod, Mango Tango, Neon Pink, Middle Red Purple
10:40:26| Created - 10:40:20.687853: Large marble: Apollo, marbles: Orange Soda, Gold, Mint Cream, Ivory, Sage, Rose Quartz, Orange Soda
10:40:26| Created - 10:40:20.795614: Large marble: Zeus, marbles: Blue, Candy Pink, Lavender Blue, Brown, Rose Quartz, Zomp, Light Orchid
10:40:26| Created - 10:40:20.906269: Large marble: Apollo, marbles: Icterine, Chinese Red, Lilac Luster, Pale Plum, Light Orchid, Green, Lavender Purple
10:40:26| Created - 10:40:21.012855: Large marble: Sure Shot, marbles: Neon Dark Green, Indigo, Royal Blue, Candy Pink, Brown, Silver Chalice, Neon Dark Green
10:40:26| Created - 10:40:21.120009: Large marble: Big Joe, marbles: Beaver, Rose Dust, Lumber, Green, Honeydew, Vegas Gold, Granny Smith Apple
10:40:26| Created - 10:40:21.230762: Large marble: Apollo, marbles: Lilac Luster, Mint Green, Blue Bell, Dark Moss Green, Safety Yellow, Lilac Luster, Middle Green
10:40:26| Created - 10:40:21.336068: Large marble: Apollo, marbles: Golden Yellow, Brown, Maximum Violet, Blue Bell, Bistre Brown, Slate Blue, Mode Beige
10:40:26| Created - 10:40:21.444117: Large marble: Big Joe, marbles: Green, Arylide Yellow, Blue-Green, Sheen Green, Indigo, Outrageous Orange, Dark Moss Green
10:40:26| Created - 10:40:21.552503: Large marble: Big Joe, marbles: Mango Tango, Gold, Neon Dark Green, Pale Goldenrod, Chinese Red, Granny Smith Apple, Cobalt Blue
10:40:26| Created - 10:40:21.661189: Large marble: Zeus, marbles: Sage, Liver Chestnut, Rose Quartz, Terra Cotta, Safety Yellow, Mint Cream, Middle Green Yellow
10:40:26| Created - 10:40:21.769062: Large marble: Zeus, marbles: Neon Dark Green, Sage, Golden Yellow, Emerald, Granny Smith Apple, Gold, Granny Smith Apple
10:40:26| Created - 10:40:21.877552: Large marble: Spinner, marbles: Mode Beige, Gold, Royal Orange, Dark Moss Green, Russian Green, Venetian Red, Mulberry
10:40:26| Created - 10:40:21.988751: Large marble: Winner, marbles: Orange Soda, Neon Pink, La Salle Green, Safety Yellow, Orange Soda, Middle Green Yellow, Middle Green
10:40:26| Created - 10:40:22.096737: Large marble: Lucky, marbles: Ruby, Gold, Vegas Gold, Platinum, Brink Pink, Brown, Middle Red Purple
10:40:26| Created - 10:40:22.203022: Large marble: 5-Star, marbles: Light Orchid, Honeydew, Maximum Violet, Pale Plum, Mint Cream, Sage, Terra Cotta
10:40:26| Created - 10:40:22.314159: Large marble: Hercules, marbles: Rose Quartz, Gold, Slate Blue, Gold, Gold, Terra Cotta, Candy Pink
10:40:26| Created - 10:40:22.419595: Large marble: Hercules, marbles: Orange Peel, Light Orange, Maximum Blue, Cobalt Blue, Neon Pink, Golden Yellow, Light Orange
10:40:26| Created - 10:40:22.531388: Large marble: Hercules, marbles: Middle Green, Bistre Brown, Neon Dark Green, Spanish Pink, Lavender Purple, Antique Brass, Shandy
10:40:26| Created - 10:40:22.635611: Large marble: 5-Star, marbles: White Smoke, Fiery Rose, Platinum, Antique Brass, Spanish Pink, Lavender Purple, Maximum Blue
10:40:26| Created - 10:40:22.744493: Large marble: Big Joe, marbles: Zomp, Candy Pink, Slate Blue, Royal Blue, Orange Peel, Ruby, Emerald
10:40:26| Created - 10:40:22.852087: Large marble: Apollo, marbles: Auburn, Shandy, Orange Peel, Cotton Candy, Slate Blue, Slate Blue, Lavender Purple
10:40:26| Created - 10:40:22.959410: Large marble: Sure Shot, marbles: Thulian Pink, Icterine, Gold, Mango Tango, Fiery Rose, Lavender Blue, Antique Bronze
10:40:26| Created - 10:40:23.069607: Large marble: 5-Star, marbles: Chinese Red, Pastel Gray, Light Orange, Honeydew, Neon Pink, White Smoke, Pale Plum
10:40:26| Created - 10:40:23.179772: Large marble: Hercules, marbles: Middle Green Yellow, Blue-Green, Almond, Outrageous Orange, Beaver, Antique Brass, Pale Cerulean
10:40:26| Created - 10:40:23.287586: Large marble: Zeus, marbles: Neon Dark Green, Indigo, Russian Violet, Pastel Blue, Indigo, Mode Beige, Neon Pink
10:40:26| Created - 10:40:23.396642: Large marble: Spinner, marbles: Venetian Red, Ruby, Pale Cerulean, Granny Smith Apple, Outrageous Orange, Neon Dark Green, Chinese Red
10:40:26| Created - 10:40:23.504370: Large marble: Spinner, marbles: Mint Cream, Dark Moss Green, Arylide Yellow, Spanish Orange, Vegas Gold, Pale Cerulean, Chinese Red
10:40:26| Created - 10:40:23.612098: Large marble: Winner, marbles: Orange Peel, Dark Fuchsia, Lilac Luster, Cobalt Blue, Arylide Yellow, Orange Soda, Light Orchid
10:40:26| Created - 10:40:23.725874: Large marble: Zeus, marbles: Golden Yellow, Russian Green, Lumber, Rose Quartz, Pale Plum, Eerie Black, Maximum Purple
10:40:26| Created - 10:40:23.832288: Large marble: Spinner, marbles: Middle Green Yellow, Antique Bronze, Mango Tango, Eerie Black, Spanish Orange, Cobalt Blue, Blue-Green
10:40:26| Created - 10:40:23.941804: Large marble: Apollo, marbles: Brown, Maximum Blue, Lavender Blue, Antique Brass, Orange Soda, Arylide Yellow, Outrageous Orange
10:40:26| Created - 10:40:24.048437: Large marble: Zeus, marbles: Pastel Gray, Arylide Yellow, Rose Dust, Orange Soda, Zomp, Ivory, Bistre Brown
10:40:26| Created - 10:40:24.158741: Large marble: Apollo, marbles: Thulian Pink, Gold, Neon Dark Green, Chinese Red, Mulberry, Neon Pink, Granny Smith Apple
10:40:26| Created - 10:40:24.268174: Large marble: 5-Star, marbles: Mint Cream, Eerie Black, Mimi Pink, Mango Tango, Spanish Carmine, Mint Cream, Rose Quartz
10:40:26| Created - 10:40:24.372506: Large marble: Apollo, marbles: Dark Moss Green, Purple, Royal Orange, Maximum Blue, Lavender Purple, Duke Blue, Dark Fuchsia
10:40:26| Created - 10:40:24.483662: Large marble: Winner, marbles: Neon Silver, Rose Quartz, Icterine, Antique Bronze, White Smoke, Mimi Pink, Russian Green
10:40:26| Created - 10:40:24.589302: Large marble: Hercules, marbles: Shandy, Neon Dark Green, Honeydew, Thulian Pink, Isabelline, Blue-Green, Spanish Pink
10:40:26| Created - 10:40:24.697365: Large marble: 5-Star, marbles: Platinum, Antique Brass, Pastel Blue, Chinese Red, Auburn, Beaver, Green
10:40:26| Created - 10:40:24.809133: Large marble: Zeus, marbles: Green, Pale Goldenrod, Sheen Green, Mint Green, Lilac Luster, Granny Smith Apple, Gold
10:40:26| Created - 10:40:24.915825: Large marble: Zeus, marbles: Blue-Green, Arylide Yellow, Lemon Lime, Mint Cream, Maximum Blue, Gold, Ruby
10:40:26| Created - 10:40:25.024776: Large marble: 5-Star, marbles: Liver Chestnut, Silver Pink, Slate Blue, Lavender Purple, Spanish Pink, Maximum Violet, Antique Brass
10:40:26| Created - 10:40:25.132092: Large marble: Zeus, marbles: Pale Plum, Mint Green, Bistre Brown, Mulberry, Russian Violet, Safety Yellow, Cobalt Blue
10:40:26| Created - 10:40:25.244086: Large marble: 5-Star, marbles: Pale Taupe, Spanish Orange, Thulian Pink, Mint Green, Neon Dark Green, Royal Blue, Fiery Rose
10:40:26| Created - 10:40:25.350570: Large marble: Apollo, marbles: Pastel Gray, Beaver, Neon Dark Green, Chinese Red, Vegas Gold, Maximum Blue, Venetian Red
10:40:26| Created - 10:40:25.459363: Large marble: Big Joe, marbles: Tuscan Brown, Outrageous Orange, Honeydew, Pale Plum, Neon Pink, Royal Orange, Beaver
10:40:26| Created - 10:40:25.566714: Large marble: Winner, marbles: Ruby, Lilac Luster, Spanish Pink, Golden Yellow, Fiery Rose, Zomp, Light Orange
10:40:26| Created - 10:40:25.676084: Large marble: Sure Shot, marbles: Brink Pink, Spanish Orange, Blue-Green, Beaver, Emerald, La Salle Green, Eerie Black
10:40:26| Created - 10:40:25.784779: Large marble: Spinner, marbles: Indigo, Thulian Pink, Pale Plum, Dark Moss Green, Blue, Black Coral, Mimi Pink
10:40:26| Created - 10:40:25.893897: Large marble: Apollo, marbles: Chinese Red, Maximum Violet, Light Orange, Blue, Maximum Purple, Lumber, Mode Beige
10:40:26| Created - 10:40:26.000663: Large marble: Hercules, marbles: Pastel Gray, Gold, Mango Tango, Granny Smith Apple, Blue-Green, Royal Blue, Green
10:40:26| Total gifts created: 142
10:40:26| Total time = 17.20229730
