14:39:10| Marble count     = 100
14:39:10| Marble delay     = 0.01
14:39:10| Marbles in a bag = 7
14:39:10| Bagger delay     = 0.05
14:39:10| Assembler delay  = 0.05
14:39:10| Wrapper delay    = 0.05
14:39:10| Create the processes
14:39:10| Starting the processes
14:39:10| Waiting for processes to finish
14:39:14| Contents of boxes.txt
14:39:15| Created - 14:39:12.506988: Large marble: Lucky, marbles: Icterine, Pale Plum, Mulberry, Lilac Luster, Silver Chalice, Neon Dark Green, Mango Tango
14:39:15| Created - 14:39:12.639712: Large marble: Zeus, marbles: Middle Green, Pale Plum, Shandy, Russian Violet, Liver Chestnut, Cobalt Blue, Beaver
14:39:15| Created - 14:39:12.779386: Large marble: Winner, marbles: Auburn, Chinese Red, Candy Pink, Russian Green, Chinese Red, Pale Goldenrod, Venetian Red
14:39:15| Created - 14:39:12.911456: Large marble: Spinner, marbles: White Smoke, Outrageous Orange, Cobalt Blue, Cotton Candy, Dark Moss Green, Liver Chestnut, Dark Fuchsia
14:39:15| Created - 14:39:13.025167: Large marble: 5-Star, marbles: Auburn, Orange Peel, Pale Cerulean, Maximum Violet, Lavender Purple, Mango Tango, Silver Chalice
14:39:15| Created - 14:39:13.133206: Large marble: Winner, marbles: Golden Yellow, Gold, Light Orange, Tuscan Brown, Middle Green Yellow, Thulian Pink, White Smoke
14:39:15| Created - 14:39:13.258632: Large marble: Sure Shot, marbles: Lilac Luster, Bistre Brown, Ruby, Gold, Maximum Blue, Pale Cerulean, Purple Plum
14:39:15| Created - 14:39:13.399171: Large marble: 5-Star, marbles: Cotton Candy, Brink Pink, Middle Green, Silver Pink, Cobalt Blue, Fiery Rose, Platinum
14:39:15| Created - 14:39:13.537754: Large marble: Big Joe, marbles: Sage, Ivory, Maximum Violet, Zomp, Pale Taupe, Auburn, Chinese Red
14:39:15| Created - 14:39:13.661163: Large marble: 5-Star, marbles: Dark Fuchsia, Cotton Candy, Neon Pink, Pastel Blue, Chinese Red, Pale Goldenrod, Russian Violet
14:39:15| Created - 14:39:13.793545: Large marble: Apollo, marbles: Royal Blue, Middle Green Yellow, Neon Silver, Spanish Pink, Mango Tango, Neon Silver, Blue
14:39:15| Created - 14:39:13.932893: Large marble: Big Joe, marbles: Orange Soda, Russian Green, Pale Goldenrod, Mint Cream, Mode Beige, Brink Pink, Sheen Green
14:39:15| Created - 14:39:14.048274: Large marble: Spinner, marbles: Thulian Pink, Silver Pink, Rose Quartz, Pastel Gray, Candy Pink, Mulberry, Maximum Purple
14:39:15| Created - 14:39:14.191394: Large marble: Sure Shot, marbles: Arylide Yellow, Light Orchid, Maximum Violet, Mint Green, Tuscan Brown, Silver Pink, Light Orange
14:39:15| Total gifts created: 14
14:39:15| Total time = 4.62532750
