14:59:08| 

14:59:08| #############################################
14:59:08| Breadth First Search limit 5: 6 generations
14:59:08| #############################################
14:59:39| 31.22259930
14:59:40| 


14:59:40| ************* TREE DISPLAY *************
14:59:40| Family id: 5002498035
14:59:40|   Husband: Benjamin, 11-10-1983
14:59:40|   Wife: Eleanor, 22-3-2014
14:59:40|   Husband Parents: Owen and Sophia
14:59:40|   Wife Parents: Elijah and Abigail
14:59:40|   Children: Lily, Oliver, Levi, Hazel, Sofia, Avery
14:59:40| Family id: 5004995741
14:59:40|   Husband: Owen, 12-8-1761
14:59:40|   Wife: Sophia, 2-6-1930
14:59:40|   Husband Parents: Joshua and Nora
14:59:40|   Wife Parents: Gabriel and Everly
14:59:40|   Children: Camila, Mia, Nora, David, Mateo, Olivia, Grayson, Benjamin
14:59:40| Family id: 5090569011
14:59:40|   Husband: Elijah, 24-1-1816
14:59:40|   Wife: Abigail, 4-6-1786
14:59:40|   Husband Parents: Liam and Zoey
14:59:40|   Wife Parents: Oliver and Audrey
14:59:40|   Children: Luna, Michael, Hudson, Eleanor
14:59:40| Family id: 4981799549
14:59:40|   Husband: Gabriel, 7-7-1851
14:59:40|   Wife: Everly, 14-2-2017
14:59:40|   Husband Parents: Matthew and Mila
14:59:40|   Wife Parents: Mason and Mila
14:59:40|   Children: Leah, Anthony, Carter, Sophia
14:59:40| Family id: 5093853661
14:59:40|   Husband: Liam, 22-12-1799
14:59:40|   Wife: Zoey, 21-5-1952
14:59:40|   Husband Parents: Alexander and Madison
14:59:40|   Wife Parents: Jack and Aurora
14:59:40|   Children: Dylan, John, James, Lucy, Riley, Lucas, Elijah
14:59:40| Family id: 4866045587
14:59:40|   Husband: Oliver, 30-3-1804
14:59:40|   Wife: Audrey, 9-9-1805
14:59:40|   Husband Parents: Theodore and Aria
14:59:40|   Wife Parents: Theodore and Sofia
14:59:40|   Children: Benjamin, Addison, Julian, Luna, Joseph, Mateo, Asher, Emilia, Abigail
14:59:40| Family id: 5007494567
14:59:40|   Husband: Joshua, 26-10-1921
14:59:40|   Wife: Nora, 20-6-1831
14:59:40|   Husband Parents: Andrew and Layla
14:59:40|   Wife Parents: Carter and Ella
14:59:40|   Children: Christopher, Thomas, Emily, Alexander, Ava, Samuel, Mia, Hudson, Owen
14:59:40| Family id: 4985346823
14:59:40|   Husband: Matthew, 20-4-1946
14:59:40|   Wife: Mila, 10-3-1872
14:59:40|   Husband Parents: Benjamin and Bella
14:59:40|   Wife Parents: Joseph and Everly
14:59:40|   Children: Henry, James, Bella, William, Gabriel
14:59:40| Family id: 5070992141
14:59:40|   Husband: Mason, 9-2-1878
14:59:40|   Wife: Mila, 27-4-2003
14:59:40|   Husband Parents: Jackson and Lillian
14:59:40|   Wife Parents: Jayden and Mila
14:59:40|   Children: Michael, Chloe, Everly
14:59:40| Family id: 4869330877
14:59:40|   Husband: Theodore, 22-7-2012
14:59:40|   Wife: Aria, 22-8-1926
14:59:40|   Husband Parents: Michael and Natalie
14:59:40|   Wife Parents: Jackson and Ellie
14:59:40|   Children: Charlotte, Layla, Everly, Lily, Elijah, Chloe, Penelope, Lily, Oliver
14:59:40| Family id: 5029577335
14:59:40|   Husband: Carter, 24-6-1941
14:59:40|   Wife: Ella, 26-8-1934
14:59:40|   Husband Parents: Jaxon and Emily
14:59:40|   Wife Parents: Henry and Avery
14:59:40|   Children: Luke, Samuel, Mia, Nora
14:59:40| Family id: 5011040833
14:59:40|   Husband: Andrew, 27-9-1853
14:59:40|   Wife: Layla, 20-4-1881
14:59:40|   Husband Parents: William and Sophia
14:59:40|   Wife Parents: Joseph and Madison
14:59:40|   Children: Evelyn, Victoria, Hudson, Eleanor, Mason, Joshua
14:59:40| Family id: 5048835821
14:59:40|   Husband: Jack, 6-5-1943
14:59:40|   Wife: Aurora, 19-3-2011
14:59:40|   Husband Parents: David and Zoey
14:59:40|   Wife Parents: Julian and Riley
14:59:40|   Children: Aria, Zoey, Daniel, Penelope, Zoey, Sophia, Zoey
14:59:40| Family id: 4888907683
14:59:40|   Husband: Theodore, 5-11-1839
14:59:40|   Wife: Sofia, 13-6-2003
14:59:40|   Husband Parents: Carter and Penelope
14:59:40|   Wife Parents: Benjamin and Hannah
14:59:40|   Children: Avery, Lucy, Noah, Audrey
14:59:40| Family id: 5096351463
14:59:40|   Husband: Alexander, 18-7-1798
14:59:40|   Wife: Madison, 5-12-1904
14:59:40|   Husband Parents: Theodore and Zoe
14:59:40|   Wife Parents: Jacob and Mila
14:59:40|   Children: Jayden, Violet, Emma, Liam
14:59:40| Family id: 5033124625
14:59:40|   Husband: Jaxon, 2-12-1824
14:59:40|   Wife: Emily, 23-12-2015
14:59:40|   Husband Parents: Joshua and Amelia
14:59:40|   Wife Parents: Elijah and Lillian
14:59:40|   Children: Gabriel, Ethan, Isaac, Carter
14:59:40| Family id: 5074538967
14:59:40|   Husband: Jackson, 17-11-1993
14:59:40|   Wife: Lillian, 13-9-1909
14:59:40|   Husband Parents: Isaac and Elizabeth
14:59:40|   Wife Parents: Oliver and Elizabeth
14:59:40|   Children: Aria, Noah, Grayson, Liam, Ellie, Carter, Mason
14:59:40| Family id: 4987844641
14:59:40|   Husband: Benjamin, 18-8-1848
14:59:40|   Wife: Bella, 11-6-1936
14:59:40|   Husband Parents: Ezra and Ella
14:59:40|   Wife Parents: Lincoln and Natalie
14:59:40|   Children: Hannah, Everly, Joshua, Benjamin, Anthony, Matthew
14:59:40| Family id: 4871828551
14:59:40|   Husband: Michael, 10-4-1909
14:59:40|   Wife: Natalie, 4-10-1793
14:59:40|   Husband Parents: Matthew and Bella
14:59:40|   Wife Parents: Sebastian and Leah
14:59:40|   Children: Audrey, Amelia, Gabriel, Leah, Everly, Luna, Grace, Thomas, Theodore
14:59:40| Family id: 5082025125
14:59:40|   Husband: Jayden, 1-12-1917
14:59:40|   Wife: Mila, 6-5-1899
14:59:40|   Husband Parents: John and Riley
14:59:40|   Wife Parents: Julian and Lillian
14:59:40|   Children: Chloe, Mia, Mila
14:59:40| Family id: 4880371925
14:59:40|   Husband: Jackson, 11-5-1981
14:59:40|   Wife: Ellie, 7-1-1886
14:59:40|   Husband Parents: James and Olivia
14:59:40|   Wife Parents: Henry and Aurora
14:59:40|   Children: Joseph, Carter, Aria
14:59:40| Family id: 4996388031
14:59:40|   Husband: Joseph, 29-4-1769
14:59:40|   Wife: Everly, 19-1-1872
14:59:40|   Husband Parents: Jack and Everly
14:59:40|   Wife Parents: Wyatt and Elizabeth
14:59:40|   Children: Nora, Oliver, Eleanor, Owen, Eleanor, Gabriel, Oliver, Wyatt, Mila
14:59:40| Family id: 4973518831
14:59:40|   Husband: Henry, 8-11-1924
14:59:40|   Wife: Avery, 13-11-1929
14:59:40|   Husband Parents: Levi and Sofia
14:59:40|   Wife Parents: Joshua and Bella
14:59:40|   Children: William, Jackson, Joseph, Chloe, Asher, Grace, Jaxon, Jackson, Ella
14:59:40| Family id: 5022083065
14:59:40|   Husband: Joseph, 3-7-1897
14:59:40|   Wife: Madison, 2-1-1858
14:59:40|   Husband Parents: Jackson and Aubrey
14:59:40|   Wife Parents: Joshua and Sofia
14:59:40|   Children: Mila, Zoe, Christopher, Jack, Layla
14:59:40| Family id: 5051334583
14:59:40|   Husband: David, 2-6-1906
14:59:40|   Wife: Zoey, 21-10-1836
14:59:40|   Husband Parents: Owen and Lily
14:59:40|   Wife Parents: Carter and Avery
14:59:40|   Children: James, Joseph, Jayden, Ella, Wyatt, Jack
14:59:40| Family id: 4891405389
14:59:40|   Husband: Carter, 24-2-1984
14:59:40|   Wife: Penelope, 23-11-1887
14:59:40|   Husband Parents: Carter and Penelope
14:59:40|   Wife Parents: Lincoln and Hazel
14:59:40|   Children: Eleanor, Michael, Elijah, Isabella, Elijah, Jackson, Luke, Aria, Theodore
14:59:40| Family id: 5059877381
14:59:40|   Husband: Julian, 28-11-1958
14:59:40|   Wife: Riley, 7-11-1836
14:59:40|   Husband Parents: Thomas and Ava
14:59:40|   Wife Parents: Lincoln and Riley
14:59:40|   Children: Grayson, Abigail, Layla, Ellie, Aurora
14:59:40| Family id: 4832839899
14:59:40|   Husband: Benjamin, 15-10-1786
14:59:40|   Wife: Hannah, 5-8-1899
14:59:40|   Husband Parents: Thomas and Avery
14:59:40|   Wife Parents: Grayson and Grace
14:59:40|   Children: Matthew, Charlotte, Christopher, Mila, Luke, Julian, Lucas, Audrey, Sofia
14:59:40| Family id: 5040284191
14:59:40|   Husband: Jacob, 14-12-1886
14:59:40|   Wife: Mila, 7-12-1771
14:59:40|   Husband Parents: Thomas and Willow
14:59:40|   Wife Parents: Jackson and Evelyn
14:59:40|   Children: Leah, Hudson, Avery, Gabriel, Bella, Audrey, Luna, Luna, Madison
14:59:40| Family id: 5013539691
14:59:40|   Husband: William, 18-9-1763
14:59:40|   Wife: Sophia, 14-4-1785
14:59:40|   Husband Parents: Josiah and Zoe
14:59:40|   Wife Parents: Gabriel and Ava
14:59:40|   Children: Luke, Henry, Ellie, Bella, Aubrey, Jayden, Zoey, Andrew
14:59:40| Family id: 5098850177
14:59:40|   Husband: Theodore, 28-4-1831
14:59:40|   Wife: Zoe, 29-12-1834
14:59:40|   Husband Parents: Gabriel and Nora
14:59:40|   Wife Parents: Jacob and Stella
14:59:40|   Children: Harper, Audrey, Lucas, Zoey, Alexander, Alexander
14:59:40| Family id: 4968513595
14:59:40|   Husband: Joshua, 3-9-1856
14:59:40|   Wife: Amelia, 23-6-1763
14:59:40|   Husband Parents: None
14:59:40|   Wife Parents: None
14:59:40|   Children: Elijah, Charlotte, Sophia, Lillian, Jaxon
14:59:40| Family id: 4971019973
14:59:40|   Husband: Elijah, 26-10-1781
14:59:40|   Wife: Lillian, 31-7-1864
14:59:40|   Husband Parents: None
14:59:40|   Wife Parents: None
14:59:40|   Children: Henry, Isabella, Emily, Jacob, Matthew, Camila, Stella, Ella, Emily
14:59:40| Family id: 5077028593
14:59:40|   Husband: Isaac, 20-4-1827
14:59:40|   Wife: Elizabeth, 23-4-1983
14:59:40|   Husband Parents: None
14:59:40|   Wife Parents: None
14:59:40|   Children: Avery, Benjamin, Aiden, Emily, Henry, Logan, Mia, Jacob, Jackson
14:59:40| Family id: 4990342859
14:59:40|   Husband: Ezra, 29-11-1972
14:59:40|   Wife: Ella, 20-4-1870
14:59:40|   Husband Parents: None
14:59:40|   Wife Parents: None
14:59:40|   Children: Michael, Oliver, Hannah, Natalie, Andrew, Thomas, Eleanor, Benjamin
14:59:40| Family id: 5064874441
14:59:40|   Husband: Lincoln, 5-8-1978
14:59:40|   Wife: Riley, 25-3-1924
14:59:40|   Husband Parents: None
14:59:40|   Wife Parents: None
14:59:40|   Children: Leah, Aiden, Aubrey, Mason, Olivia, Eleanor, Sophia, Riley
14:59:40| Family id: 5079527323
14:59:40|   Husband: Oliver, 28-6-1777
14:59:40|   Wife: Elizabeth, 1-9-1802
14:59:40|   Husband Parents: None
14:59:40|   Wife Parents: None
14:59:40|   Children: David, Thomas, Benjamin, Penelope, Ella, Lincoln, Camila, Lillian
14:59:40| Family id: 4992841621
14:59:40|   Husband: Lincoln, 13-6-1762
14:59:40|   Wife: Natalie, 19-6-1794
14:59:40|   Husband Parents: None
14:59:40|   Wife Parents: None
14:59:40|   Children: Matthew, Christopher, Addison, Sebastian, Everly, Jacob, Penelope, Lily, Bella
14:59:40| Family id: 5085572431
14:59:40|   Husband: John, 18-12-1767
14:59:40|   Wife: Riley, 9-10-1764
14:59:40|   Husband Parents: None
14:59:40|   Wife Parents: None
14:59:40|   Children: Liam, Charlotte, Jack, Ella, Andrew, Sofia, Lincoln, Harper, Jayden
14:59:40| Family id: 4874327393
14:59:40|   Husband: Matthew, 12-12-1878
14:59:40|   Wife: Bella, 2-12-1915
14:59:40|   Husband Parents: None
14:59:40|   Wife Parents: None
14:59:40|   Children: Jaxon, Jackson, Noah, Joshua, Michael
14:59:40| Family id: 4877873675
14:59:40|   Husband: Sebastian, 18-9-1785
14:59:40|   Wife: Leah, 17-6-1786
14:59:40|   Husband Parents: None
14:59:40|   Wife Parents: None
14:59:40|   Children: Natalie, Audrey, Sophia, Anthony, Olivia, Charlotte, Natalie
14:59:40| Family id: 5088070249
14:59:40|   Husband: Julian, 23-1-1897
14:59:40|   Wife: Lillian, 25-5-2018
14:59:40|   Husband Parents: None
14:59:40|   Wife Parents: None
14:59:40|   Children: Thomas, Liam, Charlotte, Addison, Mila
14:59:40| Family id: 4882870783
14:59:40|   Husband: James, 22-3-2002
14:59:40|   Wife: Olivia, 16-9-2012
14:59:40|   Husband Parents: None
14:59:40|   Wife Parents: None
14:59:40|   Children: Isaac, Grayson, Emily, Wyatt, Mateo, Wyatt, Jackson
14:59:40| Family id: 4885360281
14:59:40|   Husband: Henry, 21-5-1802
14:59:40|   Wife: Aurora, 24-6-1932
14:59:40|   Husband Parents: None
14:59:40|   Wife Parents: None
14:59:40|   Children: Elizabeth, Madison, Ellie, Joseph, Abigail, Isabella, Chloe, Charlotte, Ellie
14:59:40| Family id: 4998886745
14:59:40|   Husband: Jack, 10-8-1757
14:59:40|   Wife: Everly, 17-9-1790
14:59:40|   Husband Parents: None
14:59:40|   Wife Parents: None
14:59:40|   Children: Aurora, Jayden, Joseph
14:59:40| Family id: 4977065097
14:59:40|   Husband: Levi, 29-3-1894
14:59:40|   Wife: Sofia, 27-6-1921
14:59:40|   Husband Parents: None
14:59:40|   Wife Parents: None
14:59:40|   Children: Evelyn, Madison, Theodore, Emma, Anthony, Ethan, James, Audrey, Henry
14:59:40| Family id: 5068493411
14:59:40|   Husband: Wyatt, 13-2-1762
14:59:40|   Wife: Elizabeth, 21-3-1842
14:59:40|   Husband Parents: None
14:59:40|   Wife Parents: None
14:59:40|   Children: Logan, Asher, Theodore, Owen, Leah, Mia, Emma, Everly
14:59:40| Family id: 4979301715
14:59:40|   Husband: Joshua, 5-5-1938
14:59:40|   Wife: Bella, 10-12-1867
14:59:40|   Husband Parents: None
14:59:40|   Wife Parents: None
14:59:40|   Children: Chloe, Anthony, Aubrey, Aria, Avery
14:59:40| Family id: 5027079597
14:59:40|   Husband: Joshua, 5-12-1943
14:59:40|   Wife: Sofia, 17-5-1893
14:59:40|   Husband Parents: None
14:59:40|   Wife Parents: None
14:59:40|   Children: Logan, Elijah, Aiden, John, Madison
14:59:40| Family id: 5024580739
14:59:40|   Husband: Jackson, 7-12-2005
14:59:40|   Wife: Aubrey, 27-4-1806
14:59:40|   Husband Parents: None
14:59:40|   Wife Parents: None
14:59:40|   Children: Everly, Evelyn, Charlotte, Alexander, Jack, Jackson, Joseph
14:59:40| Family id: 5056331131
14:59:40|   Husband: Carter, 1-12-1974
14:59:40|   Wife: Avery, 24-7-1793
14:59:40|   Husband Parents: None
14:59:40|   Wife Parents: None
14:59:40|   Children: Jackson, Jack, Zoey
14:59:40| Family id: 5062376239
14:59:40|   Husband: Thomas, 24-11-1993
14:59:40|   Wife: Ava, 3-10-1851
14:59:40|   Husband Parents: None
14:59:40|   Wife Parents: None
14:59:40|   Children: Chloe, Asher, Levi, Avery, Andrew, Julian
14:59:40| Family id: 4896401969
14:59:40|   Husband: Lincoln, 23-5-1898
14:59:40|   Wife: Hazel, 4-2-1910
14:59:40|   Husband Parents: None
14:59:40|   Wife Parents: None
14:59:40|   Children: Elijah, Alexander, Gabriel, Leah, Elizabeth, Emma, Penelope
14:59:40| Family id: 4835338725
14:59:40|   Husband: Thomas, 25-7-1863
14:59:40|   Wife: Avery, 16-11-1915
14:59:40|   Husband Parents: None
14:59:40|   Wife Parents: None
14:59:40|   Children: Camila, Asher, Michael, Isaac, Joseph, Violet, Lincoln, Benjamin
14:59:40| Family id: 4837836431
14:59:40|   Husband: Grayson, 19-5-1840
14:59:40|   Wife: Grace, 11-3-1900
14:59:40|   Husband Parents: None
14:59:40|   Wife Parents: None
14:59:40|   Children: Hudson, Elijah, Wyatt, Hazel, Jacob, Bella, Hannah
14:59:40| Family id: 5045281219
14:59:40|   Husband: Jackson, 7-2-1856
14:59:40|   Wife: Evelyn, 11-2-1927
14:59:40|   Husband Parents: None
14:59:40|   Wife Parents: None
14:59:40|   Children: Charlotte, Anthony, Hannah, Mila, Mila
14:59:40| Family id: 5018535647
14:59:40|   Husband: Gabriel, 8-11-1784
14:59:40|   Wife: Ava, 1-8-2013
14:59:40|   Husband Parents: None
14:59:40|   Wife Parents: None
14:59:40|   Children: Ezra, Ezra, Sofia, John, Chloe, Nora, Sophia
14:59:40| Family id: 5042783033
14:59:40|   Husband: Thomas, 8-10-1799
14:59:40|   Wife: Willow, 26-5-1972
14:59:40|   Husband Parents: None
14:59:40|   Wife Parents: None
14:59:40|   Children: Levi, Grace, Benjamin, Hannah, Victoria, Jackson, Charlotte, Jacob
14:59:40| Family id: 5034239147
14:59:40|   Husband: Gabriel, 21-5-1924
14:59:40|   Wife: Nora, 10-8-2007
14:59:40|   Husband Parents: None
14:59:40|   Wife Parents: None
14:59:40|   Children: Aiden, Andrew, Leah, Violet, Jacob, Owen, Theodore
14:59:40| Family id: 5037786485
14:59:40|   Husband: Jacob, 16-4-1802
14:59:40|   Wife: Stella, 29-7-1821
14:59:40|   Husband Parents: None
14:59:40|   Wife Parents: None
14:59:40|   Children: Thomas, Noah, Mila, Ezra, James, Zoe
14:59:40| Family id: 5053832273
14:59:40|   Husband: Owen, 10-9-1828
14:59:40|   Wife: Lily, 14-8-1915
14:59:40|   Husband Parents: None
14:59:40|   Wife Parents: None
14:59:40|   Children: Ellie, Leah, Lily, Jacob, Joseph, David
14:59:40| Family id: 4893904151
14:59:40|   Husband: Carter, 4-11-1768
14:59:40|   Wife: Penelope, 28-3-1778
14:59:40|   Husband Parents: None
14:59:40|   Wife Parents: None
14:59:40|   Children: Abigail, Owen, Lily, Jacob, Henry, Luna, Carter
14:59:40| Family id: 5016037429
14:59:40|   Husband: Josiah, 16-9-1901
14:59:40|   Wife: Zoe, 9-10-1938
14:59:40|   Husband Parents: None
14:59:40|   Wife Parents: None
14:59:40|   Children: Aiden, Mateo, William
14:59:40| 
14:59:40| Number of people                    : 475
14:59:40| Number of families                  : 63
14:59:40| Max generations                     : 6
14:59:40| People connected to starting family : 475
14:59:40| 
14:59:40| total_time                    : 31.22260
14:59:40| Generations                   : 6
14:59:40| People % Families / second    : 17.23111
14:59:40| 
14:59:40| STATS        Retrieved | Server details
14:59:40| People  :          475 |            475
14:59:40| Families:           63 |             63
14:59:40| API Calls            : 540
14:59:40| Max number of threads: 5
