19:49:42| Starting to retrieve data from the server
19:49:44| Title       : Revenge Of The Sith
19:49:44| Director    : George Lucas
19:49:44| Producer    : Rick Mccallum
19:49:44| Release_Date: 2005-05-19
19:49:44| 
19:49:44| Characters: 34
19:49:45| Adi Gallia, Anakin Skywalker, Ayla Secura, Bail Prestor Organa, Beru Whitesun Lars, C-3Po, Chewbacca, Darth Vader, Dooku, Eeth Koth, Grievous, Ki-Adi-Mundi, Kit Fisto, Leia Organa, Luke Skywalker, Luminara Unduli, Mace Windu, Nute Gunray, Obi-Wan Kenobi, Owen Lars, Padmé Amidala, Palpatine, Plo Koon, Poggle The Lesser, R2-D2, R4-P17, Raymus Antilles, Saesee Tiin, Shaak Ti, Sly Moore, Tarfful, Tion Medon, Wilhuff Tarkin, Yoda
19:49:45| 
19:49:45| Planets: 13
19:49:47| Alderaan, Cato Neimoidia, Coruscant, Dagobah, Felucia, Kashyyyk, Mustafar, Mygeeto, Naboo, Polis Massa, Saleucami, Tatooine, Utapau
19:49:47| 
19:49:47| Starships: 12
19:49:48| Arc-170, Banking Clan Frigte, Belbullab-22 Starfighter, Cr90 Corvette, Droid Control Ship, Jedi Interceptor, Jedi Starfighter, Naboo Star Skiff, Republic Attack Cruiser, Theta-Class T-2C Shuttle, Trade Federation Cruiser, V-Wing
19:49:48| 
19:49:48| Vehicles: 13
19:49:49| At-Rt, At-Te, Clone Turbo Tank, Corporate Alliance Tank Droid, Droid Gunship, Droid Tri-Fighter, Emergency Firespeeder, Laat/I, Neimoidian Shuttle, Oevvaor Jet Catamaran, Raddaugh Gnasp Fluttercraft, Tsmeu-6 Personal Wheel Bike, Vulture Droid
19:49:49| 
19:49:49| Species: 20
19:49:50| Cerean, Chagrian, Clawdite, Droid, Geonosian, Human, Iktotchi, Kaleesh, Kel Dor, Mirialan, Muun, Pau An, Quermian, Skakoan, Tholothian, Togruta, Toong, Twi Lek, Wookie, Yoda Species
19:49:50| 
19:49:50| Total Time To complete = 7.32028200
19:49:50| There were 94 calls to the server
