11:22:19| --------------------------------------------------------------------------------
11:22:19| Primes: 0
11:22:19|  
11:22:19| --------------------------------------------------------------------------------
11:22:19| Words: 0
11:22:19|  
11:22:19| --------------------------------------------------------------------------------
11:22:19| Uppercase: 0
11:22:19|  
11:22:19| --------------------------------------------------------------------------------
11:22:19| Sums: 0
11:22:19|  
11:22:19| --------------------------------------------------------------------------------
11:22:19| Names: 0
11:22:19|  
11:22:19| Number of Primes tasks: 0
11:22:19| Number of Words tasks: 0
11:22:19| Number of Uppercase tasks: 0
11:22:19| Number of Sums tasks: 0
11:22:19| Number of Names tasks: 0
11:22:19| Total time to process 5 tasks = 0.54896060
