18:51:12| Factory produced: Hyundai Titan, 2020
18:51:12| Dealer sold: Hyundai Titan, 2020
18:51:12| Factory produced: Acura GX, 2020
18:51:12| Dealer sold: Acura GX, 2020
18:51:12| Factory produced: Infiniti Middle, 2000
18:51:12| Dealer sold: Infiniti Middle, 2000
18:51:12| Factory produced: Honda Grand, 2019
18:51:12| Dealer sold: Honda Grand, 2019
18:51:12| Factory produced: Infiniti XLE, 2007
18:51:12| Dealer sold: Infiniti XLE, 2007
18:51:12| Factory produced: Ford A1, 2016
18:51:12| Dealer sold: Ford A1, 2016
18:51:12| Factory produced: Kia Town, 2023
18:51:12| Dealer sold: Kia Town, 2023
18:51:12| Factory produced: Mazda Tall, 1996
18:51:12| Dealer sold: Mazda Tall, 1996
18:51:12| Factory produced: Hyundai Tall, 2009
18:51:12| Dealer sold: Hyundai Tall, 2009
18:51:12| Factory produced: Fiat Grand, 2005
18:51:12| Dealer sold: Fiat Grand, 2005
18:51:12| Factory produced: Toyota Town, 2019
18:51:12| Dealer sold: Toyota Town, 2019
18:51:13| Factory produced: Lexus Round, 2009
18:51:13| Dealer sold: Lexus Round, 2009
18:51:13| Factory produced: Buick GX, 2011
18:51:13| Dealer sold: Buick GX, 2011
18:51:13| Factory produced: Mitsubishi G35, 2007
18:51:13| Dealer sold: Mitsubishi G35, 2007
18:51:13| Factory produced: Smart XOX, 2010
18:51:13| Dealer sold: Smart XOX, 2010
18:51:13| Factory produced: Hyundai G35, 2003
18:51:13| Dealer sold: Hyundai G35, 2003
18:51:13| Factory produced: Mitsubishi XLE, 2005
18:51:13| Dealer sold: Mitsubishi XLE, 2005
18:51:13| Factory produced: Ford Town, 1997
18:51:13| Dealer sold: Ford Town, 1997
18:51:13| Factory produced: Infiniti A1, 2007
18:51:13| Factory produced: Dodge Round, 2015
18:51:13| Dealer sold: Infiniti A1, 2007
18:51:13| Factory produced: Volkswagen XOX, 2006
18:51:13| Dealer sold: Dodge Round, 2015
18:51:13| Factory produced: Nissan G35, 2008
18:51:13| Dealer sold: Volkswagen XOX, 2006
18:51:13| Factory produced: Infiniti M1, 2005
18:51:13| Dealer sold: Nissan G35, 2008
18:51:13| Factory produced: Ford Round, 2010
18:51:13| Dealer sold: Infiniti M1, 2005
18:51:13| Factory produced: Volvo XLS, 1991
18:51:13| Dealer sold: Ford Round, 2010
18:51:13| Factory produced: Chevrolet Ranger, 2011
18:51:13| Factory produced: Ford G35, 2001
18:51:13| Factory produced: Ford MM, 1991
18:51:13| Dealer sold: Volvo XLS, 1991
18:51:13| Factory produced: Honda RX, 2000
18:51:13| Dealer sold: Chevrolet Ranger, 2011
18:51:13| Factory produced: Jeep Titan, 2009
18:51:13| Dealer sold: Ford G35, 2001
18:51:13| Factory produced: Honda XLE, 2007
18:51:13| Dealer sold: Ford MM, 1991
18:51:13| Factory produced: Lexus GX, 2019
18:51:13| Dealer sold: Honda RX, 2000
18:51:13| Factory produced: Fiat Ranger, 2011
18:51:13| Dealer sold: Jeep Titan, 2009
18:51:13| Factory produced: Kia M1X, 2018
18:51:13| Dealer sold: Honda XLE, 2007
18:51:13| Factory produced: Acura XL, 2024
18:51:13| Factory produced: Volvo Round, 2003
18:51:13| Dealer sold: Lexus GX, 2019
18:51:13| Factory produced: Mazda F150, 2003
18:51:13| Dealer sold: Fiat Ranger, 2011
18:51:13| Factory produced: Kia Super, 2004
18:51:13| Factory produced: Toyota GX, 2018
18:51:13| Dealer sold: Kia M1X, 2018
18:51:13| Dealer sold: Acura XL, 2024
18:51:13| Factory produced: Buick Town, 2018
18:51:13| Factory produced: Fiat Round, 2016
18:51:13| Dealer sold: Volvo Round, 2003
18:51:13| Factory produced: Subaru A1, 2015
18:51:13| Dealer sold: Mazda F150, 2003
18:51:13| Dealer sold: Kia Super, 2004
18:51:13| Factory produced: Jeep XLE, 2011
18:51:13| Factory produced: Smart Charger, 1990
18:51:13| Dealer sold: Toyota GX, 2018
18:51:13| Dealer sold: Buick Town, 2018
18:51:13| Dealer sold: Fiat Round, 2016
18:51:13| Factory produced: Lexus Round, 1999
18:51:13| Factory produced: Chrysler Viper, 1990
18:51:13| Factory produced: Toyota A2, 2023
18:51:13| Dealer sold: Subaru A1, 2015
18:51:13| Dealer sold: Jeep XLE, 2011
18:51:13| Dealer sold: Smart Charger, 1990
18:51:13| Factory produced: Acura XLS, 2021
18:51:13| Factory produced: Buick XLS, 2004
18:51:13| Factory produced: Subaru XLE, 2021
18:51:13| Dealer sold: Lexus Round, 1999
18:51:13| Dealer sold: Chrysler Viper, 1990
18:51:13| Dealer sold: Toyota A2, 2023
18:51:13| Factory produced: Volvo Super, 2008
18:51:13| Dealer sold: Acura XLS, 2021
18:51:13| Factory produced: Subaru XL, 2017
18:51:13| Dealer sold: Buick XLS, 2004
18:51:13| Dealer sold: Subaru XLE, 2021
18:51:13| Factory produced: Infiniti XL, 2022
18:51:13| Factory produced: Volvo SE, 1991
18:51:13| Factory produced: Mitsubishi Round, 2016
18:51:13| Dealer sold: Volvo Super, 2008
18:51:13| Dealer sold: Subaru XL, 2017
18:51:13| Factory produced: Volvo SXE, 2018
18:51:13| Dealer sold: Infiniti XL, 2022
18:51:13| Dealer sold: Volvo SE, 1991
18:51:13| Factory produced: Infiniti G35, 1993
18:51:13| Dealer sold: Mitsubishi Round, 2016
18:51:13| Factory produced: Volkswagen Town, 2018
18:51:13| Dealer sold: Volvo SXE, 2018
18:51:13| Factory produced: Mazda Flat, 2019
18:51:13| Dealer sold: Infiniti G35, 1993
18:51:13| Factory produced: Buick Town, 1997
18:51:13| Dealer sold: Volkswagen Town, 2018
18:51:13| Factory produced: Acura XLS, 2003
18:51:13| Factory produced: Volvo XLE, 2009
18:51:13| Dealer sold: Mazda Flat, 2019
18:51:13| Factory produced: Toyota XL, 2018
18:51:13| Dealer sold: Buick Town, 1997
18:51:13| Factory produced: Mitsubishi Sport, 2009
18:51:13| Dealer sold: Acura XLS, 2003
18:51:13| Factory produced: Infiniti M1, 1997
18:51:13| Dealer sold: Volvo XLE, 2009
18:51:13| Factory produced: Volvo Super, 2011
18:51:13| Dealer sold: Toyota XL, 2018
18:51:14| Factory produced: Jeep Town, 2018
18:51:14| Factory produced: Mitsubishi GX, 1994
18:51:14| Dealer sold: Mitsubishi Sport, 2009
18:51:14| Dealer sold: Infiniti M1, 1997
18:51:14| Dealer sold: Volvo Super, 2011
18:51:14| Factory produced: Kia Grand, 1998
18:51:14| Factory produced: Mazda SXE, 2018
18:51:14| Dealer sold: Jeep Town, 2018
18:51:14| Factory produced: Buick XLS, 2022
18:51:14| Dealer sold: Mitsubishi GX, 1994
18:51:14| Dealer sold: Kia Grand, 1998
18:51:14| Factory produced: Fiat A1, 2014
18:51:14| Dealer sold: Mazda SXE, 2018
18:51:14| Factory produced: Jeep Sport, 2018
18:51:14| Dealer sold: Buick XLS, 2022
18:51:14| Factory produced: Jeep Ranger, 2011
18:51:14| Factory produced: Nissan XOX, 2008
18:51:14| Dealer sold: Fiat A1, 2014
18:51:14| Dealer sold: Jeep Sport, 2018
18:51:14| Dealer sold: Jeep Ranger, 2011
18:51:14| Factory produced: Toyota Grand, 2018
18:51:14| Factory produced: Infiniti A2, 2012
18:51:14| Dealer sold: Nissan XOX, 2008
18:51:14| Factory produced: Volkswagen Town, 1995
18:51:14| Dealer sold: Toyota Grand, 2018
18:51:14| Dealer sold: Infiniti A2, 2012
18:51:14| Factory produced: Dodge Flat, 2022
18:51:14| Factory produced: Lexus Super, 2010
18:51:14| Dealer sold: Volkswagen Town, 1995
18:51:14| Factory produced: Hyundai M1, 2011
18:51:14| Dealer sold: Dodge Flat, 2022
18:51:14| Factory produced: Mazda G35, 2023
18:51:14| Dealer sold: Lexus Super, 2010
18:51:14| Dealer sold: Hyundai M1, 2011
18:51:14| Dealer sold: Mazda G35, 2023
18:51:14| Factory produced: Chevrolet Grand, 2024
18:51:14| Factory produced: Subaru SE, 2008
18:51:14| Dealer sold: Chevrolet Grand, 2024
18:51:14| Dealer sold: Subaru SE, 2008
18:51:14| Factory produced: Chevrolet GX, 2010
18:51:14| Dealer sold: Chevrolet GX, 2010
18:51:14| Factory produced: Mazda XOX, 2024
18:51:14| Dealer sold: Mazda XOX, 2024
18:51:14| Factory produced: Volkswagen Middle, 2000
18:51:14| Dealer sold: Volkswagen Middle, 2000
18:51:14| Factory produced: Acura RX, 2003
18:51:14| Dealer sold: Acura RX, 2003
18:51:14| Factory produced: Fiat Super, 2014
18:51:14| Factory produced: Infiniti XL, 2018
18:51:14| Dealer sold: Fiat Super, 2014
18:51:14| Factory produced: Mitsubishi MM, 2005
18:51:14| Dealer sold: Infiniti XL, 2018
18:51:14| Dealer sold: Mitsubishi MM, 2005
18:51:14| Factory produced: Volkswagen Middle, 2005
18:51:14| Factory produced: Ford Middle, 2001
18:51:14| Dealer sold: Volkswagen Middle, 2005
18:51:14| Factory produced: Mazda Super, 2001
18:51:14| Dealer sold: Ford Middle, 2001
18:51:14| Factory produced: Volkswagen RX, 2004
18:51:14| Factory produced: Jeep GX, 2001
18:51:14| Dealer sold: Mazda Super, 2001
18:51:14| Dealer sold: Volkswagen RX, 2004
18:51:14| Dealer sold: Jeep GX, 2001
18:51:14| Factory produced: Honda F150, 2001
18:51:14| Dealer sold: Honda F150, 2001
18:51:14| Factory produced: Nissan GX, 2003
18:51:14| Factory produced: Nissan Ranger, 2005
18:51:14| Dealer sold: Nissan GX, 2003
18:51:14| Factory produced: Subaru Viper, 2018
18:51:14| Dealer sold: Nissan Ranger, 2005
18:51:14| Dealer sold: Subaru Viper, 2018
18:51:14| Factory produced: Toyota A1, 2019
18:51:14| Dealer sold: Toyota A1, 2019
18:51:14| Factory produced: Smart SXE, 2009
18:51:14| Dealer sold: Smart SXE, 2009
18:51:14| Factory produced: Chevrolet MM, 2023
18:51:14| Dealer sold: Chevrolet MM, 2023
18:51:14| Factory produced: Subaru Sport, 2003
18:51:14| Dealer sold: Subaru Sport, 2003
18:51:14| Factory produced: Volvo Super, 1993
18:51:14| Factory produced: Mitsubishi Sport, 2024
18:51:14| Dealer sold: Volvo Super, 1993
18:51:14| Factory produced: Ford MM, 1997
18:51:14| Dealer sold: Mitsubishi Sport, 2024
18:51:14| Factory produced: Nissan Tall, 2019
18:51:14| Dealer sold: Ford MM, 1997
18:51:14| Dealer sold: Nissan Tall, 2019
18:51:14| Factory produced: Kia Charger, 2023
18:51:14| Dealer sold: Kia Charger, 2023
18:51:14| Factory produced: Mazda MM, 1993
18:51:14| Dealer sold: Mazda MM, 1993
18:51:14| Factory produced: Chevrolet Middle, 2007
18:51:14| Dealer sold: Chevrolet Middle, 2007
18:51:14| Factory produced: Acura Middle, 2008
18:51:14| Dealer sold: Acura Middle, 2008
18:51:14| Factory produced: Hyundai XLS, 2008
18:51:14| Factory produced: Subaru Viper, 2001
18:51:14| Factory produced: Volkswagen Ranger, 2008
18:51:14| Dealer sold: Hyundai XLS, 2008
18:51:14| Factory produced: Mitsubishi SXE, 2024
18:51:15| Dealer sold: Subaru Viper, 2001
18:51:15| Factory produced: Hyundai Flat, 2005
18:51:15| Dealer sold: Volkswagen Ranger, 2008
18:51:15| Factory produced: Acura A1, 1999
18:51:15| Factory produced: Chevrolet A2, 2021
18:51:15| Dealer sold: Mitsubishi SXE, 2024
18:51:15| Factory produced: Honda F150, 2020
18:51:15| Dealer sold: Hyundai Flat, 2005
18:51:15| Dealer sold: Acura A1, 1999
18:51:15| Factory produced: Jeep Charger, 1991
18:51:15| Dealer sold: Chevrolet A2, 2021
18:51:15| Factory produced: Mitsubishi A2, 2014
18:51:15| Dealer sold: Honda F150, 2020
18:51:15| Factory produced: Hyundai SXE, 2012
18:51:15| Dealer sold: Jeep Charger, 1991
18:51:15| Factory produced: Acura Titan, 2008
18:51:15| Dealer sold: Mitsubishi A2, 2014
18:51:15| Factory produced: Acura Titan, 1991
18:51:15| Factory produced: Nissan Grand, 2014
18:51:15| Dealer sold: Hyundai SXE, 2012
18:51:15| Factory produced: Fiat A2, 1999
18:51:15| Dealer sold: Acura Titan, 2008
18:51:15| Factory produced: Mazda XLE, 1991
18:51:15| Dealer sold: Acura Titan, 1991
18:51:15| Factory produced: Chrysler Town, 1994
18:51:15| Dealer sold: Nissan Grand, 2014
18:51:15| Factory produced: Subaru XLS, 1993
18:51:15| Factory produced: Honda Titan, 1995
18:51:15| Dealer sold: Fiat A2, 1999
18:51:15| Factory produced: Volkswagen GX, 2013
18:51:15| Factory produced: Buick M1X, 1994
18:51:15| Dealer sold: Mazda XLE, 1991
18:51:15| Dealer sold: Chrysler Town, 1994
18:51:15| Factory produced: Honda SXE, 2013
18:51:15| Dealer sold: Subaru XLS, 1993
18:51:15| Factory produced: Hyundai M1X, 2011
18:51:15| Factory produced: Hyundai Grand, 2013
18:51:15| Dealer sold: Honda Titan, 1995
18:51:15| Factory produced: Lexus M1X, 2008
18:51:15| Factory produced: Mazda Middle, 2000
18:51:15| Dealer sold: Volkswagen GX, 2013
18:51:15| Dealer sold: Buick M1X, 1994
18:51:15| Factory produced: Volkswagen F150, 1994
18:51:15| Dealer sold: Honda SXE, 2013
18:51:15| Factory produced: Jeep Charger, 2020
18:51:15| Dealer sold: Hyundai M1X, 2011
18:51:15| Factory produced: Kia SE, 1990
18:51:15| Factory produced: Hyundai XL, 2024
18:51:15| Dealer sold: Hyundai Grand, 2013
18:51:15| Factory produced: Ford RX, 2002
18:51:15| Factory produced: Mitsubishi Town, 2002
18:51:15| Dealer sold: Lexus M1X, 2008
18:51:15| Dealer sold: Mazda Middle, 2000
18:51:15| Factory produced: Volkswagen Titan, 1991
18:51:15| Dealer sold: Volkswagen F150, 1994
18:51:15| Dealer sold: Jeep Charger, 2020
18:51:15| Factory produced: Mitsubishi M5, 2009
18:51:15| Factory produced: Acura GX, 2004
18:51:15| Dealer sold: Kia SE, 1990
18:51:15| Dealer sold: Hyundai XL, 2024
18:51:15| Dealer sold: Ford RX, 2002
18:51:15| Factory produced: Lexus Round, 1994
18:51:15| Factory produced: Ford A1, 2017
18:51:15| Factory produced: Acura XLE, 1995
18:51:15| Dealer sold: Mitsubishi Town, 2002
18:51:15| Dealer sold: Volkswagen Titan, 1991
18:51:15| Factory produced: Chrysler Town, 2006
18:51:15| Dealer sold: Mitsubishi M5, 2009
18:51:15| Factory produced: Subaru XOX, 2016
18:51:15| Dealer sold: Acura GX, 2004
18:51:15| Factory produced: Mazda A1, 2005
18:51:15| Dealer sold: Lexus Round, 1994
18:51:15| Dealer sold: Ford A1, 2017
18:51:15| Factory produced: Infiniti XLE, 2020
18:51:15| Factory produced: Hyundai F150, 2013
18:51:15| Dealer sold: Acura XLE, 1995
18:51:15| Dealer sold: Chrysler Town, 2006
18:51:15| Factory produced: Smart SE, 1993
18:51:15| Dealer sold: Subaru XOX, 2016
18:51:15| Factory produced: Jeep Charger, 2002
18:51:15| Factory produced: Mitsubishi XOX, 1992
18:51:15| Dealer sold: Mazda A1, 2005
18:51:15| Factory produced: Volvo SXE, 2021
18:51:15| Dealer sold: Infiniti XLE, 2020
18:51:15| Factory produced: Jeep SE, 2017
18:51:15| Dealer sold: Hyundai F150, 2013
18:51:15| Factory produced: Chevrolet F150, 2021
18:51:15| Dealer sold: Smart SE, 1993
18:51:15| Factory produced: Infiniti M1, 1991
18:51:15| Factory produced: Volvo MM, 2005
18:51:15| Dealer sold: Jeep Charger, 2002
18:51:15| Factory produced: Infiniti F150, 2018
18:51:15| Factory produced: Jeep Middle, 2001
18:51:15| Dealer sold: Mitsubishi XOX, 1992
18:51:15| Factory produced: Honda Grand, 2008
18:51:15| Dealer sold: Volvo SXE, 2021
18:51:15| Factory produced: Volkswagen Ranger, 2017
18:51:15| Dealer sold: Jeep SE, 2017
18:51:15| Factory produced: Fiat Town, 1994
18:51:15| Factory produced: Jeep Tall, 2008
18:51:15| Dealer sold: Chevrolet F150, 2021
18:51:16| Dealer sold: Infiniti M1, 1991
18:51:16| Factory produced: Mitsubishi F150, 2008
18:51:16| Dealer sold: Volvo MM, 2005
18:51:16| Factory produced: Hyundai M5, 2005
18:51:16| Dealer sold: Infiniti F150, 2018
18:51:16| Dealer sold: Jeep Middle, 2001
18:51:16| Factory produced: Mitsubishi M1, 2021
18:51:16| Factory produced: Mitsubishi Town, 1990
18:51:16| Dealer sold: Honda Grand, 2008
18:51:16| Dealer sold: Volkswagen Ranger, 2017
18:51:16| Dealer sold: Fiat Town, 1994
18:51:16| Factory produced: Mazda Titan, 2004
18:51:16| Factory produced: Buick Super, 2021
18:51:16| Dealer sold: Jeep Tall, 2008
18:51:16| Dealer sold: Mitsubishi F150, 2008
18:51:16| Factory produced: Infiniti A2, 2008
18:51:16| Factory produced: Ford Flat, 1999
18:51:16| Factory produced: Volvo XOX, 2014
18:51:16| Dealer sold: Hyundai M5, 2005
18:51:16| Factory produced: Smart M1, 1992
18:51:16| Dealer sold: Mitsubishi M1, 2021
18:51:16| Factory produced: Infiniti Middle, 2017
18:51:16| Factory produced: Acura Town, 2012
18:51:16| Dealer sold: Mitsubishi Town, 1990
18:51:16| Dealer sold: Mazda Titan, 2004
18:51:16| Factory produced: Smart G35, 2009
18:51:16| Factory produced: Buick Round, 2015
18:51:16| Dealer sold: Buick Super, 2021
18:51:16| Factory produced: Acura Grand, 1994
18:51:16| Factory produced: Mazda XOX, 2024
18:51:16| Dealer sold: Infiniti A2, 2008
18:51:16| Dealer sold: Ford Flat, 1999
18:51:16| Factory produced: Honda Flat, 1998
18:51:16| Factory produced: Infiniti Middle, 2003
18:51:16| Dealer sold: Volvo XOX, 2014
18:51:16| Dealer sold: Smart M1, 1992
18:51:16| Dealer sold: Infiniti Middle, 2017
18:51:16| Factory produced: Volvo Flat, 2023
18:51:16| Factory produced: Hyundai Charger, 1990
18:51:16| Dealer sold: Acura Town, 2012
18:51:16| Dealer sold: Smart G35, 2009
18:51:16| Factory produced: Mitsubishi RX, 1994
18:51:16| Dealer sold: Buick Round, 2015
18:51:16| Factory produced: Kia Grand, 1999
18:51:16| Factory produced: Nissan Tall, 1994
18:51:16| Dealer sold: Acura Grand, 1994
18:51:16| Factory produced: Toyota A1, 2003
18:51:16| Dealer sold: Mazda XOX, 2024
18:51:16| Dealer sold: Honda Flat, 1998
18:51:16| Factory produced: Volvo A1, 1990
18:51:16| Dealer sold: Infiniti Middle, 2003
18:51:16| Factory produced: Fiat A1, 1998
18:51:16| Dealer sold: Volvo Flat, 2023
18:51:16| Factory produced: Infiniti A2, 2024
18:51:16| Factory produced: Chevrolet Grand, 1995
18:51:16| Dealer sold: Hyundai Charger, 1990
18:51:16| Dealer sold: Mitsubishi RX, 1994
18:51:16| Dealer sold: Kia Grand, 1999
18:51:16| Factory produced: Chrysler Super, 1991
18:51:16| Dealer sold: Nissan Tall, 1994
18:51:16| Factory produced: Hyundai Middle, 1998
18:51:16| Dealer sold: Toyota A1, 2003
18:51:16| Factory produced: Smart Flat, 2003
18:51:16| Dealer sold: Volvo A1, 1990
18:51:16| Factory produced: Infiniti MM, 2012
18:51:16| Dealer sold: Fiat A1, 1998
18:51:16| Dealer sold: Infiniti A2, 2024
18:51:16| Factory produced: Lexus Viper, 2008
18:51:16| Dealer sold: Chevrolet Grand, 1995
18:51:16| Factory produced: Smart M5, 2018
18:51:16| Dealer sold: Chrysler Super, 1991
18:51:16| Factory produced: Chrysler MM, 2002
18:51:16| Dealer sold: Hyundai Middle, 1998
18:51:16| Dealer sold: Smart Flat, 2003
18:51:16| Factory produced: Smart Middle, 2007
18:51:16| Factory produced: Nissan SXE, 2005
18:51:16| Factory produced: Hyundai A1, 2000
18:51:16| Dealer sold: Infiniti MM, 2012
18:51:16| Factory produced: Kia G35, 2020
18:51:16| Dealer sold: Lexus Viper, 2008
18:51:16| Factory produced: Smart A2, 2022
18:51:16| Dealer sold: Smart M5, 2018
18:51:16| Factory produced: Ford F150, 2016
18:51:16| Dealer sold: Chrysler MM, 2002
18:51:16| Dealer sold: Smart Middle, 2007
18:51:16| Factory produced: Toyota M1, 2000
18:51:16| Factory produced: Volvo Town, 2011
18:51:16| Dealer sold: Nissan SXE, 2005
18:51:16| Factory produced: Smart M5, 2001
18:51:16| Factory produced: Hyundai Flat, 2000
18:51:16| Dealer sold: Hyundai A1, 2000
18:51:16| Dealer sold: Kia G35, 2020
18:51:16| Factory produced: Mazda A2, 2009
18:51:16| Dealer sold: Smart A2, 2022
18:51:16| Factory produced: Nissan RX, 2013
18:51:16| Dealer sold: Ford F150, 2016
18:51:16| Factory produced: Ford Viper, 2021
18:51:16| Dealer sold: Toyota M1, 2000
18:51:16| Factory produced: Fiat XOX, 2017
18:51:16| Dealer sold: Volvo Town, 2011
18:51:16| Factory produced: Smart Sport, 2007
18:51:17| Factory produced: Buick G35, 2019
18:51:17| Factory produced: Nissan Sport, 2022
18:51:17| Dealer sold: Smart M5, 2001
18:51:17| Factory produced: Jeep M5, 1990
18:51:17| Dealer sold: Hyundai Flat, 2000
18:51:17| Factory produced: Volkswagen A2, 1999
18:51:17| Dealer sold: Mazda A2, 2009
18:51:17| Factory produced: Nissan M5, 2013
18:51:17| Dealer sold: Nissan RX, 2013
18:51:17| Dealer sold: Ford Viper, 2021
18:51:17| Factory produced: Mitsubishi Round, 1990
18:51:17| Factory produced: Chevrolet XLE, 1992
18:51:17| Factory produced: Hyundai M1X, 2019
18:51:17| Dealer sold: Fiat XOX, 2017
18:51:17| Dealer sold: Smart Sport, 2007
18:51:17| Factory produced: Toyota SXE, 2017
18:51:17| Factory produced: Hyundai MM, 2015
18:51:17| Dealer sold: Buick G35, 2019
18:51:17| Factory produced: Buick Charger, 2019
18:51:17| Dealer sold: Nissan Sport, 2022
18:51:17| Factory produced: Mazda RX, 1998
18:51:17| Dealer sold: Jeep M5, 1990
18:51:17| Factory produced: Jeep Sport, 2010
18:51:17| Dealer sold: Volkswagen A2, 1999
18:51:17| Factory produced: Toyota M1X, 1993
18:51:17| Dealer sold: Nissan M5, 2013
18:51:17| Dealer sold: Mitsubishi Round, 1990
18:51:17| Factory produced: Subaru Ranger, 2010
18:51:17| Dealer sold: Chevrolet XLE, 1992
18:51:17| Factory produced: Nissan Titan, 2020
18:51:17| Factory produced: Volkswagen M5, 1990
18:51:17| Dealer sold: Hyundai M1X, 2019
18:51:17| Factory produced: Volkswagen RX, 2013
18:51:17| Dealer sold: Toyota SXE, 2017
18:51:17| Dealer sold: Hyundai MM, 2015
18:51:17| Factory produced: Acura MM, 2016
18:51:17| Factory produced: Honda Ranger, 2016
18:51:17| Dealer sold: Buick Charger, 2019
18:51:17| Dealer sold: Mazda RX, 1998
18:51:17| Dealer sold: Jeep Sport, 2010
18:51:17| Factory produced: Volkswagen A2, 2007
18:51:17| Factory produced: Volkswagen XL, 1997
18:51:17| Factory produced: Subaru RX, 2022
18:51:17| Dealer sold: Toyota M1X, 1993
18:51:17| Factory produced: Hyundai A2, 2014
18:51:17| Dealer sold: Subaru Ranger, 2010
18:51:17| Factory produced: Chrysler Tall, 1992
18:51:17| Dealer sold: Nissan Titan, 2020
18:51:17| Factory produced: Subaru Grand, 1990
18:51:17| Dealer sold: Volkswagen M5, 1990
18:51:17| Factory produced: Toyota Titan, 1994
18:51:17| Dealer sold: Volkswagen RX, 2013
18:51:17| Factory produced: Mitsubishi G35, 1996
18:51:17| Dealer sold: Acura MM, 2016
18:51:17| Factory produced: Smart Ranger, 2022
18:51:17| Dealer sold: Honda Ranger, 2016
18:51:17| Factory produced: Mazda XL, 2013
18:51:17| Dealer sold: Volkswagen A2, 2007
18:51:17| Factory produced: Toyota XLS, 2015
18:51:17| Dealer sold: Volkswagen XL, 1997
18:51:17| Factory produced: Volvo Titan, 1993
18:51:17| Dealer sold: Subaru RX, 2022
18:51:17| Factory produced: Subaru Flat, 2010
18:51:17| Dealer sold: Hyundai A2, 2014
18:51:17| Dealer sold: Chrysler Tall, 1992
18:51:17| Dealer sold: Subaru Grand, 1990
18:51:17| Factory produced: Fiat XL, 1992
18:51:17| Factory produced: Dodge XL, 2019
18:51:17| Dealer sold: Toyota Titan, 1994
18:51:17| Dealer sold: Mitsubishi G35, 1996
18:51:17| Dealer sold: Smart Ranger, 2022
18:51:17| Factory produced: Hyundai M1, 2023
18:51:17| Factory produced: Infiniti GX, 2003
18:51:17| Dealer sold: Mazda XL, 2013
18:51:17| Dealer sold: Toyota XLS, 2015
18:51:17| Factory produced: Infiniti SE, 2015
18:51:17| Factory produced: Acura Charger, 1993
18:51:17| Dealer sold: Volvo Titan, 1993
18:51:17| Factory produced: Ford XOX, 2002
18:51:17| Factory produced: Subaru Flat, 2022
18:51:17| Dealer sold: Subaru Flat, 2010
18:51:17| Factory produced: Volvo Sport, 2010
18:51:17| Dealer sold: Fiat XL, 1992
18:51:17| Factory produced: Honda Super, 2012
18:51:17| Dealer sold: Dodge XL, 2019
18:51:17| Factory produced: Mazda Charger, 1995
18:51:17| Dealer sold: Hyundai M1, 2023
18:51:17| Dealer sold: Infiniti GX, 2003
18:51:17| Factory produced: Infiniti Sport, 1999
18:51:17| Dealer sold: Infiniti SE, 2015
18:51:17| Factory produced: Hyundai MM, 2007
18:51:17| Factory produced: Honda M5, 2023
18:51:17| Dealer sold: Acura Charger, 1993
18:51:17| Factory produced: Infiniti F150, 2015
18:51:17| Dealer sold: Ford XOX, 2002
18:51:17| Dealer sold: Subaru Flat, 2022
18:51:17| Factory produced: Mitsubishi A1, 2001
18:51:18| Factory produced: Dodge Ranger, 1993
18:51:18| Dealer sold: Volvo Sport, 2010
18:51:18| Factory produced: Toyota Grand, 1991
18:51:18| Dealer sold: Honda Super, 2012
18:51:18| Dealer sold: Mazda Charger, 1995
18:51:18| Factory produced: Volvo Grand, 1994
18:51:18| Factory produced: Smart GX, 2023
18:51:18| Dealer sold: Infiniti Sport, 1999
18:51:18| Factory produced: Toyota G35, 2002
18:51:18| Factory produced: Chevrolet XL, 2015
18:51:18| Dealer sold: Hyundai MM, 2007
18:51:18| Factory produced: Nissan Charger, 1993
18:51:18| Dealer sold: Honda M5, 2023
18:51:18| Factory produced: Buick SE, 2006
18:51:18| Dealer sold: Infiniti F150, 2015
18:51:18| Dealer sold: Mitsubishi A1, 2001
18:51:18| Factory produced: Honda Sport, 1996
18:51:18| Factory produced: Nissan MM, 1993
18:51:18| Dealer sold: Dodge Ranger, 1993
18:51:18| Dealer sold: Toyota Grand, 1991
18:51:18| Factory produced: Jeep Flat, 2008
18:51:18| Factory produced: Ford Town, 2005
18:51:18| Dealer sold: Volvo Grand, 1994
18:51:18| Factory produced: Mazda M5, 2016
18:51:18| Dealer sold: Smart GX, 2023
18:51:18| Factory produced: Hyundai Ranger, 2004
18:51:18| Dealer sold: Toyota G35, 2002
18:51:18| Factory produced: Honda GX, 2003
18:51:18| Dealer sold: Chevrolet XL, 2015
18:51:18| Factory produced: Smart A1, 2013
18:51:18| Dealer sold: Nissan Charger, 1993
18:51:18| Dealer sold: Buick SE, 2006
18:51:18| Factory produced: Honda Middle, 1996
18:51:18| Factory produced: Kia XL, 2017
18:51:18| Dealer sold: Honda Sport, 1996
18:51:18| Factory produced: Jeep M1X, 2007
18:51:18| Dealer sold: Nissan MM, 1993
18:51:18| Factory produced: Chevrolet F150, 2009
18:51:18| Dealer sold: Jeep Flat, 2008
18:51:18| Factory produced: Chrysler XL, 2008
18:51:18| Dealer sold: Ford Town, 2005
18:51:18| Factory produced: Jeep XLE, 2013
18:51:18| Dealer sold: Mazda M5, 2016
18:51:18| Factory produced: Kia M1X, 2001
18:51:18| Dealer sold: Hyundai Ranger, 2004
18:51:18| Factory produced: Jeep Viper, 2008
18:51:18| Dealer sold: Honda GX, 2003
18:51:18| Factory produced: Honda Ranger, 2005
18:51:18| Dealer sold: Smart A1, 2013
18:51:18| Factory produced: Mazda Sport, 2002
18:51:18| Dealer sold: Honda Middle, 1996
18:51:18| Factory produced: Kia MM, 1998
18:51:18| Dealer sold: Kia XL, 2017
18:51:18| Dealer sold: Jeep M1X, 2007
18:51:18| Factory produced: Nissan A1, 2019
18:51:18| Factory produced: Volvo SE, 2009
18:51:18| Dealer sold: Chevrolet F150, 2009
18:51:18| Factory produced: Volkswagen SE, 1992
18:51:18| Dealer sold: Chrysler XL, 2008
18:51:18| Factory produced: Mazda SXE, 2017
18:51:18| Dealer sold: Jeep XLE, 2013
18:51:18| Dealer sold: Kia M1X, 2001
18:51:18| Factory produced: Volkswagen Flat, 2017
18:51:18| Factory produced: Kia Flat, 1995
18:51:18| Dealer sold: Jeep Viper, 2008
18:51:18| Factory produced: Acura XL, 2015
18:51:18| Dealer sold: Honda Ranger, 2005
18:51:18| Dealer sold: Mazda Sport, 2002
18:51:18| Factory produced: Fiat Super, 2017
18:51:18| Dealer sold: Kia MM, 1998
18:51:18| Factory produced: Nissan Viper, 2012
18:51:18| Dealer sold: Nissan A1, 2019
18:51:18| Factory produced: Chrysler M1, 2000
18:51:18| Dealer sold: Volvo SE, 2009
18:51:18| Factory produced: Volvo F150, 2024
18:51:18| Factory produced: Honda Sport, 2020
18:51:18| Dealer sold: Volkswagen SE, 1992
18:51:18| Factory produced: Buick Flat, 2000
18:51:18| Dealer sold: Mazda SXE, 2017
18:51:18| Factory produced: Hyundai Super, 2016
18:51:18| Dealer sold: Volkswagen Flat, 2017
18:51:18| Factory produced: Smart Flat, 1997
18:51:18| Dealer sold: Kia Flat, 1995
18:51:18| Factory produced: Lexus XL, 2019
18:51:18| Dealer sold: Acura XL, 2015
18:51:18| Factory produced: Ford XOX, 2000
18:51:18| Dealer sold: Fiat Super, 2017
18:51:18| Factory produced: Honda RX, 1994
18:51:18| Dealer sold: Nissan Viper, 2012
18:51:18| Dealer sold: Chrysler M1, 2000
18:51:18| Factory produced: Jeep Flat, 2024
18:51:18| Dealer sold: Volvo F150, 2024
18:51:18| Factory produced: Infiniti XLS, 2003
18:51:18| Factory produced: Chrysler Ranger, 2011
18:51:18| Dealer sold: Honda Sport, 2020
18:51:19| Dealer sold: Buick Flat, 2000
18:51:19| Dealer sold: Hyundai Super, 2016
18:51:19| Factory produced: Subaru SE, 2008
18:51:19| Dealer sold: Smart Flat, 1997
18:51:19| Dealer sold: Lexus XL, 2019
18:51:19| Factory produced: Subaru XL, 1997
18:51:19| Dealer sold: Ford XOX, 2000
18:51:19| Factory produced: Buick XL, 2005
18:51:19| Factory produced: Volkswagen A2, 2001
18:51:19| Dealer sold: Honda RX, 1994
18:51:19| Dealer sold: Jeep Flat, 2024
18:51:19| Factory produced: Dodge A1, 1992
18:51:19| Dealer sold: Infiniti XLS, 2003
18:51:19| Factory produced: Chevrolet A2, 1990
18:51:19| Dealer sold: Chrysler Ranger, 2011
18:51:19| Factory produced: Hyundai Town, 1997
18:51:19| Dealer sold: Subaru SE, 2008
18:51:19| Factory produced: Hyundai XOX, 1995
18:51:19| Dealer sold: Subaru XL, 1997
18:51:19| Factory produced: Buick M1X, 2014
18:51:19| Dealer sold: Buick XL, 2005
18:51:19| Factory produced: Fiat MM, 1999
18:51:19| Factory produced: Chrysler MM, 1993
18:51:19| Dealer sold: Volkswagen A2, 2001
18:51:19| Factory produced: Jeep Round, 2021
18:51:19| Factory produced: Lexus M1, 1991
18:51:19| Dealer sold: Dodge A1, 1992
18:51:19| Factory produced: Chrysler G35, 2016
18:51:19| Factory produced: Volkswagen Viper, 2004
18:51:19| Dealer sold: Chevrolet A2, 1990
18:51:19| Factory produced: Ford RX, 1995
18:51:19| Dealer sold: Hyundai Town, 1997
18:51:19| Factory produced: Hyundai Titan, 2019
18:51:19| Dealer sold: Hyundai XOX, 1995
18:51:19| Factory produced: Volkswagen G35, 2020
18:51:19| Dealer sold: Buick M1X, 2014
18:51:19| Factory produced: Buick Viper, 2021
18:51:19| Dealer sold: Fiat MM, 1999
18:51:19| Factory produced: Chrysler Sport, 1990
18:51:19| Dealer sold: Chrysler MM, 1993
18:51:19| Factory produced: Buick GX, 2013
18:51:19| Dealer sold: Jeep Round, 2021
18:51:19| Factory produced: Volkswagen G35, 2016
18:51:19| Dealer sold: Lexus M1, 1991
18:51:19| Factory produced: Nissan Super, 2018
18:51:19| Dealer sold: Chrysler G35, 2016
18:51:19| Factory produced: Ford MM, 2024
18:51:19| Dealer sold: Volkswagen Viper, 2004
18:51:19| Factory produced: Jeep G35, 2023
18:51:19| Dealer sold: Ford RX, 1995
18:51:19| Dealer sold: Hyundai Titan, 2019
18:51:19| Factory produced: Nissan RX, 1993
18:51:19| Factory produced: Nissan Town, 2009
18:51:19| Dealer sold: Volkswagen G35, 2020
18:51:19| Factory produced: Lexus Viper, 2002
18:51:19| Dealer sold: Buick Viper, 2021
18:51:19| Factory produced: Hyundai A1, 2009
18:51:19| Dealer sold: Chrysler Sport, 1990
18:51:19| Factory produced: Fiat Super, 2007
18:51:19| Dealer sold: Buick GX, 2013
18:51:19| Factory produced: Volkswagen M1X, 2003
18:51:19| Dealer sold: Volkswagen G35, 2016
18:51:19| Factory produced: Dodge Town, 2013
18:51:19| Dealer sold: Nissan Super, 2018
18:51:19| Factory produced: Jeep A1, 2006
18:51:19| Dealer sold: Ford MM, 2024
18:51:19| Factory produced: Buick Titan, 2007
18:51:19| Dealer sold: Jeep G35, 2023
18:51:19| Factory produced: Honda Town, 1995
18:51:19| Dealer sold: Nissan RX, 1993
18:51:19| Factory produced: Acura RX, 2022
18:51:19| Dealer sold: Nissan Town, 2009
18:51:19| Factory produced: Mazda M1, 2002
18:51:19| Dealer sold: Lexus Viper, 2002
18:51:19| Factory produced: Mitsubishi GX, 1997
18:51:19| Dealer sold: Hyundai A1, 2009
18:51:19| Factory produced: Toyota SE, 2006
18:51:19| Dealer sold: Fiat Super, 2007
18:51:19| Factory produced: Dodge MM, 2007
18:51:19| Dealer sold: Volkswagen M1X, 2003
18:51:19| Factory produced: Toyota MM, 1994
18:51:19| Dealer sold: Dodge Town, 2013
18:51:19| Factory produced: Acura M5, 2005
18:51:19| Dealer sold: Jeep A1, 2006
18:51:19| Factory produced: Buick XLE, 2015
18:51:19| Dealer sold: Buick Titan, 2007
18:51:19| Factory produced: Dodge Middle, 1996
18:51:19| Dealer sold: Honda Town, 1995
18:51:19| Factory produced: Honda Sport, 1995
18:51:19| Dealer sold: Acura RX, 2022
18:51:19| Dealer sold: Mazda M1, 2002
18:51:19| Factory produced: Buick Viper, 1990
18:51:20| Factory produced: Hyundai Ranger, 1997
18:51:20| Dealer sold: Mitsubishi GX, 1997
18:51:20| Dealer sold: Toyota SE, 2006
18:51:20| Factory produced: Jeep Viper, 2017
18:51:20| Factory produced: Kia M1X, 2024
18:51:20| Dealer sold: Dodge MM, 2007
18:51:20| Factory produced: Infiniti Ranger, 2010
18:51:20| Dealer sold: Toyota MM, 1994
18:51:20| Factory produced: Ford Round, 2013
18:51:20| Dealer sold: Acura M5, 2005
18:51:20| Dealer sold: Buick XLE, 2015
18:51:20| Factory produced: Chrysler Viper, 2007
18:51:20| Dealer sold: Dodge Middle, 1996
18:51:20| Factory produced: Mazda Sport, 2022
18:51:20| Dealer sold: Honda Sport, 1995
18:51:20| Factory produced: Acura SE, 2001
18:51:20| Dealer sold: Buick Viper, 1990
18:51:20| Factory produced: Acura A1, 2002
18:51:20| Factory produced: Dodge Viper, 1996
18:51:20| Dealer sold: Hyundai Ranger, 1997
18:51:20| Dealer sold: Jeep Viper, 2017
18:51:20| Factory produced: Chrysler Town, 1997
18:51:20| Factory produced: Chevrolet A2, 2022
18:51:20| Dealer sold: Kia M1X, 2024
18:51:20| Factory produced: Lexus Viper, 1998
18:51:20| Dealer sold: Infiniti Ranger, 2010
18:51:20| Dealer sold: Ford Round, 2013
18:51:20| Dealer sold: Chrysler Viper, 2007
18:51:20| Factory produced: Smart Middle, 2011
18:51:20| Factory produced: Honda Charger, 2002
18:51:20| Dealer sold: Mazda Sport, 2022
18:51:20| Factory produced: Jeep Super, 1992
18:51:20| Dealer sold: Acura SE, 2001
18:51:20| Dealer sold: Acura A1, 2002
18:51:20| Factory produced: Volkswagen Town, 2016
18:51:20| Factory produced: Volkswagen Ranger, 2021
18:51:20| Dealer sold: Dodge Viper, 1996
18:51:20| Factory produced: Mazda M1, 2015
18:51:20| Dealer sold: Chrysler Town, 1997
18:51:20| Factory produced: Mazda XL, 1998
18:51:20| Dealer sold: Chevrolet A2, 2022
18:51:20| Dealer sold: Lexus Viper, 1998
18:51:20| Factory produced: Smart Grand, 2001
18:51:20| Dealer sold: Smart Middle, 2011
18:51:20| Factory produced: Toyota Viper, 2018
18:51:20| Dealer sold: Honda Charger, 2002
18:51:20| Factory produced: Dodge Charger, 2009
18:51:20| Dealer sold: Jeep Super, 1992
18:51:20| Factory produced: Chevrolet GX, 1995
18:51:20| Dealer sold: Volkswagen Town, 2016
18:51:20| Factory produced: Dodge MM, 2024
18:51:20| Dealer sold: Volkswagen Ranger, 2021
18:51:20| Factory produced: Volvo Grand, 2016
18:51:20| Factory produced: Kia Charger, 2019
18:51:20| Dealer sold: Mazda M1, 2015
18:51:20| Factory produced: Chevrolet Charger, 1999
18:51:20| Factory produced: Volkswagen Ranger, 2016
18:51:20| Dealer sold: Mazda XL, 1998
18:51:20| Dealer sold: Smart Grand, 2001
18:51:20| Dealer sold: Toyota Viper, 2018
18:51:20| Factory produced: Smart SE, 1994
18:51:20| Factory produced: Chevrolet MM, 2019
18:51:20| Dealer sold: Dodge Charger, 2009
18:51:20| Dealer sold: Chevrolet GX, 1995
18:51:20| Factory produced: Mitsubishi Town, 1993
18:51:20| Factory produced: Hyundai A2, 2012
18:51:20| Factory produced: Smart A2, 2002
18:51:20| Dealer sold: Dodge MM, 2024
18:51:20| Dealer sold: Volvo Grand, 2016
18:51:20| Factory produced: Mazda A2, 1999
18:51:20| Dealer sold: Kia Charger, 2019
18:51:20| Dealer sold: Chevrolet Charger, 1999
18:51:20| Factory produced: Volvo XL, 2007
18:51:20| Factory produced: Ford M5, 1998
18:51:20| Dealer sold: Volkswagen Ranger, 2016
18:51:20| Dealer sold: Smart SE, 1994
18:51:20| Factory produced: Kia Charger, 2012
18:51:20| Dealer sold: Chevrolet MM, 2019
18:51:20| Factory produced: Acura XLS, 2001
18:51:20| Dealer sold: Mitsubishi Town, 1993
18:51:20| Dealer sold: Hyundai A2, 2012
18:51:20| Dealer sold: Smart A2, 2002
18:51:20| Factory produced: Mitsubishi M1, 2007
18:51:20| Dealer sold: Mazda A2, 1999
18:51:20| Factory produced: Honda GX, 1992
18:51:20| Factory produced: Kia Charger, 2007
18:51:20| Dealer sold: Volvo XL, 2007
18:51:20| Factory produced: Dodge GX, 1992
18:51:20| Factory produced: Smart XLE, 1997
18:51:20| Dealer sold: Ford M5, 1998
18:51:20| Factory produced: Chrysler Ranger, 1993
18:51:20| Dealer sold: Kia Charger, 2012
18:51:20| Factory produced: Infiniti M1, 2016
18:51:20| Dealer sold: Acura XLS, 2001
18:51:20| Factory produced: Mazda Town, 1994
18:51:20| Factory produced: Chrysler M1, 2010
18:51:20| Dealer sold: Mitsubishi M1, 2007
18:51:20| Factory produced: Volvo Round, 2010
18:51:20| Dealer sold: Honda GX, 1992
18:51:20| Dealer sold: Kia Charger, 2007
18:51:21| Dealer sold: Dodge GX, 1992
18:51:21| Factory produced: Fiat XLS, 2019
18:51:21| Dealer sold: Smart XLE, 1997
18:51:21| Factory produced: Toyota XOX, 2007
18:51:21| Factory produced: Fiat Tall, 1998
18:51:21| Dealer sold: Chrysler Ranger, 1993
18:51:21| Factory produced: Mazda A1, 2024
18:51:21| Dealer sold: Infiniti M1, 2016
18:51:21| Dealer sold: Mazda Town, 1994
18:51:21| Factory produced: Jeep Ranger, 2001
18:51:21| Dealer sold: Chrysler M1, 2010
18:51:21| Dealer sold: Volvo Round, 2010
18:51:21| Factory produced: Mazda M1X, 2003
18:51:21| Dealer sold: Fiat XLS, 2019
18:51:21| Factory produced: Ford Viper, 2014
18:51:21| Dealer sold: Toyota XOX, 2007
18:51:21| Dealer sold: Fiat Tall, 1998
18:51:21| Factory produced: Dodge RX, 2018
18:51:21| Factory produced: Volvo XLE, 2004
18:51:21| Factory produced: Buick Sport, 2013
18:51:21| Dealer sold: Mazda A1, 2024
18:51:21| Dealer sold: Jeep Ranger, 2001
18:51:21| Factory produced: Jeep Flat, 1994
18:51:21| Dealer sold: Mazda M1X, 2003
18:51:21| Dealer sold: Ford Viper, 2014
18:51:21| Factory produced: Jeep A2, 1994
18:51:21| Factory produced: Acura M5, 1995
18:51:21| Dealer sold: Dodge RX, 2018
18:51:21| Factory produced: Dodge A2, 1997
18:51:21| Factory produced: Toyota RX, 2001
18:51:21| Factory produced: Dodge Ranger, 2012
18:51:21| Dealer sold: Volvo XLE, 2004
18:51:21| Factory produced: Toyota XL, 1991
18:51:21| Dealer sold: Buick Sport, 2013
18:51:21| Dealer sold: Jeep Flat, 1994
18:51:21| Factory produced: Volkswagen G35, 1993
18:51:21| Factory produced: Nissan Ranger, 2005
18:51:21| Dealer sold: Jeep A2, 1994
18:51:21| Factory produced: Kia Round, 2022
18:51:21| Dealer sold: Acura M5, 1995
18:51:21| Dealer sold: Dodge A2, 1997
18:51:21| Factory produced: Chrysler M1X, 2006
18:51:21| Dealer sold: Toyota RX, 2001
18:51:21| Factory produced: Hyundai Tall, 2024
18:51:21| Factory produced: Volkswagen Viper, 2020
18:51:21| Factory produced: Buick Ranger, 1998
18:51:21| Dealer sold: Dodge Ranger, 2012
18:51:21| Dealer sold: Toyota XL, 1991
18:51:21| Factory produced: Mazda Tall, 2008
18:51:21| Dealer sold: Volkswagen G35, 1993
18:51:21| Factory produced: Honda SE, 2021
18:51:21| Factory produced: Lexus M1, 2000
18:51:21| Dealer sold: Nissan Ranger, 2005
18:51:21| Factory produced: Mitsubishi F150, 1997
18:51:21| Factory produced: Mazda SE, 1990
18:51:21| Dealer sold: Kia Round, 2022
18:51:21| Dealer sold: Chrysler M1X, 2006
18:51:21| Factory produced: Volkswagen Charger, 2008
18:51:21| Dealer sold: Hyundai Tall, 2024
18:51:21| Factory produced: Buick SXE, 2003
18:51:21| Dealer sold: Volkswagen Viper, 2020
18:51:21| Factory produced: Fiat F150, 2024
18:51:21| Dealer sold: Buick Ranger, 1998
18:51:21| Factory produced: Volkswagen Town, 2014
18:51:21| Dealer sold: Mazda Tall, 2008
18:51:21| Dealer sold: Honda SE, 2021
18:51:21| Factory produced: Volkswagen M5, 2024
18:51:21| Factory produced: Fiat Sport, 2021
18:51:21| Dealer sold: Lexus M1, 2000
18:51:21| Dealer sold: Mitsubishi F150, 1997
18:51:21| Factory produced: Mitsubishi SXE, 2009
18:51:21| Dealer sold: Mazda SE, 1990
18:51:21| Dealer sold: Volkswagen Charger, 2008
18:51:21| Factory produced: Toyota Town, 1999
18:51:21| Dealer sold: Buick SXE, 2003
18:51:21| Dealer sold: Fiat F150, 2024
18:51:21| Factory produced: Dodge Tall, 2004
18:51:21| Factory produced: Honda Ranger, 2014
18:51:21| Dealer sold: Volkswagen Town, 2014
18:51:21| Factory produced: Subaru Ranger, 1999
18:51:21| Factory produced: Kia XLE, 2001
18:51:21| Factory produced: Dodge Middle, 2009
18:51:21| Dealer sold: Volkswagen M5, 2024
18:51:21| Factory produced: Mazda SE, 2004
18:51:21| Factory produced: Honda Round, 1996
18:51:21| Dealer sold: Fiat Sport, 2021
18:51:21| Dealer sold: Mitsubishi SXE, 2009
18:51:21| Factory produced: Infiniti XL, 2001
18:51:21| Factory produced: Volvo XLS, 2009
18:51:21| Dealer sold: Toyota Town, 1999
18:51:21| Dealer sold: Dodge Tall, 2004
18:51:21| Dealer sold: Honda Ranger, 2014
18:51:21| Factory produced: Chevrolet Town, 1999
18:51:21| Dealer sold: Subaru Ranger, 1999
18:51:21| Factory produced: Smart Sport, 2008
18:51:21| Dealer sold: Kia XLE, 2001
18:51:21| Dealer sold: Dodge Middle, 2009
18:51:21| Factory produced: Jeep M1X, 2004
18:51:22| Dealer sold: Mazda SE, 2004
18:51:22| Factory produced: Jeep Charger, 2003
18:51:22| Dealer sold: Honda Round, 1996
18:51:22| Dealer sold: Infiniti XL, 2001
18:51:22| Factory produced: Chevrolet Super, 2003
18:51:22| Dealer sold: Volvo XLS, 2009
18:51:22| Factory produced: Mitsubishi Town, 1997
18:51:22| Factory produced: Lexus RX, 2006
18:51:22| Dealer sold: Chevrolet Town, 1999
18:51:22| Dealer sold: Smart Sport, 2008
18:51:22| Factory produced: Kia Town, 2006
18:51:22| Dealer sold: Jeep M1X, 2004
18:51:22| Dealer sold: Jeep Charger, 2003
18:51:22| Dealer sold: Chevrolet Super, 2003
18:51:22| Factory produced: Hyundai MM, 2013
18:51:22| Factory produced: Volvo Super, 2017
18:51:22| Factory produced: Fiat Super, 2005
18:51:22| Dealer sold: Mitsubishi Town, 1997
18:51:22| Factory produced: Mitsubishi M1, 2018
18:51:22| Dealer sold: Lexus RX, 2006
18:51:22| Factory produced: Ford Sport, 1993
18:51:22| Dealer sold: Kia Town, 2006
18:51:22| Dealer sold: Hyundai MM, 2013
18:51:22| Factory produced: Nissan M5, 2006
18:51:22| Factory produced: Chrysler A2, 2013
18:51:22| Dealer sold: Volvo Super, 2017
18:51:22| Factory produced: Smart GX, 2011
18:51:22| Dealer sold: Fiat Super, 2005
18:51:22| Factory produced: Chevrolet A1, 2002
18:51:22| Dealer sold: Mitsubishi M1, 2018
18:51:22| Factory produced: Nissan Flat, 1997
18:51:22| Dealer sold: Ford Sport, 1993
18:51:22| Factory produced: Honda Flat, 2016
18:51:22| Factory produced: Infiniti M1, 2004
18:51:22| Dealer sold: Nissan M5, 2006
18:51:22| Dealer sold: Chrysler A2, 2013
18:51:22| Factory produced: Buick Sport, 2011
18:51:22| Factory produced: Jeep XLS, 2017
18:51:22| Factory produced: Hyundai Titan, 1995
18:51:22| Dealer sold: Smart GX, 2011
18:51:22| Factory produced: Chrysler M5, 2019
18:51:22| Dealer sold: Chevrolet A1, 2002
18:51:22| Dealer sold: Nissan Flat, 1997
18:51:22| Factory produced: Infiniti Super, 2007
18:51:22| Factory produced: Dodge Town, 1990
18:51:22| Dealer sold: Honda Flat, 2016
18:51:22| Factory produced: Dodge Flat, 1999
18:51:22| Factory produced: Ford Charger, 2022
18:51:22| Dealer sold: Infiniti M1, 2004
18:51:22| Factory produced: Fiat M1, 2007
18:51:22| Factory produced: Infiniti Flat, 1999
18:51:22| Dealer sold: Buick Sport, 2011
18:51:22| Factory produced: Volvo M1, 2004
18:51:22| Dealer sold: Jeep XLS, 2017
18:51:22| Dealer sold: Hyundai Titan, 1995
18:51:22| Dealer sold: Chrysler M5, 2019
18:51:22| Factory produced: Buick Super, 1999
18:51:22| Dealer sold: Infiniti Super, 2007
18:51:22| Factory produced: Dodge Tall, 2008
18:51:22| Dealer sold: Dodge Town, 1990
18:51:22| Factory produced: Chrysler A1, 2008
18:51:22| Dealer sold: Dodge Flat, 1999
18:51:22| Dealer sold: Ford Charger, 2022
18:51:22| Factory produced: Nissan RX, 2018
18:51:22| Factory produced: Volkswagen F150, 2014
18:51:22| Dealer sold: Fiat M1, 2007
18:51:22| Dealer sold: Infiniti Flat, 1999
18:51:22| Dealer sold: Volvo M1, 2004
18:51:22| Factory produced: Chevrolet Super, 2024
18:51:22| Dealer sold: Buick Super, 1999
18:51:22| Dealer sold: Dodge Tall, 2008
18:51:22| Factory produced: Toyota XOX, 1999
18:51:22| Dealer sold: Chrysler A1, 2008
18:51:22| Factory produced: Honda Titan, 2015
18:51:22| Dealer sold: Nissan RX, 2018
18:51:22| Factory produced: Mitsubishi Middle, 2009
18:51:22| Dealer sold: Volkswagen F150, 2014
18:51:22| Factory produced: Jeep Round, 2000
18:51:22| Dealer sold: Chevrolet Super, 2024
18:51:22| Factory produced: Ford Tall, 2011
18:51:22| Factory produced: Toyota Charger, 2012
18:51:22| Dealer sold: Toyota XOX, 1999
18:51:22| Factory: Production complete!
18:51:22| Dealer sold: Honda Titan, 2015
18:51:22| Dealer sold: Mitsubishi Middle, 2009
18:51:22| Dealer sold: Jeep Round, 2000
18:51:22| Dealer sold: Ford Tall, 2011
18:51:22| Dealer sold: Toyota Charger, 2012
18:51:22| Dealer: Received termination signal.
18:51:22| All 500 have been created and sold. = 10.12396230
