17:18:27| Factory produced: Subaru Town, 2010
17:18:27| Dealer sold: Subaru Town, 2010
17:18:27| Factory produced: Volkswagen Grand, 2023
17:18:27| Dealer sold: Volkswagen Grand, 2023
17:18:27| Factory produced: Kia SXE, 2020
17:18:27| Factory produced: Jeep Town, 2013
17:18:27| Dealer sold: Kia SXE, 2020
17:18:27| Factory produced: Buick XLE, 1996
17:18:27| Factory produced: Volvo RX, 2019
17:18:27| Dealer sold: Jeep Town, 2013
17:18:27| Factory produced: Chrysler GX, 1995
17:18:27| Factory produced: Dodge GX, 2004
17:18:27| Dealer sold: Buick XLE, 1996
17:18:27| Factory produced: Acura Viper, 2021
17:18:27| Dealer sold: Volvo RX, 2019
17:18:27| Dealer sold: Chrysler GX, 1995
17:18:27| Factory produced: Ford Town, 1996
17:18:27| Dealer sold: Dodge GX, 2004
17:18:27| Factory produced: Subaru GX, 1995
17:18:27| Factory produced: Fiat Round, 2006
17:18:27| Factory produced: Acura Titan, 2004
17:18:27| Dealer sold: Acura Viper, 2021
17:18:27| Dealer sold: Ford Town, 1996
17:18:27| Factory produced: Infiniti Titan, 2004
17:18:27| Factory produced: Jeep XLS, 1996
17:18:27| Dealer sold: Subaru GX, 1995
17:18:27| Factory produced: Buick MM, 1991
17:18:27| Dealer sold: Fiat Round, 2006
17:18:27| Factory produced: Volvo Middle, 1993
17:18:28| Dealer sold: Acura Titan, 2004
17:18:28| Dealer sold: Infiniti Titan, 2004
17:18:28| Factory produced: Chevrolet Charger, 1990
17:18:28| Dealer sold: Jeep XLS, 1996
17:18:28| Factory produced: Mazda M1, 2001
17:18:28| Dealer sold: Buick MM, 1991
17:18:28| Factory produced: Subaru F150, 2004
17:18:28| Factory produced: Hyundai Titan, 1991
17:18:28| Dealer sold: Volvo Middle, 1993
17:18:28| Factory produced: Mitsubishi XLE, 1994
17:18:28| Factory produced: Volvo Titan, 2007
17:18:28| Dealer sold: Chevrolet Charger, 1990
17:18:28| Dealer sold: Mazda M1, 2001
17:18:28| Factory produced: Smart XL, 2012
17:18:28| Dealer sold: Subaru F150, 2004
17:18:28| Dealer sold: Hyundai Titan, 1991
17:18:28| Factory produced: Kia Titan, 2005
17:18:28| Factory produced: Nissan XOX, 1996
17:18:28| Dealer sold: Mitsubishi XLE, 1994
17:18:28| Factory produced: Ford Flat, 2019
17:18:28| Factory produced: Volkswagen GX, 2008
17:18:28| Factory produced: Chevrolet M1X, 2005
17:18:28| Dealer sold: Volvo Titan, 2007
17:18:28| Factory produced: Buick RX, 1997
17:18:28| Factory produced: Hyundai Ranger, 2003
17:18:28| Dealer sold: Smart XL, 2012
17:18:28| Dealer sold: Kia Titan, 2005
17:18:28| Factory produced: Fiat Sport, 2017
17:18:28| Dealer sold: Nissan XOX, 1996
17:18:28| Factory produced: Infiniti XLS, 2004
17:18:28| Dealer sold: Ford Flat, 2019
17:18:28| Factory produced: Acura Viper, 2020
17:18:28| Factory produced: Volvo Sport, 2000
17:18:28| Dealer sold: Volkswagen GX, 2008
17:18:28| Dealer sold: Chevrolet M1X, 2005
17:18:28| Factory produced: Kia SE, 2015
17:18:28| Dealer sold: Buick RX, 1997
17:18:28| Factory produced: Honda Round, 1996
17:18:28| Dealer sold: Hyundai Ranger, 2003
17:18:28| Factory produced: Volkswagen Ranger, 2023
17:18:28| Dealer sold: Fiat Sport, 2017
17:18:28| Factory produced: Volvo MM, 2017
17:18:28| Factory produced: Dodge Super, 2006
17:18:28| Dealer sold: Infiniti XLS, 2004
17:18:28| Factory produced: Mazda Grand, 2013
17:18:28| Dealer sold: Acura Viper, 2020
17:18:28| Dealer sold: Volvo Sport, 2000
17:18:28| Factory produced: Acura SE, 2013
17:18:28| Factory produced: Volvo SE, 1995
17:18:28| Dealer sold: Kia SE, 2015
17:18:28| Factory produced: Kia G35, 2023
17:18:28| Dealer sold: Honda Round, 1996
17:18:28| Dealer sold: Volkswagen Ranger, 2023
17:18:28| Factory produced: Chrysler GX, 2023
17:18:28| Factory produced: Hyundai MM, 2023
17:18:28| Dealer sold: Volvo MM, 2017
17:18:28| Dealer sold: Dodge Super, 2006
17:18:28| Factory produced: Chrysler XLS, 2003
17:18:28| Dealer sold: Mazda Grand, 2013
17:18:28| Dealer sold: Acura SE, 2013
17:18:28| Factory produced: Nissan Ranger, 2000
17:18:28| Dealer sold: Volvo SE, 1995
17:18:28| Factory produced: Toyota A1, 2005
17:18:28| Dealer sold: Kia G35, 2023
17:18:28| Factory produced: Infiniti Charger, 2016
17:18:28| Dealer sold: Chrysler GX, 2023
17:18:28| Dealer sold: Hyundai MM, 2023
17:18:28| Dealer sold: Chrysler XLS, 2003
17:18:28| Factory produced: Kia MM, 2019
17:18:28| Factory produced: Infiniti Tall, 1997
17:18:28| Factory produced: Jeep Middle, 2022
17:18:28| Dealer sold: Nissan Ranger, 2000
17:18:28| Dealer sold: Toyota A1, 2005
17:18:28| Factory produced: Volvo A2, 2016
17:18:28| Dealer sold: Infiniti Charger, 2016
17:18:28| Factory produced: Lexus GX, 2007
17:18:28| Dealer sold: Kia MM, 2019
17:18:28| Factory produced: Kia Tall, 1995
17:18:28| Dealer sold: Infiniti Tall, 1997
17:18:28| Factory produced: Toyota G35, 2022
17:18:28| Factory produced: Buick GX, 2014
17:18:28| Factory produced: Lexus SE, 1996
17:18:28| Dealer sold: Jeep Middle, 2022
17:18:28| Dealer sold: Volvo A2, 2016
17:18:28| Factory produced: Toyota Round, 2001
17:18:28| Factory produced: Mazda SXE, 2024
17:18:28| Dealer sold: Lexus GX, 2007
17:18:28| Factory produced: Toyota Titan, 2009
17:18:28| Dealer sold: Kia Tall, 1995
17:18:28| Dealer sold: Toyota G35, 2022
17:18:28| Factory produced: Volvo Super, 2018
17:18:28| Dealer sold: Buick GX, 2014
17:18:28| Factory produced: Chevrolet Middle, 1997
17:18:28| Dealer sold: Lexus SE, 1996
17:18:28| Factory produced: Mitsubishi M1, 2022
17:18:28| Dealer sold: Toyota Round, 2001
17:18:28| Factory produced: Mitsubishi XLE, 1999
17:18:28| Factory produced: Ford Ranger, 2006
17:18:28| Dealer sold: Mazda SXE, 2024
17:18:29| Dealer sold: Toyota Titan, 2009
17:18:29| Factory produced: Subaru Middle, 2024
17:18:29| Dealer sold: Volvo Super, 2018
17:18:29| Dealer sold: Chevrolet Middle, 1997
17:18:29| Factory produced: Subaru GX, 2001
17:18:29| Factory produced: Mitsubishi A2, 2020
17:18:29| Dealer sold: Mitsubishi M1, 2022
17:18:29| Factory produced: Mitsubishi Charger, 1993
17:18:29| Dealer sold: Mitsubishi XLE, 1999
17:18:29| Factory produced: Subaru RX, 2006
17:18:29| Factory produced: Subaru Round, 2012
17:18:29| Dealer sold: Ford Ranger, 2006
17:18:29| Dealer sold: Subaru Middle, 2024
17:18:29| Factory produced: Fiat M5, 2022
17:18:29| Dealer sold: Subaru GX, 2001
17:18:29| Factory produced: Chevrolet XL, 2022
17:18:29| Factory produced: Volvo Round, 2016
17:18:29| Dealer sold: Mitsubishi A2, 2020
17:18:29| Factory produced: Buick A2, 2012
17:18:29| Dealer sold: Mitsubishi Charger, 1993
17:18:29| Factory produced: Volvo SXE, 2018
17:18:29| Dealer sold: Subaru RX, 2006
17:18:29| Factory produced: Nissan Tall, 1999
17:18:29| Factory produced: Mazda MM, 1998
17:18:29| Factory produced: Volvo Titan, 2000
17:18:29| Dealer sold: Subaru Round, 2012
17:18:29| Dealer sold: Fiat M5, 2022
17:18:29| Factory produced: Volkswagen XL, 2002
17:18:29| Dealer sold: Chevrolet XL, 2022
17:18:29| Factory produced: Mazda SXE, 2019
17:18:29| Factory produced: Subaru A2, 2000
17:18:29| Dealer sold: Volvo Round, 2016
17:18:29| Factory produced: Acura XLS, 1998
17:18:29| Factory produced: Honda SE, 1997
17:18:29| Dealer sold: Buick A2, 2012
17:18:29| Factory produced: Mitsubishi A1, 2012
17:18:29| Dealer sold: Volvo SXE, 2018
17:18:29| Dealer sold: Nissan Tall, 1999
17:18:29| Dealer sold: Mazda MM, 1998
17:18:29| Factory produced: Dodge SE, 1993
17:18:29| Dealer sold: Volvo Titan, 2000
17:18:29| Factory produced: Volvo A2, 1997
17:18:29| Dealer sold: Volkswagen XL, 2002
17:18:29| Factory produced: Jeep Tall, 2016
17:18:29| Factory produced: Toyota A2, 2004
17:18:29| Dealer sold: Mazda SXE, 2019
17:18:29| Factory produced: Honda MM, 2023
17:18:29| Dealer sold: Subaru A2, 2000
17:18:29| Factory produced: Kia Charger, 2006
17:18:29| Dealer sold: Acura XLS, 1998
17:18:29| Factory produced: Jeep Grand, 2022
17:18:29| Dealer sold: Honda SE, 1997
17:18:29| Factory produced: Buick Grand, 2024
17:18:29| Dealer sold: Mitsubishi A1, 2012
17:18:29| Dealer sold: Dodge SE, 1993
17:18:29| Factory produced: Smart A2, 2003
17:18:29| Factory produced: Mitsubishi Charger, 2008
17:18:29| Dealer sold: Volvo A2, 1997
17:18:29| Dealer sold: Jeep Tall, 2016
17:18:29| Factory produced: Ford F150, 1994
17:18:29| Factory produced: Nissan Round, 2012
17:18:29| Dealer sold: Toyota A2, 2004
17:18:29| Factory produced: Infiniti M1, 2013
17:18:29| Dealer sold: Honda MM, 2023
17:18:29| Factory produced: Hyundai Grand, 2023
17:18:29| Dealer sold: Kia Charger, 2006
17:18:29| Dealer sold: Jeep Grand, 2022
17:18:29| Factory produced: Mazda Town, 2024
17:18:29| Dealer sold: Buick Grand, 2024
17:18:29| Dealer sold: Smart A2, 2003
17:18:29| Factory produced: Nissan Sport, 2022
17:18:29| Dealer sold: Mitsubishi Charger, 2008
17:18:29| Factory produced: Fiat XL, 2014
17:18:29| Factory produced: Ford RX, 2002
17:18:29| Dealer sold: Ford F150, 1994
17:18:29| Factory produced: Kia SXE, 1997
17:18:29| Factory produced: Kia SXE, 1999
17:18:29| Dealer sold: Nissan Round, 2012
17:18:29| Factory produced: Subaru M1, 2009
17:18:29| Factory produced: Kia M1X, 2007
17:18:29| Dealer sold: Infiniti M1, 2013
17:18:29| Factory produced: Nissan F150, 1992
17:18:29| Dealer sold: Hyundai Grand, 2023
17:18:29| Dealer sold: Mazda Town, 2024
17:18:29| Factory produced: Hyundai A1, 2002
17:18:29| Factory produced: Lexus Town, 2012
17:18:29| Dealer sold: Nissan Sport, 2022
17:18:29| Dealer sold: Fiat XL, 2014
17:18:29| Factory produced: Nissan Super, 1997
17:18:29| Dealer sold: Ford RX, 2002
17:18:29| Dealer sold: Kia SXE, 1997
17:18:29| Factory produced: Chrysler SE, 2008
17:18:29| Factory produced: Fiat Sport, 2007
17:18:29| Factory produced: Fiat Charger, 2020
17:18:29| Dealer sold: Kia SXE, 1999
17:18:29| Factory produced: Volkswagen M1X, 2001
17:18:29| Dealer sold: Subaru M1, 2009
17:18:29| Dealer sold: Kia M1X, 2007
17:18:29| Factory produced: Subaru Viper, 2002
17:18:29| Factory produced: Jeep Titan, 2024
17:18:29| Dealer sold: Nissan F150, 1992
17:18:29| Factory produced: Chevrolet G35, 2020
17:18:29| Dealer sold: Hyundai A1, 2002
17:18:29| Factory produced: Chrysler XOX, 2000
17:18:29| Dealer sold: Lexus Town, 2012
17:18:29| Factory produced: Mitsubishi SXE, 2023
17:18:29| Dealer sold: Nissan Super, 1997
17:18:30| Dealer sold: Chrysler SE, 2008
17:18:30| Factory produced: Nissan Charger, 2022
17:18:30| Dealer sold: Fiat Sport, 2007
17:18:30| Factory produced: Acura F150, 2007
17:18:30| Dealer sold: Fiat Charger, 2020
17:18:30| Factory produced: Ford Tall, 2023
17:18:30| Factory produced: Smart Viper, 1999
17:18:30| Dealer sold: Volkswagen M1X, 2001
17:18:30| Factory produced: Smart Sport, 2009
17:18:30| Dealer sold: Subaru Viper, 2002
17:18:30| Factory produced: Kia Ranger, 1999
17:18:30| Dealer sold: Jeep Titan, 2024
17:18:30| Dealer sold: Chevrolet G35, 2020
17:18:30| Factory produced: Hyundai Middle, 2012
17:18:30| Dealer sold: Chrysler XOX, 2000
17:18:30| Factory produced: Kia Titan, 2010
17:18:30| Factory produced: Subaru Titan, 2006
17:18:30| Dealer sold: Mitsubishi SXE, 2023
17:18:30| Dealer sold: Nissan Charger, 2022
17:18:30| Factory produced: Honda M1X, 2021
17:18:30| Dealer sold: Acura F150, 2007
17:18:30| Factory produced: Toyota Super, 2021
17:18:30| Factory produced: Mitsubishi Tall, 2009
17:18:30| Dealer sold: Ford Tall, 2023
17:18:30| Factory produced: Mazda GX, 1997
17:18:30| Dealer sold: Smart Viper, 1999
17:18:30| Dealer sold: Smart Sport, 2009
17:18:30| Factory produced: Dodge M1X, 2013
17:18:30| Dealer sold: Kia Ranger, 1999
17:18:30| Dealer sold: Hyundai Middle, 2012
17:18:30| Factory produced: Jeep MM, 1993
17:18:30| Dealer sold: Kia Titan, 2010
17:18:30| Dealer sold: Subaru Titan, 2006
17:18:30| Factory produced: Lexus Titan, 2023
17:18:30| Factory produced: Dodge Viper, 2019
17:18:30| Dealer sold: Honda M1X, 2021
17:18:30| Dealer sold: Toyota Super, 2021
17:18:30| Factory produced: Subaru G35, 2002
17:18:30| Dealer sold: Mitsubishi Tall, 2009
17:18:30| Dealer sold: Mazda GX, 1997
17:18:30| Factory produced: Mazda GX, 2019
17:18:30| Dealer sold: Dodge M1X, 2013
17:18:30| Factory produced: Subaru Super, 2023
17:18:30| Dealer sold: Jeep MM, 1993
17:18:30| Factory produced: Volkswagen Sport, 2014
17:18:30| Factory produced: Toyota XOX, 2013
17:18:30| Dealer sold: Lexus Titan, 2023
17:18:30| Factory produced: Dodge G35, 1990
17:18:30| Dealer sold: Dodge Viper, 2019
17:18:30| Factory produced: Jeep SE, 1993
17:18:30| Dealer sold: Subaru G35, 2002
17:18:30| Factory produced: Volkswagen Ranger, 2019
17:18:30| Dealer sold: Mazda GX, 2019
17:18:30| Factory produced: Chrysler Sport, 1997
17:18:30| Dealer sold: Subaru Super, 2023
17:18:30| Dealer sold: Volkswagen Sport, 2014
17:18:30| Factory produced: Volvo Grand, 2001
17:18:30| Dealer sold: Toyota XOX, 2013
17:18:30| Factory produced: Lexus A2, 2006
17:18:30| Dealer sold: Dodge G35, 1990
17:18:30| Factory produced: Ford MM, 2012
17:18:30| Factory produced: Mazda SXE, 2002
17:18:30| Dealer sold: Jeep SE, 1993
17:18:30| Dealer sold: Volkswagen Ranger, 2019
17:18:30| Dealer sold: Chrysler Sport, 1997
17:18:30| Factory produced: Smart MM, 2016
17:18:30| Dealer sold: Volvo Grand, 2001
17:18:30| Factory produced: Kia Middle, 2005
17:18:30| Factory produced: Infiniti XLE, 2015
17:18:30| Dealer sold: Lexus A2, 2006
17:18:30| Factory produced: Mitsubishi MM, 2005
17:18:30| Dealer sold: Ford MM, 2012
17:18:30| Factory produced: Honda G35, 1992
17:18:30| Factory produced: Infiniti M5, 2007
17:18:30| Dealer sold: Mazda SXE, 2002
17:18:30| Dealer sold: Smart MM, 2016
17:18:30| Factory produced: Fiat Grand, 2010
17:18:30| Dealer sold: Kia Middle, 2005
17:18:30| Factory produced: Fiat Flat, 2000
17:18:30| Dealer sold: Infiniti XLE, 2015
17:18:30| Factory produced: Toyota A1, 2003
17:18:30| Dealer sold: Mitsubishi MM, 2005
17:18:30| Factory produced: Toyota XOX, 2019
17:18:30| Factory produced: Volvo Viper, 2022
17:18:30| Dealer sold: Honda G35, 1992
17:18:30| Factory produced: Toyota Town, 2002
17:18:30| Factory produced: Smart M1X, 1997
17:18:30| Dealer sold: Infiniti M5, 2007
17:18:30| Dealer sold: Fiat Grand, 2010
17:18:30| Factory produced: Buick F150, 2011
17:18:30| Factory produced: Mazda A2, 2015
17:18:30| Factory produced: Chrysler Viper, 2014
17:18:30| Dealer sold: Fiat Flat, 2000
17:18:30| Dealer sold: Toyota A1, 2003
17:18:30| Factory produced: Buick A1, 2019
17:18:30| Factory produced: Infiniti M1, 2012
17:18:31| Factory produced: Jeep XLE, 2007
17:18:31| Dealer sold: Toyota XOX, 2019
17:18:31| Factory produced: Mazda SE, 2005
17:18:31| Dealer sold: Volvo Viper, 2022
17:18:31| Factory produced: Volkswagen G35, 2007
17:18:31| Dealer sold: Toyota Town, 2002
17:18:31| Dealer sold: Smart M1X, 1997
17:18:31| Dealer sold: Buick F150, 2011
17:18:31| Factory produced: Toyota F150, 2012
17:18:31| Factory produced: Kia G35, 2013
17:18:31| Dealer sold: Mazda A2, 2015
17:18:31| Factory produced: Ford Titan, 2023
17:18:31| Dealer sold: Chrysler Viper, 2014
17:18:31| Dealer sold: Buick A1, 2019
17:18:31| Factory produced: Subaru SE, 1992
17:18:31| Dealer sold: Infiniti M1, 2012
17:18:31| Factory produced: Nissan A1, 1992
17:18:31| Factory produced: Buick XLS, 1999
17:18:31| Dealer sold: Jeep XLE, 2007
17:18:31| Dealer sold: Mazda SE, 2005
17:18:31| Factory produced: Volvo SE, 2017
17:18:31| Dealer sold: Volkswagen G35, 2007
17:18:31| Factory produced: Subaru Viper, 2023
17:18:31| Dealer sold: Toyota F150, 2012
17:18:31| Dealer sold: Kia G35, 2013
17:18:31| Factory produced: Buick M1X, 2011
17:18:31| Dealer sold: Ford Titan, 2023
17:18:31| Factory produced: Mazda Super, 2017
17:18:31| Dealer sold: Subaru SE, 1992
17:18:31| Factory produced: Toyota Tall, 2009
17:18:31| Dealer sold: Nissan A1, 1992
17:18:31| Factory produced: Smart SE, 1997
17:18:31| Factory produced: Honda Grand, 1998
17:18:31| Dealer sold: Buick XLS, 1999
17:18:31| Factory produced: Fiat SXE, 2006
17:18:31| Dealer sold: Volvo SE, 2017
17:18:31| Factory produced: Infiniti Charger, 2002
17:18:31| Dealer sold: Subaru Viper, 2023
17:18:31| Factory produced: Infiniti Round, 1996
17:18:31| Dealer sold: Buick M1X, 2011
17:18:31| Factory produced: Hyundai Ranger, 2009
17:18:31| Factory produced: Chevrolet GX, 1991
17:18:31| Dealer sold: Mazda Super, 2017
17:18:31| Dealer sold: Toyota Tall, 2009
17:18:31| Factory produced: Infiniti G35, 2008
17:18:31| Factory produced: Kia Super, 1990
17:18:31| Dealer sold: Smart SE, 1997
17:18:31| Dealer sold: Honda Grand, 1998
17:18:31| Factory produced: Volkswagen Tall, 1995
17:18:31| Dealer sold: Fiat SXE, 2006
17:18:31| Factory produced: Buick XOX, 2023
17:18:31| Dealer sold: Infiniti Charger, 2002
17:18:31| Dealer sold: Infiniti Round, 1996
17:18:31| Factory produced: Smart Titan, 2008
17:18:31| Factory produced: Mazda Round, 2017
17:18:31| Dealer sold: Hyundai Ranger, 2009
17:18:31| Factory produced: Chevrolet A1, 2001
17:18:31| Factory produced: Chrysler Flat, 2001
17:18:31| Factory produced: Hyundai Round, 2008
17:18:31| Dealer sold: Chevrolet GX, 1991
17:18:31| Dealer sold: Infiniti G35, 2008
17:18:31| Factory produced: Fiat XLS, 2024
17:18:31| Factory produced: Ford M1X, 2000
17:18:31| Dealer sold: Kia Super, 1990
17:18:31| Factory produced: Mitsubishi GX, 1994
17:18:31| Dealer sold: Volkswagen Tall, 1995
17:18:31| Factory produced: Fiat Sport, 2003
17:18:31| Dealer sold: Buick XOX, 2023
17:18:31| Dealer sold: Smart Titan, 2008
17:18:31| Factory produced: Nissan G35, 1997
17:18:31| Dealer sold: Mazda Round, 2017
17:18:31| Dealer sold: Chevrolet A1, 2001
17:18:31| Factory produced: Hyundai Ranger, 2021
17:18:31| Factory produced: Honda Titan, 2002
17:18:31| Dealer sold: Chrysler Flat, 2001
17:18:31| Factory produced: Volkswagen Titan, 2005
17:18:31| Factory produced: Dodge A2, 1992
17:18:31| Dealer sold: Hyundai Round, 2008
17:18:31| Factory produced: Ford MM, 2007
17:18:31| Dealer sold: Fiat XLS, 2024
17:18:31| Dealer sold: Ford M1X, 2000
17:18:31| Factory produced: Chevrolet Flat, 2013
17:18:31| Factory produced: Infiniti Flat, 2021
17:18:31| Dealer sold: Mitsubishi GX, 1994
17:18:31| Factory produced: Dodge Middle, 1991
17:18:31| Dealer sold: Fiat Sport, 2003
17:18:31| Factory produced: Fiat Viper, 2021
17:18:31| Dealer sold: Nissan G35, 1997
17:18:31| Dealer sold: Hyundai Ranger, 2021
17:18:31| Factory produced: Mazda RX, 2015
17:18:31| Dealer sold: Honda Titan, 2002
17:18:31| Factory produced: Volkswagen GX, 2024
17:18:31| Dealer sold: Volkswagen Titan, 2005
17:18:31| Factory produced: Toyota M1, 1997
17:18:31| Dealer sold: Dodge A2, 1992
17:18:31| Dealer sold: Ford MM, 2007
17:18:31| Factory produced: Nissan RX, 2001
17:18:32| Dealer sold: Chevrolet Flat, 2013
17:18:32| Dealer sold: Infiniti Flat, 2021
17:18:32| Factory produced: Fiat A2, 1991
17:18:32| Factory produced: Toyota XL, 2020
17:18:32| Dealer sold: Dodge Middle, 1991
17:18:32| Factory produced: Dodge RX, 2013
17:18:32| Dealer sold: Fiat Viper, 2021
17:18:32| Factory produced: Mitsubishi Tall, 2011
17:18:32| Factory produced: Buick A2, 2019
17:18:32| Dealer sold: Mazda RX, 2015
17:18:32| Factory produced: Lexus M1, 2001
17:18:32| Factory produced: Mazda SE, 2003
17:18:32| Dealer sold: Volkswagen GX, 2024
17:18:32| Factory produced: Toyota SXE, 2009
17:18:32| Dealer sold: Toyota M1, 1997
17:18:32| Dealer sold: Nissan RX, 2001
17:18:32| Factory produced: Buick Town, 1998
17:18:32| Factory produced: Volvo Tall, 1991
17:18:32| Dealer sold: Fiat A2, 1991
17:18:32| Dealer sold: Toyota XL, 2020
17:18:32| Factory produced: Volvo Super, 2010
17:18:32| Dealer sold: Dodge RX, 2013
17:18:32| Dealer sold: Mitsubishi Tall, 2011
17:18:32| Factory produced: Volkswagen XOX, 1998
17:18:32| Factory produced: Fiat SE, 2020
17:18:32| Dealer sold: Buick A2, 2019
17:18:32| Dealer sold: Lexus M1, 2001
17:18:32| Factory produced: Buick Super, 1992
17:18:32| Dealer sold: Mazda SE, 2003
17:18:32| Factory produced: Nissan XLS, 1991
17:18:32| Factory produced: Volvo Flat, 1993
17:18:32| Dealer sold: Toyota SXE, 2009
17:18:32| Dealer sold: Buick Town, 1998
17:18:32| Factory produced: Chrysler Town, 2004
17:18:32| Dealer sold: Volvo Tall, 1991
17:18:32| Factory produced: Kia Tall, 2001
17:18:32| Factory produced: Volkswagen Flat, 2010
17:18:32| Dealer sold: Volvo Super, 2010
17:18:32| Factory produced: Infiniti Town, 2006
17:18:32| Dealer sold: Volkswagen XOX, 1998
17:18:32| Factory produced: Jeep Grand, 2011
17:18:32| Factory produced: Honda G35, 2008
17:18:32| Dealer sold: Fiat SE, 2020
17:18:32| Factory produced: Volvo Town, 2014
17:18:32| Dealer sold: Buick Super, 1992
17:18:32| Dealer sold: Nissan XLS, 1991
17:18:32| Factory produced: Mazda XLS, 2023
17:18:32| Dealer sold: Volvo Flat, 1993
17:18:32| Factory produced: Hyundai MM, 2001
17:18:32| Dealer sold: Chrysler Town, 2004
17:18:32| Dealer sold: Kia Tall, 2001
17:18:32| Factory produced: Buick GX, 2006
17:18:32| Factory produced: Nissan A1, 2002
17:18:32| Dealer sold: Volkswagen Flat, 2010
17:18:32| Dealer sold: Infiniti Town, 2006
17:18:32| Factory produced: Jeep Town, 2000
17:18:32| Dealer sold: Jeep Grand, 2011
17:18:32| Factory produced: Toyota Middle, 1995
17:18:32| Factory produced: Smart M1, 2012
17:18:32| Dealer sold: Honda G35, 2008
17:18:32| Factory produced: Volkswagen A2, 2002
17:18:32| Factory produced: Chrysler Round, 2006
17:18:32| Dealer sold: Volvo Town, 2014
17:18:32| Factory produced: Jeep G35, 2005
17:18:32| Dealer sold: Mazda XLS, 2023
17:18:32| Factory produced: Fiat Tall, 1999
17:18:32| Dealer sold: Hyundai MM, 2001
17:18:32| Factory produced: Hyundai Grand, 2013
17:18:32| Dealer sold: Buick GX, 2006
17:18:32| Dealer sold: Nissan A1, 2002
17:18:32| Factory produced: Buick Sport, 2023
17:18:32| Factory produced: Mitsubishi M1, 1994
17:18:32| Dealer sold: Jeep Town, 2000
17:18:32| Dealer sold: Toyota Middle, 1995
17:18:32| Factory produced: Kia Sport, 2017
17:18:32| Dealer sold: Smart M1, 2012
17:18:32| Factory produced: Chrysler XLE, 1996
17:18:32| Dealer sold: Volkswagen A2, 2002
17:18:32| Factory produced: Subaru SE, 2021
17:18:32| Factory produced: Ford Charger, 2021
17:18:32| Dealer sold: Chrysler Round, 2006
17:18:32| Dealer sold: Jeep G35, 2005
17:18:32| Factory produced: Infiniti F150, 2010
17:18:32| Factory produced: Chrysler SXE, 1999
17:18:32| Dealer sold: Fiat Tall, 1999
17:18:32| Factory produced: Acura Ranger, 2017
17:18:32| Dealer sold: Hyundai Grand, 2013
17:18:32| Factory produced: Infiniti M1, 2021
17:18:32| Dealer sold: Buick Sport, 2023
17:18:32| Dealer sold: Mitsubishi M1, 1994
17:18:32| Factory produced: Subaru Ranger, 2013
17:18:32| Dealer sold: Kia Sport, 2017
17:18:32| Dealer sold: Chrysler XLE, 1996
17:18:32| Factory produced: Smart M1X, 2024
17:18:32| Factory produced: Ford SXE, 2017
17:18:32| Dealer sold: Subaru SE, 2021
17:18:32| Factory produced: Mitsubishi Middle, 2017
17:18:32| Dealer sold: Ford Charger, 2021
17:18:32| Factory produced: Nissan M5, 2003
17:18:32| Dealer sold: Infiniti F150, 2010
17:18:32| Dealer sold: Chrysler SXE, 1999
17:18:32| Factory produced: Honda MM, 1990
17:18:33| Factory produced: Acura M1X, 2004
17:18:33| Dealer sold: Acura Ranger, 2017
17:18:33| Dealer sold: Infiniti M1, 2021
17:18:33| Factory produced: Smart Town, 2007
17:18:33| Dealer sold: Subaru Ranger, 2013
17:18:33| Factory produced: Mazda Charger, 1994
17:18:33| Factory produced: Volkswagen M5, 2011
17:18:33| Dealer sold: Smart M1X, 2024
17:18:33| Dealer sold: Ford SXE, 2017
17:18:33| Factory produced: Subaru Flat, 1990
17:18:33| Factory produced: Nissan XL, 2022
17:18:33| Factory produced: Honda A2, 1991
17:18:33| Dealer sold: Mitsubishi Middle, 2017
17:18:33| Dealer sold: Nissan M5, 2003
17:18:33| Factory produced: Fiat Charger, 2017
17:18:33| Dealer sold: Honda MM, 1990
17:18:33| Dealer sold: Acura M1X, 2004
17:18:33| Factory produced: Jeep M5, 2002
17:18:33| Factory produced: Lexus Round, 2010
17:18:33| Dealer sold: Smart Town, 2007
17:18:33| Dealer sold: Mazda Charger, 1994
17:18:33| Factory produced: Lexus Round, 2016
17:18:33| Dealer sold: Volkswagen M5, 2011
17:18:33| Dealer sold: Subaru Flat, 1990
17:18:33| Dealer sold: Nissan XL, 2022
17:18:33| Factory produced: Honda G35, 2023
17:18:33| Factory produced: Hyundai Grand, 2009
17:18:33| Dealer sold: Honda A2, 1991
17:18:33| Dealer sold: Fiat Charger, 2017
17:18:33| Factory produced: Mazda GX, 2014
17:18:33| Factory produced: Mazda XLS, 2006
17:18:33| Dealer sold: Jeep M5, 2002
17:18:33| Dealer sold: Lexus Round, 2010
17:18:33| Factory produced: Mazda Tall, 2008
17:18:33| Factory produced: Dodge MM, 2013
17:18:33| Dealer sold: Lexus Round, 2016
17:18:33| Factory produced: Dodge XLE, 2024
17:18:33| Dealer sold: Honda G35, 2023
17:18:33| Factory produced: Dodge M1X, 2015
17:18:33| Dealer sold: Hyundai Grand, 2009
17:18:33| Dealer sold: Mazda GX, 2014
17:18:33| Factory produced: Jeep G35, 2018
17:18:33| Dealer sold: Mazda XLS, 2006
17:18:33| Factory produced: Honda Middle, 2005
17:18:33| Factory produced: Chrysler M1, 2014
17:18:33| Dealer sold: Mazda Tall, 2008
17:18:33| Factory produced: Hyundai M1, 2015
17:18:33| Dealer sold: Dodge MM, 2013
17:18:33| Dealer sold: Dodge XLE, 2024
17:18:33| Factory produced: Volkswagen XLS, 2007
17:18:33| Factory produced: Ford Round, 2009
17:18:33| Dealer sold: Dodge M1X, 2015
17:18:33| Dealer sold: Jeep G35, 2018
17:18:33| Factory produced: Kia Town, 2013
17:18:33| Dealer sold: Honda Middle, 2005
17:18:33| Factory produced: Infiniti SE, 2002
17:18:33| Dealer sold: Chrysler M1, 2014
17:18:33| Factory produced: Hyundai SE, 2005
17:18:33| Dealer sold: Hyundai M1, 2015
17:18:33| Factory produced: Infiniti A2, 2020
17:18:33| Dealer sold: Volkswagen XLS, 2007
17:18:33| Factory produced: Hyundai Super, 2015
17:18:33| Dealer sold: Ford Round, 2009
17:18:33| Factory produced: Smart M1X, 2008
17:18:33| Factory produced: Kia XL, 1994
17:18:33| Dealer sold: Kia Town, 2013
17:18:33| Dealer sold: Infiniti SE, 2002
17:18:33| Dealer sold: Hyundai SE, 2005
17:18:33| Factory produced: Honda GX, 2010
17:18:33| Dealer sold: Infiniti A2, 2020
17:18:33| Factory produced: Ford Ranger, 2008
17:18:33| Factory produced: Subaru A2, 2013
17:18:33| Dealer sold: Hyundai Super, 2015
17:18:33| Factory produced: Infiniti Charger, 2002
17:18:33| Dealer sold: Smart M1X, 2008
17:18:33| Factory produced: Kia MM, 2020
17:18:33| Dealer sold: Kia XL, 1994
17:18:33| Dealer sold: Honda GX, 2010
17:18:33| Factory produced: Smart Charger, 2021
17:18:33| Factory produced: Nissan Viper, 1996
17:18:33| Dealer sold: Ford Ranger, 2008
17:18:33| Factory produced: Chevrolet F150, 2002
17:18:33| Dealer sold: Subaru A2, 2013
17:18:33| Factory produced: Buick Flat, 2001
17:18:33| Dealer sold: Infiniti Charger, 2002
17:18:33| Factory produced: Volvo M1, 1992
17:18:33| Dealer sold: Kia MM, 2020
17:18:33| Factory produced: Hyundai Titan, 1995
17:18:33| Factory produced: Acura Grand, 1996
17:18:33| Dealer sold: Smart Charger, 2021
17:18:33| Factory produced: Buick Super, 2020
17:18:33| Factory produced: Mitsubishi Ranger, 2008
17:18:33| Dealer sold: Nissan Viper, 1996
17:18:33| Factory produced: Acura Round, 2012
17:18:34| Dealer sold: Chevrolet F150, 2002
17:18:34| Factory produced: Subaru Ranger, 1991
17:18:34| Factory produced: Dodge Sport, 1995
17:18:34| Dealer sold: Buick Flat, 2001
17:18:34| Dealer sold: Volvo M1, 1992
17:18:34| Factory produced: Volkswagen SXE, 2011
17:18:34| Dealer sold: Hyundai Titan, 1995
17:18:34| Factory produced: Mitsubishi A1, 2004
17:18:34| Factory produced: Hyundai XOX, 1995
17:18:34| Dealer sold: Acura Grand, 1996
17:18:34| Factory produced: Ford M1, 2000
17:18:34| Factory produced: Buick XL, 1995
17:18:34| Dealer sold: Buick Super, 2020
17:18:34| Factory produced: Mitsubishi Middle, 2019
17:18:34| Dealer sold: Mitsubishi Ranger, 2008
17:18:34| Factory produced: Mazda F150, 2021
17:18:34| Dealer sold: Acura Round, 2012
17:18:34| Dealer sold: Subaru Ranger, 1991
17:18:34| Factory produced: Hyundai M5, 2002
17:18:34| Factory produced: Smart G35, 1992
17:18:34| Dealer sold: Dodge Sport, 1995
17:18:34| Factory produced: Lexus Ranger, 1997
17:18:34| Dealer sold: Volkswagen SXE, 2011
17:18:34| Factory produced: Chevrolet MM, 1996
17:18:34| Dealer sold: Mitsubishi A1, 2004
17:18:34| Dealer sold: Hyundai XOX, 1995
17:18:34| Factory produced: Kia Ranger, 1991
17:18:34| Dealer sold: Ford M1, 2000
17:18:34| Factory produced: Lexus M5, 2017
17:18:34| Factory produced: Acura F150, 2024
17:18:34| Dealer sold: Buick XL, 1995
17:18:34| Factory produced: Mazda A2, 2007
17:18:34| Dealer sold: Mitsubishi Middle, 2019
17:18:34| Factory produced: Hyundai M5, 1995
17:18:34| Dealer sold: Mazda F150, 2021
17:18:34| Factory produced: Mazda M5, 2014
17:18:34| Dealer sold: Hyundai M5, 2002
17:18:34| Factory produced: Ford Charger, 2019
17:18:34| Dealer sold: Smart G35, 1992
17:18:34| Factory produced: Mitsubishi Tall, 2016
17:18:34| Dealer sold: Lexus Ranger, 1997
17:18:34| Dealer sold: Chevrolet MM, 1996
17:18:34| Factory produced: Infiniti Round, 2022
17:18:34| Dealer sold: Kia Ranger, 1991
17:18:34| Factory produced: Toyota Super, 1990
17:18:34| Dealer sold: Lexus M5, 2017
17:18:34| Factory produced: Volkswagen MM, 2020
17:18:34| Factory produced: Volkswagen M1, 1990
17:18:34| Dealer sold: Acura F150, 2024
17:18:34| Factory produced: Infiniti Super, 2006
17:18:34| Dealer sold: Mazda A2, 2007
17:18:34| Factory produced: Mazda Titan, 2021
17:18:34| Dealer sold: Hyundai M5, 1995
17:18:34| Dealer sold: Mazda M5, 2014
17:18:34| Dealer sold: Ford Charger, 2019
17:18:34| Factory produced: Subaru M1X, 2008
17:18:34| Dealer sold: Mitsubishi Tall, 2016
17:18:34| Factory produced: Volkswagen Tall, 2014
17:18:34| Dealer sold: Infiniti Round, 2022
17:18:34| Factory produced: Chrysler G35, 2005
17:18:34| Dealer sold: Toyota Super, 1990
17:18:34| Factory produced: Chrysler Titan, 2000
17:18:34| Dealer sold: Volkswagen MM, 2020
17:18:34| Factory produced: Nissan Middle, 2003
17:18:34| Dealer sold: Volkswagen M1, 1990
17:18:34| Factory produced: Kia Viper, 2013
17:18:34| Dealer sold: Infiniti Super, 2006
17:18:34| Factory produced: Mazda F150, 2024
17:18:34| Dealer sold: Mazda Titan, 2021
17:18:34| Factory produced: Lexus XL, 1999
17:18:34| Dealer sold: Subaru M1X, 2008
17:18:34| Factory produced: Toyota Flat, 2019
17:18:34| Dealer sold: Volkswagen Tall, 2014
17:18:34| Factory produced: Ford Ranger, 1995
17:18:34| Dealer sold: Chrysler G35, 2005
17:18:34| Dealer sold: Chrysler Titan, 2000
17:18:34| Factory produced: Volvo Sport, 2024
17:18:34| Dealer sold: Nissan Middle, 2003
17:18:34| Dealer sold: Kia Viper, 2013
17:18:34| Factory produced: Nissan Super, 2003
17:18:34| Dealer sold: Mazda F150, 2024
17:18:34| Factory produced: Nissan XLS, 2004
17:18:34| Dealer sold: Lexus XL, 1999
17:18:34| Factory produced: Volvo M1, 2004
17:18:34| Dealer sold: Toyota Flat, 2019
17:18:34| Factory produced: Nissan XOX, 2019
17:18:34| Dealer sold: Ford Ranger, 1995
17:18:34| Dealer sold: Volvo Sport, 2024
17:18:34| Factory produced: Acura Ranger, 1999
17:18:34| Factory produced: Jeep G35, 1999
17:18:34| Dealer sold: Nissan Super, 2003
17:18:34| Factory produced: Acura Tall, 2000
17:18:34| Dealer sold: Nissan XLS, 2004
17:18:34| Factory produced: Jeep Tall, 1996
17:18:34| Factory produced: Chrysler XOX, 1992
17:18:34| Dealer sold: Volvo M1, 2004
17:18:35| Factory produced: Kia M1X, 2013
17:18:35| Dealer sold: Nissan XOX, 2019
17:18:35| Factory produced: Honda M1, 1991
17:18:35| Dealer sold: Acura Ranger, 1999
17:18:35| Factory produced: Mitsubishi Grand, 2014
17:18:35| Dealer sold: Jeep G35, 1999
17:18:35| Dealer sold: Acura Tall, 2000
17:18:35| Factory produced: Lexus M1, 2004
17:18:35| Factory produced: Chrysler XLS, 1990
17:18:35| Dealer sold: Jeep Tall, 1996
17:18:35| Factory produced: Infiniti A2, 1998
17:18:35| Dealer sold: Chrysler XOX, 1992
17:18:35| Factory produced: Toyota M5, 1990
17:18:35| Dealer sold: Kia M1X, 2013
17:18:35| Factory produced: Mitsubishi A2, 2022
17:18:35| Dealer sold: Honda M1, 1991
17:18:35| Factory produced: Lexus F150, 2011
17:18:35| Dealer sold: Mitsubishi Grand, 2014
17:18:35| Factory produced: Nissan Sport, 2023
17:18:35| Dealer sold: Lexus M1, 2004
17:18:35| Dealer sold: Chrysler XLS, 1990
17:18:35| Factory produced: Hyundai M1X, 2011
17:18:35| Dealer sold: Infiniti A2, 1998
17:18:35| Factory produced: Nissan M5, 2014
17:18:35| Dealer sold: Toyota M5, 1990
17:18:35| Factory produced: Buick Titan, 2003
17:18:35| Dealer sold: Mitsubishi A2, 2022
17:18:35| Dealer sold: Lexus F150, 2011
17:18:35| Factory produced: Buick RX, 1995
17:18:35| Dealer sold: Nissan Sport, 2023
17:18:35| Factory produced: Mazda M5, 2002
17:18:35| Dealer sold: Hyundai M1X, 2011
17:18:35| Factory produced: Subaru M1, 2023
17:18:35| Dealer sold: Nissan M5, 2014
17:18:35| Factory produced: Hyundai Titan, 1991
17:18:35| Dealer sold: Buick Titan, 2003
17:18:35| Factory produced: Mitsubishi M1, 2001
17:18:35| Factory produced: Kia A1, 2012
17:18:35| Dealer sold: Buick RX, 1995
17:18:35| Dealer sold: Mazda M5, 2002
17:18:35| Dealer sold: Subaru M1, 2023
17:18:35| Factory produced: Hyundai Viper, 1993
17:18:35| Dealer sold: Hyundai Titan, 1991
17:18:35| Factory produced: Toyota SE, 2022
17:18:35| Dealer sold: Mitsubishi M1, 2001
17:18:35| Dealer sold: Kia A1, 2012
17:18:35| Factory produced: Subaru M1, 2001
17:18:35| Dealer sold: Hyundai Viper, 1993
17:18:35| Factory produced: Volvo M1, 1992
17:18:35| Factory produced: Lexus SE, 2002
17:18:35| Dealer sold: Toyota SE, 2022
17:18:35| Factory produced: Jeep XOX, 2004
17:18:35| Factory produced: Fiat M5, 2019
17:18:35| Dealer sold: Subaru M1, 2001
17:18:35| Factory produced: Dodge XOX, 2003
17:18:35| Dealer sold: Volvo M1, 1992
17:18:35| Dealer sold: Lexus SE, 2002
17:18:35| Factory produced: Dodge M1, 2022
17:18:35| Dealer sold: Jeep XOX, 2004
17:18:35| Factory produced: Chevrolet XLS, 2013
17:18:35| Dealer sold: Fiat M5, 2019
17:18:35| Factory produced: Kia F150, 2013
17:18:35| Dealer sold: Dodge XOX, 2003
17:18:35| Factory produced: Infiniti A2, 2003
17:18:35| Dealer sold: Dodge M1, 2022
17:18:35| Dealer sold: Chevrolet XLS, 2013
17:18:35| Factory produced: Ford Round, 2006
17:18:35| Factory produced: Nissan A2, 1991
17:18:35| Dealer sold: Kia F150, 2013
17:18:35| Factory produced: Hyundai M5, 2005
17:18:35| Dealer sold: Infiniti A2, 2003
17:18:35| Dealer sold: Ford Round, 2006
17:18:35| Factory produced: Mazda M1, 2012
17:18:35| Factory produced: Buick Middle, 2004
17:18:35| Factory produced: Fiat Viper, 2005
17:18:35| Dealer sold: Nissan A2, 1991
17:18:35| Factory produced: Smart Charger, 2001
17:18:35| Dealer sold: Hyundai M5, 2005
17:18:35| Factory produced: Mazda Charger, 2009
17:18:35| Factory produced: Mitsubishi Grand, 2024
17:18:35| Dealer sold: Mazda M1, 2012
17:18:35| Factory produced: Chevrolet XLS, 2014
17:18:35| Dealer sold: Buick Middle, 2004
17:18:35| Dealer sold: Fiat Viper, 2005
17:18:35| Factory produced: Nissan A1, 2014
17:18:35| Factory produced: Volkswagen Tall, 2019
17:18:35| Factory produced: Ford M1X, 1998
17:18:35| Dealer sold: Smart Charger, 2001
17:18:35| Factory produced: Subaru Tall, 2019
17:18:35| Dealer sold: Mazda Charger, 2009
17:18:35| Dealer sold: Mitsubishi Grand, 2024
17:18:35| Factory produced: Dodge M1X, 2017
17:18:35| Dealer sold: Chevrolet XLS, 2014
17:18:35| Factory produced: Mazda F150, 2022
17:18:35| Factory produced: Nissan Titan, 2009
17:18:35| Dealer sold: Nissan A1, 2014
17:18:35| Factory produced: Ford F150, 2008
17:18:35| Dealer sold: Volkswagen Tall, 2019
17:18:36| Factory produced: Chrysler Middle, 2006
17:18:36| Dealer sold: Ford M1X, 1998
17:18:36| Factory produced: Honda XLE, 1993
17:18:36| Factory produced: Ford MM, 2005
17:18:36| Dealer sold: Subaru Tall, 2019
17:18:36| Factory produced: Smart RX, 2008
17:18:36| Dealer sold: Dodge M1X, 2017
17:18:36| Dealer sold: Mazda F150, 2022
17:18:36| Factory produced: Ford M1, 2003
17:18:36| Dealer sold: Nissan Titan, 2009
17:18:36| Factory produced: Dodge XLE, 1995
17:18:36| Dealer sold: Ford F150, 2008
17:18:36| Dealer sold: Chrysler Middle, 2006
17:18:36| Factory produced: Chrysler Viper, 1992
17:18:36| Dealer sold: Honda XLE, 1993
17:18:36| Dealer sold: Ford MM, 2005
17:18:36| Factory produced: Hyundai SXE, 2009
17:18:36| Factory produced: Hyundai A2, 1999
17:18:36| Dealer sold: Smart RX, 2008
17:18:36| Dealer sold: Ford M1, 2003
17:18:36| Factory produced: Chevrolet Tall, 2006
17:18:36| Dealer sold: Dodge XLE, 1995
17:18:36| Factory produced: Lexus A1, 2005
17:18:36| Factory produced: Lexus XL, 2000
17:18:36| Dealer sold: Chrysler Viper, 1992
17:18:36| Dealer sold: Hyundai SXE, 2009
17:18:36| Dealer sold: Hyundai A2, 1999
17:18:36| Factory produced: Chevrolet Ranger, 2005
17:18:36| Factory produced: Ford RX, 2018
17:18:36| Dealer sold: Chevrolet Tall, 2006
17:18:36| Dealer sold: Lexus A1, 2005
17:18:36| Factory produced: Infiniti M1, 2004
17:18:36| Dealer sold: Lexus XL, 2000
17:18:36| Factory produced: Fiat A1, 2011
17:18:36| Factory produced: Dodge Viper, 2010
17:18:36| Dealer sold: Chevrolet Ranger, 2005
17:18:36| Factory produced: Smart Super, 2021
17:18:36| Dealer sold: Ford RX, 2018
17:18:36| Factory produced: Hyundai A2, 2004
17:18:36| Dealer sold: Infiniti M1, 2004
17:18:36| Factory produced: Dodge XL, 2004
17:18:36| Factory produced: Mitsubishi GX, 2007
17:18:36| Dealer sold: Fiat A1, 2011
17:18:36| Factory produced: Volkswagen Charger, 2010
17:18:36| Dealer sold: Dodge Viper, 2010
17:18:36| Factory produced: Chrysler Tall, 2005
17:18:36| Dealer sold: Smart Super, 2021
17:18:36| Dealer sold: Hyundai A2, 2004
17:18:36| Factory produced: Acura Charger, 1995
17:18:36| Factory produced: Chevrolet Ranger, 2006
17:18:36| Dealer sold: Dodge XL, 2004
17:18:36| Dealer sold: Mitsubishi GX, 2007
17:18:36| Dealer sold: Volkswagen Charger, 2010
17:18:36| Factory produced: Fiat A1, 2023
17:18:36| Factory produced: Jeep G35, 1996
17:18:36| Dealer sold: Chrysler Tall, 2005
17:18:36| Factory produced: Chrysler A1, 2019
17:18:36| Dealer sold: Acura Charger, 1995
17:18:36| Dealer sold: Chevrolet Ranger, 2006
17:18:36| Factory produced: Nissan M1, 2005
17:18:36| Dealer sold: Fiat A1, 2023
17:18:36| Dealer sold: Jeep G35, 1996
17:18:36| Factory produced: Jeep Flat, 1999
17:18:36| Dealer sold: Chrysler A1, 2019
17:18:36| Factory produced: Volvo Titan, 1996
17:18:36| Dealer sold: Nissan M1, 2005
17:18:36| Dealer sold: Jeep Flat, 1999
17:18:36| Factory produced: Infiniti SXE, 2019
17:18:36| Dealer sold: Volvo Titan, 1996
17:18:36| Factory produced: Lexus F150, 2023
17:18:36| Dealer sold: Infiniti SXE, 2019
17:18:36| Dealer sold: Lexus F150, 2023
17:18:36| Factory produced: Chevrolet M1, 2022
17:18:36| Dealer sold: Chevrolet M1, 2022
17:18:36| Factory produced: Subaru Grand, 2019
17:18:36| Dealer sold: Subaru Grand, 2019
17:18:36| Factory produced: Volvo M1X, 2014
17:18:36| Dealer sold: Volvo M1X, 2014
17:18:36| Factory produced: Acura Town, 1994
17:18:36| Dealer sold: Acura Town, 1994
17:18:36| Factory produced: Jeep GX, 2017
17:18:36| Dealer sold: Jeep GX, 2017
17:18:36| Factory produced: Chrysler SXE, 2017
17:18:36| Dealer sold: Chrysler SXE, 2017
17:18:36| Factory produced: Chevrolet Tall, 1995
17:18:36| Dealer sold: Chevrolet Tall, 1995
17:18:36| Factory produced: Acura SXE, 2012
17:18:36| Dealer sold: Acura SXE, 2012
17:18:36| Factory produced: Smart Grand, 2012
17:18:36| Dealer sold: Smart Grand, 2012
17:18:36| Factory produced: Lexus Flat, 2002
17:18:36| Dealer sold: Lexus Flat, 2002
17:18:36| Factory produced: Buick Flat, 2000
17:18:36| Dealer sold: Buick Flat, 2000
17:18:36| Factory produced: Fiat Flat, 2013
17:18:36| Dealer sold: Fiat Flat, 2013
17:18:36| Factory produced: Infiniti GX, 2001
17:18:37| Factory produced: Hyundai A1, 2023
17:18:37| Dealer sold: Infiniti GX, 2001
17:18:37| Factory produced: Infiniti SE, 2007
17:18:37| Factory produced: Volvo XOX, 2009
17:18:37| Dealer sold: Hyundai A1, 2023
17:18:37| Dealer sold: Infiniti SE, 2007
17:18:37| Factory produced: Kia Middle, 1991
17:18:37| Factory produced: Lexus A2, 2020
17:18:37| Dealer sold: Volvo XOX, 2009
17:18:37| Factory produced: Nissan SXE, 1994
17:18:37| Dealer sold: Kia Middle, 1991
17:18:37| Factory produced: Volkswagen Flat, 2015
17:18:37| Dealer sold: Lexus A2, 2020
17:18:37| Factory produced: Mitsubishi F150, 2009
17:18:37| Dealer sold: Nissan SXE, 1994
17:18:37| Factory produced: Honda M5, 2019
17:18:37| Dealer sold: Volkswagen Flat, 2015
17:18:37| Factory produced: Dodge XLE, 2008
17:18:37| Dealer sold: Mitsubishi F150, 2009
17:18:37| Factory produced: Honda Super, 1995
17:18:37| Dealer sold: Honda M5, 2019
17:18:37| Factory produced: Toyota M5, 2002
17:18:37| Dealer sold: Dodge XLE, 2008
17:18:37| Dealer sold: Honda Super, 1995
17:18:37| Factory produced: Volvo Super, 1995
17:18:37| Factory produced: Smart RX, 2010
17:18:37| Dealer sold: Toyota M5, 2002
17:18:37| Factory produced: Chrysler Sport, 1993
17:18:37| Dealer sold: Volvo Super, 1995
17:18:37| Factory produced: Subaru Round, 2019
17:18:37| Dealer sold: Smart RX, 2010
17:18:37| Factory produced: Chevrolet XL, 2015
17:18:37| Dealer sold: Chrysler Sport, 1993
17:18:37| Factory produced: Buick Ranger, 2005
17:18:37| Factory produced: Acura Grand, 2005
17:18:37| Dealer sold: Subaru Round, 2019
17:18:37| Factory produced: Toyota M1X, 2003
17:18:37| Factory produced: Chrysler M1X, 2001
17:18:37| Dealer sold: Chevrolet XL, 2015
17:18:37| Dealer sold: Buick Ranger, 2005
17:18:37| Factory produced: Jeep XL, 1996
17:18:37| Dealer sold: Acura Grand, 2005
17:18:37| Factory produced: Mazda A2, 2022
17:18:37| Dealer sold: Toyota M1X, 2003
17:18:37| Dealer sold: Chrysler M1X, 2001
17:18:37| Factory produced: Volvo Flat, 1998
17:18:37| Dealer sold: Jeep XL, 1996
17:18:37| Factory produced: Lexus Grand, 2023
17:18:37| Dealer sold: Mazda A2, 2022
17:18:37| Dealer sold: Volvo Flat, 1998
17:18:37| Factory produced: Hyundai Titan, 2006
17:18:37| Dealer sold: Lexus Grand, 2023
17:18:37| Factory produced: Buick Middle, 2008
17:18:37| Dealer sold: Hyundai Titan, 2006
17:18:37| Factory produced: Fiat XL, 2001
17:18:37| Dealer sold: Buick Middle, 2008
17:18:37| Factory produced: Dodge Tall, 1996
17:18:37| Dealer sold: Fiat XL, 2001
17:18:37| Dealer sold: Dodge Tall, 1996
17:18:37| Factory produced: Mitsubishi Sport, 1995
17:18:37| Factory produced: Hyundai Middle, 1993
17:18:37| Factory produced: Mazda Sport, 2024
17:18:37| Dealer sold: Mitsubishi Sport, 1995
17:18:37| Factory produced: Acura Ranger, 2007
17:18:37| Factory produced: Acura M1X, 1999
17:18:37| Dealer sold: Hyundai Middle, 1993
17:18:37| Dealer sold: Mazda Sport, 2024
17:18:37| Dealer sold: Acura Ranger, 2007
17:18:37| Factory produced: Volkswagen XOX, 2013
17:18:37| Dealer sold: Acura M1X, 1999
17:18:37| Factory produced: Buick XOX, 2021
17:18:37| Factory produced: Nissan SXE, 2018
17:18:37| Dealer sold: Volkswagen XOX, 2013
17:18:37| Dealer sold: Buick XOX, 2021
17:18:37| Dealer sold: Nissan SXE, 2018
17:18:37| Factory produced: Acura G35, 1993
17:18:37| Dealer sold: Acura G35, 1993
17:18:37| Factory produced: Infiniti XOX, 2003
17:18:37| Dealer sold: Infiniti XOX, 2003
17:18:37| Factory produced: Dodge Ranger, 2002
17:18:37| Factory produced: Lexus MM, 2019
17:18:37| Dealer sold: Dodge Ranger, 2002
17:18:37| Factory produced: Volvo GX, 2015
17:18:37| Factory: Production complete!
17:18:37| Dealer sold: Lexus MM, 2019
17:18:37| Dealer sold: Volvo GX, 2015
17:18:37| Dealer: Received termination signal.
17:18:37| All 500 have been created and sold. = 10.23585680
