18:37:01| Factory produced: Chevrolet M5, 2004
18:37:01| Dealer sold: Chevrolet M5, 2004
18:37:01| Factory produced: Smart RX, 2001
18:37:01| Dealer sold: Smart RX, 2001
18:37:01| Factory produced: Subaru F150, 2000
18:37:02| Dealer sold: Subaru F150, 2000
18:37:02| Factory produced: Acura SE, 2014
18:37:02| Factory produced: Fiat XOX, 2003
18:37:02| Dealer sold: Acura SE, 2014
18:37:02| Dealer sold: Fiat XOX, 2003
18:37:02| Factory produced: Honda Middle, 2012
18:37:02| Dealer sold: Honda Middle, 2012
18:37:02| Factory produced: Chevrolet XLE, 2013
18:37:02| Dealer sold: Chevrolet XLE, 2013
18:37:02| Factory produced: Ford M1, 2017
18:37:02| Factory produced: Nissan SE, 2023
18:37:02| Dealer sold: Ford M1, 2017
18:37:02| Dealer sold: Nissan SE, 2023
18:37:02| Factory produced: Volkswagen RX, 2006
18:37:02| Factory produced: Subaru Viper, 2011
18:37:02| Dealer sold: Volkswagen RX, 2006
18:37:02| Factory produced: Jeep GX, 2009
18:37:02| Dealer sold: Subaru Viper, 2011
18:37:02| Dealer sold: Jeep GX, 2009
18:37:02| Factory produced: Infiniti XLS, 2008
18:37:02| Dealer sold: Infiniti XLS, 2008
18:37:02| Factory produced: Nissan Ranger, 1999
18:37:02| Dealer sold: Nissan Ranger, 1999
18:37:02| Factory produced: Fiat Viper, 2001
18:37:02| Dealer sold: Fiat Viper, 2001
18:37:02| Factory produced: Lexus M5, 2007
18:37:02| Factory produced: Volvo Sport, 2024
18:37:02| Dealer sold: Lexus M5, 2007
18:37:02| Dealer sold: Volvo Sport, 2024
18:37:02| Factory produced: Dodge Viper, 1994
18:37:02| Dealer sold: Dodge Viper, 1994
18:37:02| Factory produced: Volvo M5, 2003
18:37:02| Dealer sold: Volvo M5, 2003
18:37:02| Factory produced: Lexus M1X, 2017
18:37:02| Factory produced: Smart GX, 2017
18:37:02| Dealer sold: Lexus M1X, 2017
18:37:02| Dealer sold: Smart GX, 2017
18:37:02| Factory produced: Chevrolet A2, 1991
18:37:02| Factory produced: Subaru Sport, 2008
18:37:02| Factory produced: Toyota A2, 1990
18:37:02| Dealer sold: Chevrolet A2, 1991
18:37:02| Factory produced: Honda SE, 1990
18:37:02| Factory produced: Kia Super, 2020
18:37:02| Dealer sold: Subaru Sport, 2008
18:37:02| Factory produced: Chrysler Middle, 2014
18:37:02| Dealer sold: Toyota A2, 1990
18:37:02| Factory produced: Honda Flat, 2024
18:37:02| Dealer sold: Honda SE, 1990
18:37:02| Factory produced: Toyota Grand, 2023
18:37:02| Dealer sold: Kia Super, 2020
18:37:02| Factory produced: Lexus Charger, 2005
18:37:02| Dealer sold: Chrysler Middle, 2014
18:37:02| Factory produced: Ford XOX, 1993
18:37:02| Dealer sold: Honda Flat, 2024
18:37:02| Dealer sold: Toyota Grand, 2023
18:37:02| Dealer sold: Lexus Charger, 2005
18:37:02| Factory produced: Infiniti F150, 2013
18:37:02| Factory produced: Volkswagen Middle, 2021
18:37:02| Dealer sold: Ford XOX, 1993
18:37:02| Factory produced: Acura SXE, 2008
18:37:02| Dealer sold: Infiniti F150, 2013
18:37:02| Factory produced: Chrysler Tall, 2001
18:37:02| Factory produced: Hyundai XLS, 2019
18:37:02| Dealer sold: Volkswagen Middle, 2021
18:37:02| Dealer sold: Acura SXE, 2008
18:37:02| Factory produced: Hyundai GX, 1997
18:37:02| Dealer sold: Chrysler Tall, 2001
18:37:02| Factory produced: Hyundai Super, 2016
18:37:02| Dealer sold: Hyundai XLS, 2019
18:37:02| Factory produced: Acura Tall, 2008
18:37:02| Factory produced: Volvo SXE, 2017
18:37:02| Dealer sold: Hyundai GX, 1997
18:37:02| Dealer sold: Hyundai Super, 2016
18:37:02| Dealer sold: Acura Tall, 2008
18:37:02| Factory produced: Mazda XOX, 2006
18:37:02| Dealer sold: Volvo SXE, 2017
18:37:02| Dealer sold: Mazda XOX, 2006
18:37:02| Factory produced: Smart XL, 1995
18:37:02| Dealer sold: Smart XL, 1995
18:37:02| Factory produced: Smart RX, 2006
18:37:02| Dealer sold: Smart RX, 2006
18:37:02| Factory produced: Jeep M1, 2013
18:37:02| Dealer sold: Jeep M1, 2013
18:37:02| Factory produced: Jeep SE, 2011
18:37:02| Dealer sold: Jeep SE, 2011
18:37:02| Factory produced: Honda Sport, 2009
18:37:02| Dealer sold: Honda Sport, 2009
18:37:02| Factory produced: Hyundai Sport, 2007
18:37:02| Dealer sold: Hyundai Sport, 2007
18:37:02| Factory produced: Chevrolet Titan, 2017
18:37:02| Dealer sold: Chevrolet Titan, 2017
18:37:02| Factory produced: Toyota SXE, 2007
18:37:02| Factory produced: Acura XLE, 1993
18:37:02| Dealer sold: Toyota SXE, 2007
18:37:02| Dealer sold: Acura XLE, 1993
18:37:02| Factory produced: Mitsubishi A1, 1997
18:37:02| Factory produced: Mazda XLS, 2006
18:37:02| Factory produced: Subaru Grand, 2008
18:37:02| Dealer sold: Mitsubishi A1, 1997
18:37:02| Dealer sold: Mazda XLS, 2006
18:37:02| Factory produced: Hyundai Grand, 2001
18:37:02| Dealer sold: Subaru Grand, 2008
18:37:02| Factory produced: Toyota Viper, 2012
18:37:02| Dealer sold: Hyundai Grand, 2001
18:37:02| Factory produced: Lexus Grand, 2022
18:37:03| Dealer sold: Toyota Viper, 2012
18:37:03| Factory produced: Mazda M1X, 2002
18:37:03| Factory produced: Fiat Tall, 2015
18:37:03| Dealer sold: Lexus Grand, 2022
18:37:03| Dealer sold: Mazda M1X, 2002
18:37:03| Factory produced: Chevrolet Titan, 1997
18:37:03| Factory produced: Buick Viper, 1994
18:37:03| Dealer sold: Fiat Tall, 2015
18:37:03| Factory produced: Dodge Super, 2014
18:37:03| Dealer sold: Chevrolet Titan, 1997
18:37:03| Factory produced: Volkswagen Middle, 2018
18:37:03| Dealer sold: Buick Viper, 1994
18:37:03| Factory produced: Buick Sport, 2003
18:37:03| Dealer sold: Dodge Super, 2014
18:37:03| Dealer sold: Volkswagen Middle, 2018
18:37:03| Factory produced: Volkswagen Super, 1993
18:37:03| Dealer sold: Buick Sport, 2003
18:37:03| Factory produced: Chevrolet M1X, 2006
18:37:03| Dealer sold: Volkswagen Super, 1993
18:37:03| Factory produced: Lexus G35, 2022
18:37:03| Factory produced: Ford XLE, 2007
18:37:03| Dealer sold: Chevrolet M1X, 2006
18:37:03| Dealer sold: Lexus G35, 2022
18:37:03| Factory produced: Acura Town, 2008
18:37:03| Dealer sold: Ford XLE, 2007
18:37:03| Dealer sold: Acura Town, 2008
18:37:03| Factory produced: Nissan Tall, 2006
18:37:03| Factory produced: Lexus Viper, 2014
18:37:03| Factory produced: Volvo Tall, 1993
18:37:03| Dealer sold: Nissan Tall, 2006
18:37:03| Dealer sold: Lexus Viper, 2014
18:37:03| Factory produced: Acura Middle, 2021
18:37:03| Dealer sold: Volvo Tall, 1993
18:37:03| Factory produced: Chevrolet Grand, 2021
18:37:03| Factory produced: Infiniti XLS, 1993
18:37:03| Factory produced: Acura Middle, 1993
18:37:03| Dealer sold: Acura Middle, 2021
18:37:03| Factory produced: Chevrolet M5, 2013
18:37:03| Factory produced: Honda MM, 2011
18:37:03| Dealer sold: Chevrolet Grand, 2021
18:37:03| Factory produced: Honda XOX, 1994
18:37:03| Dealer sold: Infiniti XLS, 1993
18:37:03| Dealer sold: Acura Middle, 1993
18:37:03| Factory produced: Chrysler M1, 2017
18:37:03| Factory produced: Kia Round, 2012
18:37:03| Dealer sold: Chevrolet M5, 2013
18:37:03| Dealer sold: Honda MM, 2011
18:37:03| Factory produced: Acura A2, 2020
18:37:03| Factory produced: Lexus XL, 2004
18:37:03| Dealer sold: Honda XOX, 1994
18:37:03| Factory produced: Acura XL, 2020
18:37:03| Dealer sold: Chrysler M1, 2017
18:37:03| Factory produced: Kia Flat, 2023
18:37:03| Dealer sold: Kia Round, 2012
18:37:03| Factory produced: Infiniti Middle, 2002
18:37:03| Dealer sold: Acura A2, 2020
18:37:03| Factory produced: Smart Charger, 1999
18:37:03| Dealer sold: Lexus XL, 2004
18:37:03| Factory produced: Nissan Charger, 2013
18:37:03| Dealer sold: Acura XL, 2020
18:37:03| Dealer sold: Kia Flat, 2023
18:37:03| Dealer sold: Infiniti Middle, 2002
18:37:03| Factory produced: Dodge Round, 1992
18:37:03| Factory produced: Infiniti A1, 2012
18:37:03| Factory produced: Mazda Grand, 2007
18:37:03| Dealer sold: Smart Charger, 1999
18:37:03| Dealer sold: Nissan Charger, 2013
18:37:03| Factory produced: Subaru F150, 1997
18:37:03| Factory produced: Dodge Super, 2009
18:37:03| Dealer sold: Dodge Round, 1992
18:37:03| Factory produced: Volvo Town, 2002
18:37:03| Dealer sold: Infiniti A1, 2012
18:37:03| Factory produced: Volvo XLS, 1997
18:37:03| Dealer sold: Mazda Grand, 2007
18:37:03| Factory produced: Honda Viper, 2005
18:37:03| Dealer sold: Subaru F150, 1997
18:37:03| Dealer sold: Dodge Super, 2009
18:37:03| Factory produced: Infiniti A1, 2014
18:37:03| Factory produced: Lexus Sport, 2012
18:37:03| Factory produced: Volvo G35, 2014
18:37:03| Dealer sold: Volvo Town, 2002
18:37:03| Dealer sold: Volvo XLS, 1997
18:37:03| Factory produced: Acura XLE, 1992
18:37:03| Factory produced: Nissan XLS, 2023
18:37:03| Factory produced: Dodge A2, 2000
18:37:03| Dealer sold: Honda Viper, 2005
18:37:03| Factory produced: Mitsubishi Viper, 1995
18:37:03| Factory produced: Volvo Titan, 2017
18:37:03| Dealer sold: Infiniti A1, 2014
18:37:03| Dealer sold: Lexus Sport, 2012
18:37:03| Dealer sold: Volvo G35, 2014
18:37:03| Factory produced: Chevrolet Middle, 1990
18:37:03| Dealer sold: Acura XLE, 1992
18:37:03| Factory produced: Subaru XOX, 2004
18:37:03| Dealer sold: Nissan XLS, 2023
18:37:03| Dealer sold: Dodge A2, 2000
18:37:03| Factory produced: Fiat XOX, 2014
18:37:03| Factory produced: Ford Middle, 2018
18:37:03| Dealer sold: Mitsubishi Viper, 1995
18:37:03| Factory produced: Toyota XOX, 2008
18:37:03| Factory produced: Fiat Sport, 1997
18:37:03| Dealer sold: Volvo Titan, 2017
18:37:03| Dealer sold: Chevrolet Middle, 1990
18:37:04| Factory produced: Acura SE, 2024
18:37:04| Dealer sold: Subaru XOX, 2004
18:37:04| Dealer sold: Fiat XOX, 2014
18:37:04| Factory produced: Nissan XLS, 2001
18:37:04| Dealer sold: Ford Middle, 2018
18:37:04| Factory produced: Jeep XLS, 2008
18:37:04| Factory produced: Buick Grand, 2015
18:37:04| Dealer sold: Toyota XOX, 2008
18:37:04| Factory produced: Toyota RX, 2000
18:37:04| Dealer sold: Fiat Sport, 1997
18:37:04| Factory produced: Infiniti Viper, 2005
18:37:04| Dealer sold: Acura SE, 2024
18:37:04| Dealer sold: Nissan XLS, 2001
18:37:04| Factory produced: Smart M1, 2012
18:37:04| Dealer sold: Jeep XLS, 2008
18:37:04| Dealer sold: Buick Grand, 2015
18:37:04| Factory produced: Volkswagen M1X, 2020
18:37:04| Factory produced: Acura F150, 1990
18:37:04| Factory produced: Buick Flat, 2007
18:37:04| Dealer sold: Toyota RX, 2000
18:37:04| Factory produced: Buick XL, 2012
18:37:04| Dealer sold: Infiniti Viper, 2005
18:37:04| Factory produced: Volkswagen GX, 1991
18:37:04| Factory produced: Jeep Flat, 2019
18:37:04| Dealer sold: Smart M1, 2012
18:37:04| Dealer sold: Volkswagen M1X, 2020
18:37:04| Factory produced: Volkswagen Ranger, 2009
18:37:04| Factory produced: Chevrolet M5, 2005
18:37:04| Dealer sold: Acura F150, 1990
18:37:04| Dealer sold: Buick Flat, 2007
18:37:04| Factory produced: Mitsubishi M5, 2008
18:37:04| Dealer sold: Buick XL, 2012
18:37:04| Factory produced: Hyundai GX, 2020
18:37:04| Dealer sold: Volkswagen GX, 1991
18:37:04| Dealer sold: Jeep Flat, 2019
18:37:04| Factory produced: Volkswagen M1, 1997
18:37:04| Factory produced: Dodge Super, 2014
18:37:04| Factory produced: Buick Round, 1995
18:37:04| Dealer sold: Volkswagen Ranger, 2009
18:37:04| Factory produced: Lexus XL, 2012
18:37:04| Dealer sold: Chevrolet M5, 2005
18:37:04| Factory produced: Lexus F150, 2013
18:37:04| Factory produced: Chrysler MM, 2008
18:37:04| Dealer sold: Mitsubishi M5, 2008
18:37:04| Dealer sold: Hyundai GX, 2020
18:37:04| Dealer sold: Volkswagen M1, 1997
18:37:04| Factory produced: Nissan RX, 2017
18:37:04| Dealer sold: Dodge Super, 2014
18:37:04| Factory produced: Honda Super, 2011
18:37:04| Factory produced: Volvo GX, 2016
18:37:04| Dealer sold: Buick Round, 1995
18:37:04| Dealer sold: Lexus XL, 2012
18:37:04| Dealer sold: Lexus F150, 2013
18:37:04| Factory produced: Dodge SXE, 2005
18:37:04| Dealer sold: Chrysler MM, 2008
18:37:04| Dealer sold: Nissan RX, 2017
18:37:04| Factory produced: Mitsubishi M5, 1993
18:37:04| Factory produced: Mitsubishi Super, 1994
18:37:04| Factory produced: Chevrolet Sport, 2013
18:37:04| Dealer sold: Honda Super, 2011
18:37:04| Dealer sold: Volvo GX, 2016
18:37:04| Dealer sold: Dodge SXE, 2005
18:37:04| Factory produced: Chevrolet A2, 1995
18:37:04| Dealer sold: Mitsubishi M5, 1993
18:37:04| Factory produced: Dodge F150, 2004
18:37:04| Dealer sold: Mitsubishi Super, 1994
18:37:04| Factory produced: Mazda Titan, 2000
18:37:04| Factory produced: Toyota Super, 2009
18:37:04| Dealer sold: Chevrolet Sport, 2013
18:37:04| Factory produced: Hyundai M5, 2003
18:37:04| Factory produced: Jeep A1, 1991
18:37:04| Dealer sold: Chevrolet A2, 1995
18:37:04| Dealer sold: Dodge F150, 2004
18:37:04| Factory produced: Infiniti Town, 2000
18:37:04| Dealer sold: Mazda Titan, 2000
18:37:04| Factory produced: Nissan M5, 2018
18:37:04| Factory produced: Chrysler GX, 2023
18:37:04| Dealer sold: Toyota Super, 2009
18:37:04| Dealer sold: Hyundai M5, 2003
18:37:04| Dealer sold: Jeep A1, 1991
18:37:04| Factory produced: Acura XOX, 1994
18:37:04| Factory produced: Infiniti Sport, 2010
18:37:04| Dealer sold: Infiniti Town, 2000
18:37:04| Factory produced: Lexus M5, 2007
18:37:04| Dealer sold: Nissan M5, 2018
18:37:04| Factory produced: Chrysler G35, 1997
18:37:04| Dealer sold: Chrysler GX, 2023
18:37:04| Factory produced: Chrysler Super, 2013
18:37:04| Factory produced: Nissan G35, 1997
18:37:04| Dealer sold: Acura XOX, 1994
18:37:04| Dealer sold: Infiniti Sport, 2010
18:37:04| Factory produced: Hyundai M1X, 2010
18:37:04| Dealer sold: Lexus M5, 2007
18:37:04| Factory produced: Jeep A1, 2018
18:37:04| Dealer sold: Chrysler G35, 1997
18:37:04| Factory produced: Acura XLS, 2000
18:37:04| Factory produced: Volvo Town, 2018
18:37:04| Dealer sold: Chrysler Super, 2013
18:37:04| Factory produced: Smart Flat, 1990
18:37:04| Factory produced: Nissan A2, 1996
18:37:04| Dealer sold: Nissan G35, 1997
18:37:04| Factory produced: Buick Super, 2009
18:37:04| Dealer sold: Hyundai M1X, 2010
18:37:05| Factory produced: Fiat XOX, 2008
18:37:05| Dealer sold: Jeep A1, 2018
18:37:05| Dealer sold: Acura XLS, 2000
18:37:05| Dealer sold: Volvo Town, 2018
18:37:05| Factory produced: Mitsubishi Tall, 2024
18:37:05| Dealer sold: Smart Flat, 1990
18:37:05| Factory produced: Infiniti Tall, 1993
18:37:05| Dealer sold: Nissan A2, 1996
18:37:05| Factory produced: Jeep Titan, 1990
18:37:05| Dealer sold: Buick Super, 2009
18:37:05| Factory produced: Nissan Viper, 2015
18:37:05| Dealer sold: Fiat XOX, 2008
18:37:05| Factory produced: Mazda Super, 2006
18:37:05| Dealer sold: Mitsubishi Tall, 2024
18:37:05| Factory produced: Lexus XOX, 1998
18:37:05| Dealer sold: Infiniti Tall, 1993
18:37:05| Factory produced: Buick Round, 2000
18:37:05| Dealer sold: Jeep Titan, 1990
18:37:05| Factory produced: Lexus F150, 2003
18:37:05| Dealer sold: Nissan Viper, 2015
18:37:05| Factory produced: Honda Grand, 1997
18:37:05| Factory produced: Acura Super, 1998
18:37:05| Dealer sold: Mazda Super, 2006
18:37:05| Factory produced: Jeep Flat, 2013
18:37:05| Dealer sold: Lexus XOX, 1998
18:37:05| Dealer sold: Buick Round, 2000
18:37:05| Factory produced: Ford Super, 1999
18:37:05| Factory produced: Jeep Ranger, 2001
18:37:05| Dealer sold: Lexus F150, 2003
18:37:05| Factory produced: Infiniti XLE, 2023
18:37:05| Factory produced: Hyundai RX, 2018
18:37:05| Dealer sold: Honda Grand, 1997
18:37:05| Dealer sold: Acura Super, 1998
18:37:05| Factory produced: Buick Tall, 1994
18:37:05| Dealer sold: Jeep Flat, 2013
18:37:05| Factory produced: Subaru RX, 2003
18:37:05| Factory produced: Ford A1, 1992
18:37:05| Dealer sold: Ford Super, 1999
18:37:05| Factory produced: Toyota RX, 2020
18:37:05| Dealer sold: Jeep Ranger, 2001
18:37:05| Factory produced: Dodge M5, 2007
18:37:05| Dealer sold: Infiniti XLE, 2023
18:37:05| Factory produced: Infiniti Super, 2010
18:37:05| Factory produced: Mitsubishi XOX, 1998
18:37:05| Dealer sold: Hyundai RX, 2018
18:37:05| Dealer sold: Buick Tall, 1994
18:37:05| Dealer sold: Subaru RX, 2003
18:37:05| Factory produced: Hyundai M1, 1998
18:37:05| Factory produced: Chevrolet A1, 2000
18:37:05| Factory produced: Subaru A2, 1992
18:37:05| Dealer sold: Ford A1, 1992
18:37:05| Factory produced: Buick A2, 2017
18:37:05| Dealer sold: Toyota RX, 2020
18:37:05| Factory produced: Smart M1X, 2024
18:37:05| Factory produced: Volkswagen Sport, 2017
18:37:05| Dealer sold: Dodge M5, 2007
18:37:05| Factory produced: Smart Town, 1990
18:37:05| Factory produced: Subaru SXE, 2022
18:37:05| Dealer sold: Infiniti Super, 2010
18:37:05| Dealer sold: Mitsubishi XOX, 1998
18:37:05| Factory produced: Mazda Grand, 1994
18:37:05| Dealer sold: Hyundai M1, 1998
18:37:05| Dealer sold: Chevrolet A1, 2000
18:37:05| Factory produced: Honda Charger, 1992
18:37:05| Factory produced: Toyota Tall, 2008
18:37:05| Dealer sold: Subaru A2, 1992
18:37:05| Dealer sold: Buick A2, 2017
18:37:05| Factory produced: Buick XL, 1998
18:37:05| Dealer sold: Smart M1X, 2024
18:37:05| Factory produced: Mazda XL, 2019
18:37:05| Dealer sold: Volkswagen Sport, 2017
18:37:05| Dealer sold: Smart Town, 1990
18:37:05| Factory produced: Chevrolet Grand, 2005
18:37:05| Factory produced: Chevrolet XLS, 2023
18:37:05| Dealer sold: Subaru SXE, 2022
18:37:05| Factory produced: Chrysler Middle, 2012
18:37:05| Dealer sold: Mazda Grand, 1994
18:37:05| Factory produced: Infiniti XL, 2005
18:37:05| Dealer sold: Honda Charger, 1992
18:37:05| Dealer sold: Toyota Tall, 2008
18:37:05| Factory produced: Lexus XLS, 1994
18:37:05| Factory produced: Lexus A2, 2012
18:37:05| Factory produced: Jeep Ranger, 1990
18:37:05| Dealer sold: Buick XL, 1998
18:37:05| Dealer sold: Mazda XL, 2019
18:37:05| Factory produced: Chrysler Town, 1995
18:37:05| Dealer sold: Chevrolet Grand, 2005
18:37:05| Factory produced: Mitsubishi A1, 2004
18:37:05| Dealer sold: Chevrolet XLS, 2023
18:37:05| Factory produced: Mitsubishi Viper, 1999
18:37:05| Dealer sold: Chrysler Middle, 2012
18:37:05| Factory produced: Infiniti RX, 2017
18:37:05| Dealer sold: Infiniti XL, 2005
18:37:05| Factory produced: Mazda Grand, 1992
18:37:05| Dealer sold: Lexus XLS, 1994
18:37:05| Factory produced: Toyota M1, 1997
18:37:06| Factory produced: Ford Charger, 2020
18:37:06| Dealer sold: Lexus A2, 2012
18:37:06| Factory produced: Mitsubishi Tall, 2021
18:37:06| Dealer sold: Jeep Ranger, 1990
18:37:06| Factory produced: Lexus XLS, 2005
18:37:06| Dealer sold: Chrysler Town, 1995
18:37:06| Dealer sold: Mitsubishi A1, 2004
18:37:06| Factory produced: Mazda XOX, 2003
18:37:06| Dealer sold: Mitsubishi Viper, 1999
18:37:06| Factory produced: Acura SXE, 2013
18:37:06| Dealer sold: Infiniti RX, 2017
18:37:06| Factory produced: Dodge XOX, 2010
18:37:06| Dealer sold: Mazda Grand, 1992
18:37:06| Dealer sold: Toyota M1, 1997
18:37:06| Factory produced: Smart Round, 2022
18:37:06| Dealer sold: Ford Charger, 2020
18:37:06| Dealer sold: Mitsubishi Tall, 2021
18:37:06| Factory produced: Jeep F150, 2005
18:37:06| Dealer sold: Lexus XLS, 2005
18:37:06| Factory produced: Mitsubishi Ranger, 2006
18:37:06| Dealer sold: Mazda XOX, 2003
18:37:06| Factory produced: Jeep SXE, 2004
18:37:06| Factory produced: Honda Viper, 2003
18:37:06| Dealer sold: Acura SXE, 2013
18:37:06| Factory produced: Jeep XL, 2017
18:37:06| Factory produced: Volkswagen F150, 2014
18:37:06| Dealer sold: Dodge XOX, 2010
18:37:06| Factory produced: Chrysler M5, 2009
18:37:06| Dealer sold: Smart Round, 2022
18:37:06| Factory produced: Jeep XOX, 1996
18:37:06| Factory produced: Lexus Charger, 1990
18:37:06| Dealer sold: Jeep F150, 2005
18:37:06| Factory produced: Ford RX, 2007
18:37:06| Dealer sold: Mitsubishi Ranger, 2006
18:37:06| Factory produced: Volvo SE, 2018
18:37:06| Dealer sold: Jeep SXE, 2004
18:37:06| Dealer sold: Honda Viper, 2003
18:37:06| Dealer sold: Jeep XL, 2017
18:37:06| Factory produced: Kia A2, 1992
18:37:06| Factory produced: Subaru A1, 2013
18:37:06| Dealer sold: Volkswagen F150, 2014
18:37:06| Factory produced: Dodge Flat, 1994
18:37:06| Dealer sold: Chrysler M5, 2009
18:37:06| Factory produced: Volkswagen Grand, 2023
18:37:06| Factory produced: Kia Super, 1998
18:37:06| Dealer sold: Jeep XOX, 1996
18:37:06| Factory produced: Dodge F150, 2016
18:37:06| Dealer sold: Lexus Charger, 1990
18:37:06| Dealer sold: Ford RX, 2007
18:37:06| Factory produced: Kia Flat, 2015
18:37:06| Dealer sold: Volvo SE, 2018
18:37:06| Factory produced: Honda Round, 2015
18:37:06| Dealer sold: Kia A2, 1992
18:37:06| Dealer sold: Subaru A1, 2013
18:37:06| Factory produced: Mazda G35, 1994
18:37:06| Factory produced: Mazda Town, 2012
18:37:06| Factory produced: Toyota XLE, 2001
18:37:06| Dealer sold: Dodge Flat, 1994
18:37:06| Factory produced: Acura SE, 2017
18:37:06| Dealer sold: Volkswagen Grand, 2023
18:37:06| Factory produced: Lexus MM, 1992
18:37:06| Factory produced: Volvo M1, 1990
18:37:06| Dealer sold: Kia Super, 1998
18:37:06| Dealer sold: Dodge F150, 2016
18:37:06| Dealer sold: Kia Flat, 2015
18:37:06| Factory produced: Mazda Ranger, 1998
18:37:06| Dealer sold: Honda Round, 2015
18:37:06| Factory produced: Chevrolet Charger, 2018
18:37:06| Dealer sold: Mazda G35, 1994
18:37:06| Factory produced: Fiat Titan, 2016
18:37:06| Dealer sold: Mazda Town, 2012
18:37:06| Factory produced: Fiat M5, 1990
18:37:06| Dealer sold: Toyota XLE, 2001
18:37:06| Factory produced: Infiniti XL, 2022
18:37:06| Dealer sold: Acura SE, 2017
18:37:06| Factory produced: Kia M5, 2007
18:37:06| Factory produced: Honda Ranger, 2017
18:37:06| Dealer sold: Lexus MM, 1992
18:37:06| Factory produced: Mazda XL, 2011
18:37:06| Factory produced: Volkswagen M1, 2009
18:37:06| Dealer sold: Volvo M1, 1990
18:37:06| Factory produced: Chrysler Charger, 1990
18:37:06| Dealer sold: Mazda Ranger, 1998
18:37:06| Dealer sold: Chevrolet Charger, 2018
18:37:06| Factory produced: Mazda Sport, 2016
18:37:06| Factory produced: Mitsubishi Flat, 2024
18:37:06| Dealer sold: Fiat Titan, 2016
18:37:06| Factory produced: Volvo RX, 2015
18:37:06| Dealer sold: Fiat M5, 1990
18:37:06| Dealer sold: Infiniti XL, 2022
18:37:06| Factory produced: Volvo XLE, 2013
18:37:06| Factory produced: Subaru Charger, 2005
18:37:06| Dealer sold: Kia M5, 2007
18:37:06| Factory produced: Smart XOX, 2020
18:37:06| Dealer sold: Honda Ranger, 2017
18:37:06| Factory produced: Smart Super, 1996
18:37:07| Dealer sold: Mazda XL, 2011
18:37:07| Factory produced: Fiat Middle, 2012
18:37:07| Dealer sold: Volkswagen M1, 2009
18:37:07| Factory produced: Mazda A1, 2000
18:37:07| Dealer sold: Chrysler Charger, 1990
18:37:07| Dealer sold: Mazda Sport, 2016
18:37:07| Factory produced: Volvo M1X, 2000
18:37:07| Dealer sold: Mitsubishi Flat, 2024
18:37:07| Factory produced: Nissan Town, 2023
18:37:07| Dealer sold: Volvo RX, 2015
18:37:07| Factory produced: Chrysler Flat, 2011
18:37:07| Dealer sold: Volvo XLE, 2013
18:37:07| Factory produced: Honda GX, 2021
18:37:07| Dealer sold: Subaru Charger, 2005
18:37:07| Factory produced: Mitsubishi Tall, 2002
18:37:07| Dealer sold: Smart XOX, 2020
18:37:07| Factory produced: Mazda Super, 2018
18:37:07| Dealer sold: Smart Super, 1996
18:37:07| Factory produced: Jeep MM, 2012
18:37:07| Dealer sold: Fiat Middle, 2012
18:37:07| Factory produced: Fiat F150, 2024
18:37:07| Dealer sold: Mazda A1, 2000
18:37:07| Factory produced: Ford SE, 1998
18:37:07| Dealer sold: Volvo M1X, 2000
18:37:07| Factory produced: Buick Sport, 2010
18:37:07| Dealer sold: Nissan Town, 2023
18:37:07| Factory produced: Infiniti M1X, 1998
18:37:07| Factory produced: Buick A2, 2011
18:37:07| Dealer sold: Chrysler Flat, 2011
18:37:07| Factory produced: Acura M1, 2000
18:37:07| Dealer sold: Honda GX, 2021
18:37:07| Dealer sold: Mitsubishi Tall, 2002
18:37:07| Factory produced: Buick XL, 2017
18:37:07| Factory produced: Hyundai SE, 1996
18:37:07| Dealer sold: Mazda Super, 2018
18:37:07| Factory produced: Dodge XL, 1998
18:37:07| Dealer sold: Jeep MM, 2012
18:37:07| Dealer sold: Fiat F150, 2024
18:37:07| Factory produced: Volkswagen XLS, 2014
18:37:07| Factory produced: Chevrolet RX, 2015
18:37:07| Dealer sold: Ford SE, 1998
18:37:07| Factory produced: Mitsubishi M5, 1995
18:37:07| Dealer sold: Buick Sport, 2010
18:37:07| Dealer sold: Infiniti M1X, 1998
18:37:07| Factory produced: Chevrolet F150, 1993
18:37:07| Dealer sold: Buick A2, 2011
18:37:07| Factory produced: Mazda SE, 1990
18:37:07| Dealer sold: Acura M1, 2000
18:37:07| Factory produced: Chevrolet Flat, 1995
18:37:07| Dealer sold: Buick XL, 2017
18:37:07| Dealer sold: Hyundai SE, 1996
18:37:07| Factory produced: Volkswagen Flat, 2014
18:37:07| Factory produced: Mazda Titan, 1999
18:37:07| Dealer sold: Dodge XL, 1998
18:37:07| Factory produced: Buick XLE, 2005
18:37:07| Factory produced: Hyundai M1X, 2019
18:37:07| Dealer sold: Volkswagen XLS, 2014
18:37:07| Dealer sold: Chevrolet RX, 2015
18:37:07| Factory produced: Ford Town, 2000
18:37:07| Dealer sold: Mitsubishi M5, 1995
18:37:07| Factory produced: Subaru GX, 1996
18:37:07| Dealer sold: Chevrolet F150, 1993
18:37:07| Factory produced: Fiat Tall, 2016
18:37:07| Factory produced: Chrysler Round, 1991
18:37:07| Dealer sold: Mazda SE, 1990
18:37:07| Dealer sold: Chevrolet Flat, 1995
18:37:07| Dealer sold: Volkswagen Flat, 2014
18:37:07| Factory produced: Acura M5, 2020
18:37:07| Factory produced: Fiat Round, 1991
18:37:07| Dealer sold: Mazda Titan, 1999
18:37:07| Factory produced: Volkswagen Middle, 2001
18:37:07| Dealer sold: Buick XLE, 2005
18:37:07| Factory produced: Volvo Flat, 2004
18:37:07| Dealer sold: Hyundai M1X, 2019
18:37:07| Factory produced: Volkswagen Viper, 2016
18:37:07| Dealer sold: Ford Town, 2000
18:37:07| Dealer sold: Subaru GX, 1996
18:37:07| Factory produced: Nissan RX, 2012
18:37:07| Factory produced: Toyota Sport, 2009
18:37:07| Factory produced: Volkswagen M1, 2007
18:37:07| Dealer sold: Fiat Tall, 2016
18:37:07| Factory produced: Ford SXE, 2021
18:37:07| Dealer sold: Chrysler Round, 1991
18:37:07| Factory produced: Honda XL, 2003
18:37:07| Dealer sold: Acura M5, 2020
18:37:07| Dealer sold: Fiat Round, 1991
18:37:07| Factory produced: Ford Viper, 1998
18:37:07| Factory produced: Dodge M1, 2023
18:37:07| Dealer sold: Volkswagen Middle, 2001
18:37:07| Factory produced: Buick XOX, 2001
18:37:07| Dealer sold: Volvo Flat, 2004
18:37:07| Factory produced: Jeep A1, 2004
18:37:07| Dealer sold: Volkswagen Viper, 2016
18:37:07| Factory produced: Volkswagen XLE, 2020
18:37:07| Dealer sold: Nissan RX, 2012
18:37:07| Dealer sold: Toyota Sport, 2009
18:37:07| Factory produced: Buick RX, 1994
18:37:07| Dealer sold: Volkswagen M1, 2007
18:37:08| Dealer sold: Ford SXE, 2021
18:37:08| Factory produced: Chevrolet F150, 1990
18:37:08| Dealer sold: Honda XL, 2003
18:37:08| Factory produced: Mitsubishi Sport, 1991
18:37:08| Dealer sold: Ford Viper, 1998
18:37:08| Factory produced: Volkswagen XLS, 1992
18:37:08| Dealer sold: Dodge M1, 2023
18:37:08| Factory produced: Toyota XLE, 2018
18:37:08| Dealer sold: Buick XOX, 2001
18:37:08| Factory produced: Chrysler XL, 2018
18:37:08| Dealer sold: Jeep A1, 2004
18:37:08| Factory produced: Lexus Charger, 1996
18:37:08| Dealer sold: Volkswagen XLE, 2020
18:37:08| Dealer sold: Buick RX, 1994
18:37:08| Factory produced: Smart M5, 2001
18:37:08| Factory produced: Volvo Town, 2023
18:37:08| Dealer sold: Chevrolet F150, 1990
18:37:08| Factory produced: Ford M5, 2019
18:37:08| Dealer sold: Mitsubishi Sport, 1991
18:37:08| Factory produced: Fiat Round, 1998
18:37:08| Dealer sold: Volkswagen XLS, 1992
18:37:08| Dealer sold: Toyota XLE, 2018
18:37:08| Factory produced: Nissan Grand, 2022
18:37:08| Dealer sold: Chrysler XL, 2018
18:37:08| Dealer sold: Lexus Charger, 1996
18:37:08| Factory produced: Nissan XLS, 1990
18:37:08| Dealer sold: Smart M5, 2001
18:37:08| Dealer sold: Volvo Town, 2023
18:37:08| Factory produced: Jeep Ranger, 2014
18:37:08| Dealer sold: Ford M5, 2019
18:37:08| Factory produced: Fiat Flat, 1991
18:37:08| Dealer sold: Fiat Round, 1998
18:37:08| Dealer sold: Nissan Grand, 2022
18:37:08| Factory produced: Kia Ranger, 2019
18:37:08| Dealer sold: Nissan XLS, 1990
18:37:08| Factory produced: Fiat M1X, 2016
18:37:08| Factory produced: Ford M5, 2005
18:37:08| Dealer sold: Jeep Ranger, 2014
18:37:08| Factory produced: Lexus Middle, 2008
18:37:08| Dealer sold: Fiat Flat, 1991
18:37:08| Dealer sold: Kia Ranger, 2019
18:37:08| Factory produced: Subaru XOX, 1996
18:37:08| Factory produced: Mazda M1, 1996
18:37:08| Dealer sold: Fiat M1X, 2016
18:37:08| Factory produced: Hyundai XL, 2001
18:37:08| Dealer sold: Ford M5, 2005
18:37:08| Dealer sold: Lexus Middle, 2008
18:37:08| Factory produced: Hyundai Charger, 2012
18:37:08| Dealer sold: Subaru XOX, 1996
18:37:08| Factory produced: Buick Town, 2010
18:37:08| Dealer sold: Mazda M1, 1996
18:37:08| Factory produced: Honda A2, 2013
18:37:08| Dealer sold: Hyundai XL, 2001
18:37:08| Factory produced: Subaru Viper, 1990
18:37:08| Dealer sold: Hyundai Charger, 2012
18:37:08| Factory produced: Mitsubishi Middle, 2022
18:37:08| Factory produced: Toyota A1, 1993
18:37:08| Dealer sold: Buick Town, 2010
18:37:08| Factory produced: Fiat A1, 1993
18:37:08| Dealer sold: Honda A2, 2013
18:37:08| Dealer sold: Subaru Viper, 1990
18:37:08| Factory produced: Dodge SE, 2000
18:37:08| Dealer sold: Mitsubishi Middle, 2022
18:37:08| Factory produced: Hyundai Viper, 2024
18:37:08| Dealer sold: Toyota A1, 1993
18:37:08| Factory produced: Volkswagen F150, 1996
18:37:08| Dealer sold: Fiat A1, 1993
18:37:08| Factory produced: Smart Grand, 2002
18:37:08| Factory produced: Chrysler XOX, 2000
18:37:08| Dealer sold: Dodge SE, 2000
18:37:08| Dealer sold: Hyundai Viper, 2024
18:37:08| Factory produced: Subaru MM, 2012
18:37:08| Factory produced: Volkswagen XLS, 2023
18:37:08| Factory produced: Nissan F150, 2022
18:37:08| Dealer sold: Volkswagen F150, 1996
18:37:08| Factory produced: Infiniti A2, 1999
18:37:08| Dealer sold: Smart Grand, 2002
18:37:08| Dealer sold: Chrysler XOX, 2000
18:37:08| Factory produced: Mitsubishi Ranger, 1995
18:37:08| Dealer sold: Subaru MM, 2012
18:37:08| Dealer sold: Volkswagen XLS, 2023
18:37:08| Factory produced: Mitsubishi Charger, 2020
18:37:08| Factory produced: Volvo SXE, 2023
18:37:08| Dealer sold: Nissan F150, 2022
18:37:08| Factory produced: Chrysler Flat, 2009
18:37:08| Dealer sold: Infiniti A2, 1999
18:37:08| Factory produced: Honda Tall, 2014
18:37:08| Dealer sold: Mitsubishi Ranger, 1995
18:37:08| Factory produced: Toyota Tall, 2019
18:37:08| Dealer sold: Mitsubishi Charger, 2020
18:37:08| Dealer sold: Volvo SXE, 2023
18:37:08| Factory produced: Dodge Flat, 1999
18:37:08| Factory produced: Nissan XLE, 2013
18:37:08| Factory produced: Toyota Sport, 2017
18:37:08| Dealer sold: Chrysler Flat, 2009
18:37:08| Factory produced: Chevrolet Middle, 1998
18:37:08| Dealer sold: Honda Tall, 2014
18:37:08| Dealer sold: Toyota Tall, 2019
18:37:08| Factory produced: Buick SE, 2010
18:37:08| Dealer sold: Dodge Flat, 1999
18:37:08| Factory produced: Volvo XLE, 2000
18:37:09| Factory produced: Jeep Charger, 2020
18:37:09| Dealer sold: Nissan XLE, 2013
18:37:09| Factory produced: Mazda Town, 2018
18:37:09| Factory produced: Volvo Titan, 1998
18:37:09| Dealer sold: Toyota Sport, 2017
18:37:09| Factory produced: Dodge G35, 1994
18:37:09| Factory produced: Fiat XLE, 2022
18:37:09| Dealer sold: Chevrolet Middle, 1998
18:37:09| Factory produced: Mazda F150, 2008
18:37:09| Dealer sold: Buick SE, 2010
18:37:09| Factory produced: Mitsubishi Titan, 2021
18:37:09| Dealer sold: Volvo XLE, 2000
18:37:09| Factory produced: Mitsubishi Flat, 2003
18:37:09| Factory produced: Jeep XL, 2000
18:37:09| Dealer sold: Jeep Charger, 2020
18:37:09| Factory produced: Mitsubishi G35, 1990
18:37:09| Dealer sold: Mazda Town, 2018
18:37:09| Dealer sold: Volvo Titan, 1998
18:37:09| Factory produced: Volkswagen Viper, 2000
18:37:09| Dealer sold: Dodge G35, 1994
18:37:09| Dealer sold: Fiat XLE, 2022
18:37:09| Factory produced: Jeep M5, 1998
18:37:09| Factory produced: Lexus RX, 2003
18:37:09| Dealer sold: Mazda F150, 2008
18:37:09| Factory produced: Kia GX, 2014
18:37:09| Dealer sold: Mitsubishi Titan, 2021
18:37:09| Factory produced: Hyundai XLE, 2003
18:37:09| Dealer sold: Mitsubishi Flat, 2003
18:37:09| Factory produced: Ford MM, 2008
18:37:09| Factory produced: Hyundai Charger, 2013
18:37:09| Dealer sold: Jeep XL, 2000
18:37:09| Factory produced: Volvo SE, 1995
18:37:09| Factory produced: Buick G35, 2021
18:37:09| Dealer sold: Mitsubishi G35, 1990
18:37:09| Factory produced: Subaru SE, 1998
18:37:09| Dealer sold: Volkswagen Viper, 2000
18:37:09| Dealer sold: Jeep M5, 1998
18:37:09| Factory produced: Lexus A1, 1998
18:37:09| Dealer sold: Lexus RX, 2003
18:37:09| Factory produced: Dodge Flat, 1995
18:37:09| Factory produced: Subaru M5, 2006
18:37:09| Dealer sold: Kia GX, 2014
18:37:09| Dealer sold: Hyundai XLE, 2003
18:37:09| Dealer sold: Ford MM, 2008
18:37:09| Factory produced: Mitsubishi Flat, 1994
18:37:09| Factory produced: Dodge XL, 2020
18:37:09| Dealer sold: Hyundai Charger, 2013
18:37:09| Dealer sold: Volvo SE, 1995
18:37:09| Factory produced: Nissan Town, 1994
18:37:09| Dealer sold: Buick G35, 2021
18:37:09| Factory produced: Volkswagen MM, 1999
18:37:09| Dealer sold: Subaru SE, 1998
18:37:09| Factory produced: Subaru Charger, 2015
18:37:09| Dealer sold: Lexus A1, 1998
18:37:09| Factory produced: Hyundai Tall, 2015
18:37:09| Factory produced: Smart A1, 2024
18:37:09| Dealer sold: Dodge Flat, 1995
18:37:09| Factory produced: Fiat GX, 2015
18:37:09| Dealer sold: Subaru M5, 2006
18:37:09| Dealer sold: Mitsubishi Flat, 1994
18:37:09| Dealer sold: Dodge XL, 2020
18:37:09| Factory produced: Volkswagen A2, 1992
18:37:09| Dealer sold: Nissan Town, 1994
18:37:09| Factory produced: Nissan Viper, 1998
18:37:09| Dealer sold: Volkswagen MM, 1999
18:37:09| Factory produced: Nissan SE, 2018
18:37:09| Dealer sold: Subaru Charger, 2015
18:37:09| Dealer sold: Hyundai Tall, 2015
18:37:09| Factory produced: Volvo Flat, 2012
18:37:09| Dealer sold: Smart A1, 2024
18:37:09| Factory produced: Nissan Tall, 2017
18:37:09| Factory produced: Mazda A2, 2001
18:37:09| Dealer sold: Fiat GX, 2015
18:37:09| Factory produced: Fiat Tall, 2011
18:37:09| Dealer sold: Volkswagen A2, 1992
18:37:09| Factory produced: Mitsubishi Viper, 2005
18:37:09| Dealer sold: Nissan Viper, 1998
18:37:09| Dealer sold: Nissan SE, 2018
18:37:09| Factory produced: Acura Round, 2020
18:37:09| Dealer sold: Volvo Flat, 2012
18:37:09| Factory produced: Smart Ranger, 1993
18:37:09| Dealer sold: Nissan Tall, 2017
18:37:09| Factory produced: Ford Round, 2002
18:37:09| Factory produced: Subaru M5, 2008
18:37:09| Dealer sold: Mazda A2, 2001
18:37:09| Factory produced: Dodge A1, 2000
18:37:09| Dealer sold: Fiat Tall, 2011
18:37:09| Dealer sold: Mitsubishi Viper, 2005
18:37:09| Factory produced: Chevrolet Ranger, 2017
18:37:09| Factory produced: Chrysler Sport, 2022
18:37:09| Dealer sold: Acura Round, 2020
18:37:09| Dealer sold: Smart Ranger, 1993
18:37:09| Dealer sold: Ford Round, 2002
18:37:09| Factory produced: Kia XOX, 1991
18:37:09| Factory produced: Dodge Ranger, 2014
18:37:09| Dealer sold: Subaru M5, 2008
18:37:09| Factory produced: Hyundai M1X, 2003
18:37:09| Dealer sold: Dodge A1, 2000
18:37:10| Dealer sold: Chevrolet Ranger, 2017
18:37:10| Factory produced: Ford SE, 2006
18:37:10| Dealer sold: Chrysler Sport, 2022
18:37:10| Factory produced: Subaru MM, 2015
18:37:10| Dealer sold: Kia XOX, 1991
18:37:10| Dealer sold: Dodge Ranger, 2014
18:37:10| Factory produced: Acura Tall, 2005
18:37:10| Dealer sold: Hyundai M1X, 2003
18:37:10| Factory produced: Jeep Tall, 2011
18:37:10| Dealer sold: Ford SE, 2006
18:37:10| Factory produced: Buick F150, 2013
18:37:10| Factory produced: Ford Charger, 2023
18:37:10| Dealer sold: Subaru MM, 2015
18:37:10| Factory produced: Kia XL, 2016
18:37:10| Dealer sold: Acura Tall, 2005
18:37:10| Factory produced: Nissan M1, 1997
18:37:10| Factory produced: Smart XLS, 1991
18:37:10| Dealer sold: Jeep Tall, 2011
18:37:10| Dealer sold: Buick F150, 2013
18:37:10| Factory produced: Jeep G35, 2004
18:37:10| Factory produced: Smart A1, 2018
18:37:10| Dealer sold: Ford Charger, 2023
18:37:10| Dealer sold: Kia XL, 2016
18:37:10| Factory produced: Subaru RX, 2001
18:37:10| Dealer sold: Nissan M1, 1997
18:37:10| Factory produced: Jeep MM, 2018
18:37:10| Factory produced: Mazda XOX, 2002
18:37:10| Dealer sold: Smart XLS, 1991
18:37:10| Dealer sold: Jeep G35, 2004
18:37:10| Dealer sold: Smart A1, 2018
18:37:10| Factory produced: Jeep G35, 2000
18:37:10| Factory produced: Infiniti SXE, 2013
18:37:10| Dealer sold: Subaru RX, 2001
18:37:10| Dealer sold: Jeep MM, 2018
18:37:10| Factory produced: Chrysler Town, 2000
18:37:10| Factory produced: Hyundai Grand, 2012
18:37:10| Factory produced: Toyota A2, 2008
18:37:10| Dealer sold: Mazda XOX, 2002
18:37:10| Factory produced: Hyundai MM, 1999
18:37:10| Dealer sold: Jeep G35, 2000
18:37:10| Factory produced: Buick A1, 2019
18:37:10| Dealer sold: Infiniti SXE, 2013
18:37:10| Factory produced: Hyundai Ranger, 2001
18:37:10| Dealer sold: Chrysler Town, 2000
18:37:10| Factory produced: Honda Tall, 1996
18:37:10| Dealer sold: Hyundai Grand, 2012
18:37:10| Factory produced: Hyundai Flat, 1998
18:37:10| Dealer sold: Toyota A2, 2008
18:37:10| Factory produced: Smart M5, 2017
18:37:10| Factory produced: Chrysler GX, 2010
18:37:10| Dealer sold: Hyundai MM, 1999
18:37:10| Factory produced: Mitsubishi Ranger, 2008
18:37:10| Factory produced: Jeep M1, 1996
18:37:10| Dealer sold: Buick A1, 2019
18:37:10| Factory produced: Buick GX, 2003
18:37:10| Factory produced: Ford M1X, 2003
18:37:10| Dealer sold: Hyundai Ranger, 2001
18:37:10| Factory produced: Infiniti Charger, 2010
18:37:10| Dealer sold: Honda Tall, 1996
18:37:10| Factory produced: Subaru XLE, 2020
18:37:10| Dealer sold: Hyundai Flat, 1998
18:37:10| Factory produced: Subaru Super, 2010
18:37:10| Factory produced: Buick Ranger, 2023
18:37:10| Dealer sold: Smart M5, 2017
18:37:10| Dealer sold: Chrysler GX, 2010
18:37:10| Factory produced: Volkswagen SXE, 2019
18:37:10| Dealer sold: Mitsubishi Ranger, 2008
18:37:10| Factory produced: Subaru SXE, 2009
18:37:10| Dealer sold: Jeep M1, 1996
18:37:10| Factory produced: Nissan RX, 2010
18:37:10| Factory produced: Volkswagen RX, 1995
18:37:10| Dealer sold: Buick GX, 2003
18:37:10| Factory produced: Chrysler XL, 2001
18:37:10| Dealer sold: Ford M1X, 2003
18:37:10| Factory produced: Jeep G35, 1992
18:37:10| Dealer sold: Infiniti Charger, 2010
18:37:10| Factory produced: Buick Tall, 2014
18:37:10| Dealer sold: Subaru XLE, 2020
18:37:10| Factory produced: Dodge Titan, 1996
18:37:10| Dealer sold: Subaru Super, 2010
18:37:10| Factory produced: Ford G35, 2002
18:37:10| Dealer sold: Buick Ranger, 2023
18:37:10| Factory produced: Kia G35, 2002
18:37:10| Dealer sold: Volkswagen SXE, 2019
18:37:10| Dealer sold: Subaru SXE, 2009
18:37:10| Factory produced: Lexus Grand, 1996
18:37:10| Dealer sold: Nissan RX, 2010
18:37:10| Factory produced: Volkswagen Super, 1997
18:37:10| Factory produced: Dodge M1X, 1994
18:37:10| Dealer sold: Volkswagen RX, 1995
18:37:10| Factory produced: Chrysler Super, 2014
18:37:10| Dealer sold: Chrysler XL, 2001
18:37:10| Factory produced: Fiat XL, 2009
18:37:10| Dealer sold: Jeep G35, 1992
18:37:10| Factory produced: Lexus Ranger, 1992
18:37:11| Dealer sold: Buick Tall, 2014
18:37:11| Factory produced: Ford Town, 2014
18:37:11| Dealer sold: Dodge Titan, 1996
18:37:11| Factory produced: Smart XL, 2004
18:37:11| Dealer sold: Ford G35, 2002
18:37:11| Factory produced: Jeep Charger, 1993
18:37:11| Dealer sold: Kia G35, 2002
18:37:11| Factory produced: Ford Town, 2013
18:37:11| Dealer sold: Lexus Grand, 1996
18:37:11| Factory produced: Acura MM, 2012
18:37:11| Dealer sold: Volkswagen Super, 1997
18:37:11| Factory produced: Chrysler XLS, 1994
18:37:11| Dealer sold: Dodge M1X, 1994
18:37:11| Factory produced: Toyota M1, 2002
18:37:11| Dealer sold: Chrysler Super, 2014
18:37:11| Factory produced: Kia SXE, 2015
18:37:11| Dealer sold: Fiat XL, 2009
18:37:11| Factory produced: Buick Grand, 2017
18:37:11| Dealer sold: Lexus Ranger, 1992
18:37:11| Dealer sold: Ford Town, 2014
18:37:11| Dealer sold: Smart XL, 2004
18:37:11| Factory produced: Toyota MM, 2015
18:37:11| Dealer sold: Jeep Charger, 1993
18:37:11| Factory produced: Infiniti Ranger, 2013
18:37:11| Dealer sold: Ford Town, 2013
18:37:11| Dealer sold: Acura MM, 2012
18:37:11| Factory produced: Fiat G35, 2002
18:37:11| Factory produced: Subaru RX, 2011
18:37:11| Dealer sold: Chrysler XLS, 1994
18:37:11| Dealer sold: Toyota M1, 2002
18:37:11| Factory produced: Subaru G35, 2009
18:37:11| Factory produced: Buick A1, 2001
18:37:11| Dealer sold: Kia SXE, 2015
18:37:11| Factory produced: Acura RX, 2008
18:37:11| Factory produced: Hyundai XL, 1995
18:37:11| Dealer sold: Buick Grand, 2017
18:37:11| Factory produced: Kia M1X, 1993
18:37:11| Factory produced: Lexus Middle, 2008
18:37:11| Dealer sold: Toyota MM, 2015
18:37:11| Dealer sold: Infiniti Ranger, 2013
18:37:11| Dealer sold: Fiat G35, 2002
18:37:11| Factory produced: Dodge RX, 2022
18:37:11| Factory produced: Honda G35, 2001
18:37:11| Dealer sold: Subaru RX, 2011
18:37:11| Factory produced: Kia XLE, 1995
18:37:11| Factory produced: Ford Ranger, 2022
18:37:11| Dealer sold: Subaru G35, 2009
18:37:11| Factory produced: Subaru A1, 2007
18:37:11| Dealer sold: Buick A1, 2001
18:37:11| Factory produced: Mitsubishi F150, 2022
18:37:11| Dealer sold: Acura RX, 2008
18:37:11| Factory produced: Ford M1X, 2005
18:37:11| Dealer sold: Hyundai XL, 1995
18:37:11| Dealer sold: Kia M1X, 1993
18:37:11| Factory produced: Dodge Charger, 1996
18:37:11| Factory produced: Acura M1, 2011
18:37:11| Dealer sold: Lexus Middle, 2008
18:37:11| Dealer sold: Dodge RX, 2022
18:37:11| Dealer sold: Honda G35, 2001
18:37:11| Factory produced: Smart M1X, 2008
18:37:11| Factory produced: Hyundai SE, 2022
18:37:11| Dealer sold: Kia XLE, 1995
18:37:11| Factory produced: Ford Ranger, 2010
18:37:11| Dealer sold: Ford Ranger, 2022
18:37:11| Factory produced: Chrysler MM, 1990
18:37:11| Dealer sold: Subaru A1, 2007
18:37:11| Factory produced: Honda Sport, 2009
18:37:11| Dealer sold: Mitsubishi F150, 2022
18:37:11| Dealer sold: Ford M1X, 2005
18:37:11| Factory produced: Dodge G35, 1996
18:37:11| Factory produced: Volkswagen GX, 2006
18:37:11| Dealer sold: Dodge Charger, 1996
18:37:11| Factory produced: Dodge MM, 2018
18:37:11| Dealer sold: Acura M1, 2011
18:37:11| Factory produced: Mitsubishi Titan, 1992
18:37:11| Factory produced: Subaru Sport, 2000
18:37:11| Dealer sold: Smart M1X, 2008
18:37:11| Dealer sold: Hyundai SE, 2022
18:37:11| Factory produced: Volvo Grand, 2017
18:37:11| Dealer sold: Ford Ranger, 2010
18:37:11| Dealer sold: Chrysler MM, 1990
18:37:11| Factory produced: Dodge GX, 2024
18:37:11| Factory produced: Fiat M1, 2020
18:37:11| Dealer sold: Honda Sport, 2009
18:37:11| Factory produced: Buick SXE, 2008
18:37:11| Dealer sold: Dodge G35, 1996
18:37:11| Dealer sold: Volkswagen GX, 2006
18:37:11| Dealer sold: Dodge MM, 2018
18:37:11| Factory produced: Fiat MM, 2018
18:37:11| Dealer sold: Mitsubishi Titan, 1992
18:37:11| Dealer sold: Subaru Sport, 2000
18:37:11| Factory produced: Mazda RX, 2021
18:37:11| Dealer sold: Volvo Grand, 2017
18:37:11| Factory produced: Mitsubishi F150, 1996
18:37:11| Factory: Production complete!
18:37:11| Dealer sold: Dodge GX, 2024
18:37:11| Dealer sold: Fiat M1, 2020
18:37:11| Dealer sold: Buick SXE, 2008
18:37:12| Dealer sold: Fiat MM, 2018
18:37:12| Dealer sold: Mazda RX, 2021
18:37:12| Dealer sold: Mitsubishi F150, 1996
18:37:12| Dealer: Received termination signal.
18:37:12| All 500 have been created and sold. = 10.13283980
