14:03:06| Starting to retrieve data from the server
14:03:08| Title       : Revenge Of The Sith
14:03:08| Director    : George Lucas
14:03:08| Producer    : Rick Mccallum
14:03:08| Release_Date: 2005-05-19
14:03:08| 
14:03:08| Characters: 34
14:03:09| Adi Gallia, Anakin Skywalker, Ayla Secura, Bail Prestor Organa, Beru Whitesun Lars, C-3Po, Chewbacca, Darth Vader, Dooku, Eeth Koth, Grievous, Ki-Adi-Mundi, Kit Fisto, Leia Organa, Luke Skywalker, Luminara Unduli, Mace Windu, Nute Gunray, Obi-Wan Kenobi, Owen Lars, Padmé Amidala, Palpatine, Plo Koon, Poggle The Lesser, R2-D2, R4-P17, Raymus Antilles, Saesee Tiin, Shaak Ti, Sly Moore, Tarfful, Tion Medon, Wilhuff Tarkin, Yoda
14:03:09| 
14:03:09| Planets: 13
14:03:10| Alderaan, Cato Neimoidia, Coruscant, Dagobah, Felucia, Kashyyyk, Mustafar, Mygeeto, Naboo, Polis Massa, Saleucami, Tatooine, Utapau
14:03:10| 
14:03:10| Starships: 12
14:03:11| Arc-170, Banking Clan Frigte, Belbullab-22 Starfighter, Cr90 Corvette, Droid Control Ship, Jedi Interceptor, Jedi Starfighter, Naboo Star Skiff, Republic Attack Cruiser, Theta-Class T-2C Shuttle, Trade Federation Cruiser, V-Wing
14:03:11| 
14:03:11| Vehicles: 13
14:03:12| At-Rt, At-Te, Clone Turbo Tank, Corporate Alliance Tank Droid, Droid Gunship, Droid Tri-Fighter, Emergency Firespeeder, Laat/I, Neimoidian Shuttle, Oevvaor Jet Catamaran, Raddaugh Gnasp Fluttercraft, Tsmeu-6 Personal Wheel Bike, Vulture Droid
14:03:12| 
14:03:12| Species: 20
14:03:13| Cerean, Chagrian, Clawdite, Droid, Geonosian, Human, Iktotchi, Kaleesh, Kel Dor, Mirialan, Muun, Pau An, Quermian, Skakoan, Tholothian, Togruta, Toong, Twi Lek, Wookie, Yoda Species
14:03:13| 
14:03:13| Total Time To complete = 7.63165090
14:03:13| There were 94 calls to the server
